{"/Users/casu/Documents/Colony/src/calculator.ts": {"path":"/Users/casu/Documents/Colony/src/calculator.ts","statementMap":{"0":{"start":{"line":1,"column":52},"end":{"line":1,"column":66}},"1":{"start":{"line":1,"column":125},"end":{"line":1,"column":139}}},"fnMap":{"0":{"name":"add","decl":{"start":{"line":1,"column":16},"end":{"line":1,"column":20}},"loc":{"start":{"line":1,"column":50},"end":{"line":1,"column":75}},"line":1},"1":{"name":"subtract","decl":{"start":{"line":1,"column":84},"end":{"line":1,"column":93}},"loc":{"start":{"line":1,"column":123},"end":{"line":1,"column":null}},"line":1}},"branchMap":{},"s":{"0":1,"1":1},"f":{"0":1,"1":1},"b":{},"meta":{"lastBranch":0,"lastFunction":2,"lastStatement":2,"seen":{"f:1:16:1:20":0,"s:1:52:1:66":0,"f:1:84:1:93":1,"s:1:125:1:139":1}}}
}
