{"/Users/casu/Documents/Colony/.worktrees/task-df22275d/src/calculator.ts": {"path":"/Users/casu/Documents/Colony/.worktrees/task-df22275d/src/calculator.ts","statementMap":{"0":{"start":{"line":2,"column":2},"end":{"line":2,"column":null}},"1":{"start":{"line":6,"column":2},"end":{"line":6,"column":null}}},"fnMap":{"0":{"name":"add","decl":{"start":{"line":1,"column":16},"end":{"line":1,"column":20}},"loc":{"start":{"line":1,"column":50},"end":{"line":3,"column":null}},"line":1},"1":{"name":"subtract","decl":{"start":{"line":5,"column":16},"end":{"line":5,"column":25}},"loc":{"start":{"line":5,"column":55},"end":{"line":7,"column":null}},"line":5}},"branchMap":{},"s":{"0":1,"1":1},"f":{"0":1,"1":1},"b":{},"meta":{"lastBranch":0,"lastFunction":2,"lastStatement":2,"seen":{"f:1:16:1:20":0,"s:2:2:2:Infinity":0,"f:5:16:5:25":1,"s:6:2:6:Infinity":1}}}
,"/Users/casu/Documents/Colony/.worktrees/task-df22275d/src/agent/Agent.ts": {"path":"/Users/casu/Documents/Colony/.worktrees/task-df22275d/src/agent/Agent.ts","statementMap":{"0":{"start":{"line":29,"column":12},"end":{"line":29,"column":null}},"1":{"start":{"line":40,"column":22},"end":{"line":40,"column":null}},"2":{"start":{"line":43,"column":34},"end":{"line":43,"column":null}},"3":{"start":{"line":44,"column":38},"end":{"line":44,"column":null}},"4":{"start":{"line":45,"column":25},"end":{"line":45,"column":null}},"5":{"start":{"line":46,"column":32},"end":{"line":46,"column":null}},"6":{"start":{"line":59,"column":31},"end":{"line":59,"column":null}},"7":{"start":{"line":62,"column":32},"end":{"line":62,"column":null}},"8":{"start":{"line":201,"column":51},"end":{"line":201,"column":null}},"9":{"start":{"line":71,"column":8},"end":{"line":71,"column":null}},"10":{"start":{"line":72,"column":8},"end":{"line":72,"column":null}},"11":{"start":{"line":73,"column":8},"end":{"line":73,"column":null}},"12":{"start":{"line":74,"column":8},"end":{"line":74,"column":null}},"13":{"start":{"line":75,"column":8},"end":{"line":75,"column":null}},"14":{"start":{"line":76,"column":8},"end":{"line":76,"column":null}},"15":{"start":{"line":77,"column":8},"end":{"line":77,"column":null}},"16":{"start":{"line":78,"column":8},"end":{"line":78,"column":null}},"17":{"start":{"line":79,"column":8},"end":{"line":79,"column":null}},"18":{"start":{"line":80,"column":8},"end":{"line":86,"column":null}},"19":{"start":{"line":87,"column":8},"end":{"line":87,"column":null}},"20":{"start":{"line":88,"column":8},"end":{"line":88,"column":null}},"21":{"start":{"line":90,"column":8},"end":{"line":90,"column":null}},"22":{"start":{"line":96,"column":8},"end":{"line":96,"column":null}},"23":{"start":{"line":103,"column":27},"end":{"line":103,"column":null}},"24":{"start":{"line":104,"column":8},"end":{"line":109,"column":null}},"25":{"start":{"line":105,"column":12},"end":{"line":105,"column":null}},"26":{"start":{"line":106,"column":12},"end":{"line":106,"column":null}},"27":{"start":{"line":107,"column":12},"end":{"line":107,"column":null}},"28":{"start":{"line":108,"column":12},"end":{"line":108,"column":null}},"29":{"start":{"line":119,"column":8},"end":{"line":119,"column":null}},"30":{"start":{"line":119,"column":43},"end":{"line":119,"column":null}},"31":{"start":{"line":121,"column":28},"end":{"line":121,"column":null}},"32":{"start":{"line":122,"column":8},"end":{"line":122,"column":null}},"33":{"start":{"line":125,"column":8},"end":{"line":125,"column":null}},"34":{"start":{"line":127,"column":8},"end":{"line":127,"column":null}},"35":{"start":{"line":128,"column":8},"end":{"line":128,"column":null}},"36":{"start":{"line":136,"column":30},"end":{"line":136,"column":null}},"37":{"start":{"line":137,"column":8},"end":{"line":146,"column":null}},"38":{"start":{"line":138,"column":12},"end":{"line":145,"column":null}},"39":{"start":{"line":147,"column":8},"end":{"line":147,"column":null}},"40":{"start":{"line":155,"column":25},"end":{"line":155,"column":null}},"41":{"start":{"line":156,"column":8},"end":{"line":163,"column":null}},"42":{"start":{"line":157,"column":12},"end":{"line":162,"column":null}},"43":{"start":{"line":169,"column":8},"end":{"line":169,"column":null}},"44":{"start":{"line":169,"column":29},"end":{"line":169,"column":null}},"45":{"start":{"line":170,"column":8},"end":{"line":170,"column":null}},"46":{"start":{"line":172,"column":8},"end":{"line":194,"column":null}},"47":{"start":{"line":173,"column":12},"end":{"line":191,"column":null}},"48":{"start":{"line":175,"column":28},"end":{"line":175,"column":null}},"49":{"start":{"line":176,"column":32},"end":{"line":176,"column":null}},"50":{"start":{"line":177,"column":16},"end":{"line":181,"column":null}},"51":{"start":{"line":178,"column":34},"end":{"line":178,"column":null}},"52":{"start":{"line":179,"column":20},"end":{"line":179,"column":null}},"53":{"start":{"line":180,"column":20},"end":{"line":180,"column":null}},"54":{"start":{"line":180,"column":49},"end":{"line":180,"column":75}},"55":{"start":{"line":183,"column":32},"end":{"line":183,"column":null}},"56":{"start":{"line":184,"column":16},"end":{"line":190,"column":null}},"57":{"start":{"line":185,"column":20},"end":{"line":185,"column":null}},"58":{"start":{"line":187,"column":20},"end":{"line":187,"column":null}},"59":{"start":{"line":189,"column":20},"end":{"line":189,"column":null}},"60":{"start":{"line":193,"column":12},"end":{"line":193,"column":null}},"61":{"start":{"line":208,"column":8},"end":{"line":210,"column":null}},"62":{"start":{"line":209,"column":12},"end":{"line":209,"column":null}},"63":{"start":{"line":212,"column":41},"end":{"line":212,"column":null}},"64":{"start":{"line":213,"column":8},"end":{"line":229,"column":null}},"65":{"start":{"line":214,"column":34},"end":{"line":215,"column":null}},"66":{"start":{"line":215,"column":16},"end":{"line":215,"column":null}},"67":{"start":{"line":217,"column":42},"end":{"line":217,"column":null}},"68":{"start":{"line":218,"column":41},"end":{"line":218,"column":null}},"69":{"start":{"line":219,"column":43},"end":{"line":219,"column":null}},"70":{"start":{"line":221,"column":38},"end":{"line":222,"column":null}},"71":{"start":{"line":224,"column":12},"end":{"line":226,"column":null}},"72":{"start":{"line":225,"column":16},"end":{"line":225,"column":null}},"73":{"start":{"line":228,"column":12},"end":{"line":228,"column":null}},"74":{"start":{"line":231,"column":8},"end":{"line":231,"column":null}},"75":{"start":{"line":235,"column":8},"end":{"line":239,"column":null}},"76":{"start":{"line":236,"column":12},"end":{"line":236,"column":null}},"77":{"start":{"line":236,"column":57},"end":{"line":236,"column":null}},"78":{"start":{"line":237,"column":12},"end":{"line":237,"column":null}},"79":{"start":{"line":237,"column":43},"end":{"line":237,"column":null}},"80":{"start":{"line":238,"column":12},"end":{"line":238,"column":null}},"81":{"start":{"line":243,"column":21},"end":{"line":243,"column":null}},"82":{"start":{"line":244,"column":22},"end":{"line":244,"column":null}},"83":{"start":{"line":246,"column":8},"end":{"line":248,"column":null}},"84":{"start":{"line":247,"column":12},"end":{"line":247,"column":null}},"85":{"start":{"line":250,"column":8},"end":{"line":253,"column":null}},"86":{"start":{"line":251,"column":30},"end":{"line":251,"column":null}},"87":{"start":{"line":252,"column":12},"end":{"line":252,"column":null}},"88":{"start":{"line":255,"column":8},"end":{"line":277,"column":null}},"89":{"start":{"line":256,"column":28},"end":{"line":256,"column":null}},"90":{"start":{"line":258,"column":22},"end":{"line":258,"column":null}},"91":{"start":{"line":259,"column":12},"end":{"line":262,"column":null}},"92":{"start":{"line":260,"column":32},"end":{"line":260,"column":null}},"93":{"start":{"line":261,"column":16},"end":{"line":261,"column":null}},"94":{"start":{"line":261,"column":29},"end":{"line":261,"column":null}},"95":{"start":{"line":263,"column":38},"end":{"line":265,"column":null}},"96":{"start":{"line":267,"column":12},"end":{"line":267,"column":null}},"97":{"start":{"line":267,"column":35},"end":{"line":267,"column":null}},"98":{"start":{"line":271,"column":12},"end":{"line":274,"column":null}},"99":{"start":{"line":272,"column":35},"end":{"line":272,"column":null}},"100":{"start":{"line":273,"column":16},"end":{"line":273,"column":null}},"101":{"start":{"line":273,"column":41},"end":{"line":273,"column":71}},"102":{"start":{"line":273,"column":74},"end":{"line":273,"column":null}},"103":{"start":{"line":276,"column":12},"end":{"line":276,"column":null}},"104":{"start":{"line":279,"column":8},"end":{"line":279,"column":null}},"105":{"start":{"line":283,"column":21},"end":{"line":283,"column":null}},"106":{"start":{"line":284,"column":22},"end":{"line":284,"column":null}},"107":{"start":{"line":285,"column":35},"end":{"line":288,"column":null}},"108":{"start":{"line":290,"column":39},"end":{"line":293,"column":null}},"109":{"start":{"line":295,"column":44},"end":{"line":301,"column":null}},"110":{"start":{"line":303,"column":29},"end":{"line":303,"column":null}},"111":{"start":{"line":303,"column":64},"end":{"line":303,"column":102}},"112":{"start":{"line":305,"column":8},"end":{"line":307,"column":null}},"113":{"start":{"line":306,"column":12},"end":{"line":306,"column":null}},"114":{"start":{"line":309,"column":8},"end":{"line":309,"column":null}},"115":{"start":{"line":313,"column":8},"end":{"line":313,"column":null}},"116":{"start":{"line":313,"column":24},"end":{"line":313,"column":null}},"117":{"start":{"line":315,"column":8},"end":{"line":322,"column":null}},"118":{"start":{"line":316,"column":27},"end":{"line":316,"column":null}},"119":{"start":{"line":317,"column":28},"end":{"line":317,"column":null}},"120":{"start":{"line":318,"column":12},"end":{"line":320,"column":null}},"121":{"start":{"line":319,"column":16},"end":{"line":319,"column":null}},"122":{"start":{"line":321,"column":12},"end":{"line":321,"column":null}},"123":{"start":{"line":324,"column":8},"end":{"line":324,"column":null}},"124":{"start":{"line":324,"column":43},"end":{"line":324,"column":null}},"125":{"start":{"line":325,"column":21},"end":{"line":325,"column":null}},"126":{"start":{"line":326,"column":8},"end":{"line":326,"column":null}},"127":{"start":{"line":326,"column":19},"end":{"line":326,"column":null}},"128":{"start":{"line":327,"column":23},"end":{"line":327,"column":null}},"129":{"start":{"line":328,"column":8},"end":{"line":333,"column":null}},"130":{"start":{"line":329,"column":28},"end":{"line":329,"column":null}},"131":{"start":{"line":330,"column":12},"end":{"line":332,"column":null}},"132":{"start":{"line":331,"column":16},"end":{"line":331,"column":null}},"133":{"start":{"line":335,"column":33},"end":{"line":335,"column":null}},"134":{"start":{"line":336,"column":8},"end":{"line":342,"column":null}},"135":{"start":{"line":337,"column":30},"end":{"line":337,"column":null}},"136":{"start":{"line":338,"column":28},"end":{"line":338,"column":null}},"137":{"start":{"line":339,"column":12},"end":{"line":341,"column":null}},"138":{"start":{"line":340,"column":16},"end":{"line":340,"column":null}},"139":{"start":{"line":344,"column":8},"end":{"line":344,"column":null}},"140":{"start":{"line":348,"column":8},"end":{"line":348,"column":null}},"141":{"start":{"line":348,"column":24},"end":{"line":348,"column":null}},"142":{"start":{"line":349,"column":8},"end":{"line":349,"column":null}},"143":{"start":{"line":349,"column":43},"end":{"line":349,"column":null}},"144":{"start":{"line":350,"column":8},"end":{"line":350,"column":null}},"145":{"start":{"line":350,"column":43},"end":{"line":350,"column":null}},"146":{"start":{"line":351,"column":8},"end":{"line":359,"column":null}},"147":{"start":{"line":352,"column":27},"end":{"line":352,"column":null}},"148":{"start":{"line":353,"column":12},"end":{"line":355,"column":null}},"149":{"start":{"line":354,"column":16},"end":{"line":354,"column":null}},"150":{"start":{"line":356,"column":12},"end":{"line":356,"column":null}},"151":{"start":{"line":358,"column":12},"end":{"line":358,"column":null}},"152":{"start":{"line":363,"column":8},"end":{"line":363,"column":null}},"153":{"start":{"line":366,"column":25},"end":{"line":366,"column":null}},"154":{"start":{"line":367,"column":8},"end":{"line":371,"column":null}},"155":{"start":{"line":368,"column":12},"end":{"line":368,"column":null}},"156":{"start":{"line":369,"column":12},"end":{"line":369,"column":null}},"157":{"start":{"line":370,"column":12},"end":{"line":370,"column":null}},"158":{"start":{"line":373,"column":8},"end":{"line":659,"column":null}},"159":{"start":{"line":375,"column":12},"end":{"line":654,"column":null}},"160":{"start":{"line":376,"column":36},"end":{"line":376,"column":null}},"161":{"start":{"line":377,"column":28},"end":{"line":377,"column":null}},"162":{"start":{"line":378,"column":51},"end":{"line":378,"column":null}},"163":{"start":{"line":381,"column":35},"end":{"line":381,"column":null}},"164":{"start":{"line":382,"column":16},"end":{"line":382,"column":null}},"165":{"start":{"line":386,"column":41},"end":{"line":386,"column":null}},"166":{"start":{"line":387,"column":16},"end":{"line":389,"column":null}},"167":{"start":{"line":388,"column":20},"end":{"line":388,"column":null}},"168":{"start":{"line":390,"column":40},"end":{"line":390,"column":null}},"169":{"start":{"line":393,"column":36},"end":{"line":401,"column":null}},"170":{"start":{"line":403,"column":16},"end":{"line":634,"column":null}},"171":{"start":{"line":404,"column":20},"end":{"line":404,"column":null}},"172":{"start":{"line":406,"column":42},"end":{"line":406,"column":null}},"173":{"start":{"line":409,"column":45},"end":{"line":409,"column":null}},"174":{"start":{"line":410,"column":20},"end":{"line":445,"column":null}},"175":{"start":{"line":411,"column":39},"end":{"line":411,"column":null}},"176":{"start":{"line":412,"column":24},"end":{"line":444,"column":null}},"177":{"start":{"line":413,"column":28},"end":{"line":413,"column":null}},"178":{"start":{"line":414,"column":43},"end":{"line":414,"column":null}},"179":{"start":{"line":415,"column":28},"end":{"line":441,"column":null}},"180":{"start":{"line":416,"column":32},"end":{"line":416,"column":null}},"181":{"start":{"line":419,"column":32},"end":{"line":419,"column":null}},"182":{"start":{"line":422,"column":32},"end":{"line":427,"column":null}},"183":{"start":{"line":423,"column":36},"end":{"line":423,"column":null}},"184":{"start":{"line":424,"column":36},"end":{"line":424,"column":null}},"185":{"start":{"line":426,"column":36},"end":{"line":426,"column":null}},"186":{"start":{"line":431,"column":32},"end":{"line":440,"column":null}},"187":{"start":{"line":442,"column":24},"end":{"line":444,"column":null}},"188":{"start":{"line":443,"column":28},"end":{"line":443,"column":null}},"189":{"start":{"line":447,"column":44},"end":{"line":447,"column":null}},"190":{"start":{"line":449,"column":20},"end":{"line":449,"column":null}},"191":{"start":{"line":452,"column":39},"end":{"line":455,"column":null}},"192":{"start":{"line":456,"column":38},"end":{"line":456,"column":null}},"193":{"start":{"line":457,"column":20},"end":{"line":457,"column":null}},"194":{"start":{"line":459,"column":39},"end":{"line":459,"column":null}},"195":{"start":{"line":460,"column":20},"end":{"line":460,"column":null}},"196":{"start":{"line":462,"column":20},"end":{"line":633,"column":null}},"197":{"start":{"line":463,"column":39},"end":{"line":491,"column":null}},"198":{"start":{"line":488,"column":36},"end":{"line":488,"column":null}},"199":{"start":{"line":494,"column":24},"end":{"line":494,"column":null}},"200":{"start":{"line":495,"column":24},"end":{"line":495,"column":null}},"201":{"start":{"line":496,"column":24},"end":{"line":496,"column":null}},"202":{"start":{"line":499,"column":24},"end":{"line":530,"column":null}},"203":{"start":{"line":500,"column":46},"end":{"line":500,"column":null}},"204":{"start":{"line":502,"column":43},"end":{"line":502,"column":null}},"205":{"start":{"line":503,"column":28},"end":{"line":511,"column":null}},"206":{"start":{"line":505,"column":32},"end":{"line":510,"column":null}},"207":{"start":{"line":514,"column":28},"end":{"line":521,"column":null}},"208":{"start":{"line":524,"column":28},"end":{"line":529,"column":null}},"209":{"start":{"line":525,"column":48},"end":{"line":525,"column":null}},"210":{"start":{"line":526,"column":32},"end":{"line":528,"column":null}},"211":{"start":{"line":527,"column":36},"end":{"line":527,"column":null}},"212":{"start":{"line":533,"column":24},"end":{"line":549,"column":null}},"213":{"start":{"line":534,"column":28},"end":{"line":539,"column":null}},"214":{"start":{"line":540,"column":28},"end":{"line":540,"column":null}},"215":{"start":{"line":543,"column":28},"end":{"line":547,"column":null}},"216":{"start":{"line":548,"column":28},"end":{"line":548,"column":null}},"217":{"start":{"line":552,"column":42},"end":{"line":552,"column":null}},"218":{"start":{"line":553,"column":47},"end":{"line":553,"column":null}},"219":{"start":{"line":555,"column":24},"end":{"line":557,"column":null}},"220":{"start":{"line":556,"column":28},"end":{"line":556,"column":null}},"221":{"start":{"line":556,"column":110},"end":{"line":556,"column":143}},"222":{"start":{"line":559,"column":24},"end":{"line":563,"column":null}},"223":{"start":{"line":562,"column":28},"end":{"line":562,"column":null}},"224":{"start":{"line":565,"column":41},"end":{"line":565,"column":null}},"225":{"start":{"line":567,"column":24},"end":{"line":583,"column":null}},"226":{"start":{"line":570,"column":28},"end":{"line":582,"column":null}},"227":{"start":{"line":572,"column":49},"end":{"line":572,"column":null}},"228":{"start":{"line":573,"column":49},"end":{"line":573,"column":null}},"229":{"start":{"line":574,"column":53},"end":{"line":574,"column":null}},"230":{"start":{"line":576,"column":32},"end":{"line":576,"column":null}},"231":{"start":{"line":577,"column":32},"end":{"line":577,"column":null}},"232":{"start":{"line":578,"column":32},"end":{"line":578,"column":null}},"233":{"start":{"line":581,"column":32},"end":{"line":581,"column":null}},"234":{"start":{"line":587,"column":24},"end":{"line":587,"column":null}},"235":{"start":{"line":587,"column":84},"end":{"line":587,"column":90}},"236":{"start":{"line":589,"column":44},"end":{"line":589,"column":null}},"237":{"start":{"line":589,"column":66},"end":{"line":589,"column":75}},"238":{"start":{"line":589,"column":86},"end":{"line":589,"column":92}},"239":{"start":{"line":593,"column":41},"end":{"line":593,"column":null}},"240":{"start":{"line":594,"column":41},"end":{"line":594,"column":null}},"241":{"start":{"line":595,"column":45},"end":{"line":595,"column":null}},"242":{"start":{"line":597,"column":24},"end":{"line":602,"column":null}},"243":{"start":{"line":598,"column":28},"end":{"line":598,"column":null}},"244":{"start":{"line":601,"column":28},"end":{"line":601,"column":null}},"245":{"start":{"line":601,"column":83},"end":{"line":601,"column":89}},"246":{"start":{"line":604,"column":24},"end":{"line":604,"column":null}},"247":{"start":{"line":605,"column":24},"end":{"line":605,"column":null}},"248":{"start":{"line":607,"column":45},"end":{"line":607,"column":null}},"249":{"start":{"line":611,"column":24},"end":{"line":618,"column":null}},"250":{"start":{"line":614,"column":28},"end":{"line":614,"column":null}},"251":{"start":{"line":615,"column":28},"end":{"line":615,"column":null}},"252":{"start":{"line":617,"column":28},"end":{"line":617,"column":null}},"253":{"start":{"line":620,"column":24},"end":{"line":625,"column":null}},"254":{"start":{"line":621,"column":28},"end":{"line":621,"column":null}},"255":{"start":{"line":622,"column":28},"end":{"line":622,"column":null}},"256":{"start":{"line":624,"column":28},"end":{"line":624,"column":null}},"257":{"start":{"line":628,"column":24},"end":{"line":628,"column":null}},"258":{"start":{"line":629,"column":24},"end":{"line":629,"column":null}},"259":{"start":{"line":630,"column":24},"end":{"line":630,"column":null}},"260":{"start":{"line":632,"column":24},"end":{"line":632,"column":null}},"261":{"start":{"line":637,"column":16},"end":{"line":644,"column":null}},"262":{"start":{"line":638,"column":20},"end":{"line":638,"column":null}},"263":{"start":{"line":639,"column":20},"end":{"line":643,"column":null}},"264":{"start":{"line":646,"column":16},"end":{"line":646,"column":null}},"265":{"start":{"line":648,"column":32},"end":{"line":648,"column":null}},"266":{"start":{"line":649,"column":16},"end":{"line":652,"column":null}},"267":{"start":{"line":658,"column":12},"end":{"line":658,"column":null}},"268":{"start":{"line":666,"column":32},"end":{"line":666,"column":null}},"269":{"start":{"line":667,"column":8},"end":{"line":669,"column":null}},"270":{"start":{"line":668,"column":12},"end":{"line":668,"column":null}},"271":{"start":{"line":672,"column":8},"end":{"line":703,"column":null}},"272":{"start":{"line":673,"column":12},"end":{"line":702,"column":null}},"273":{"start":{"line":675,"column":39},"end":{"line":675,"column":null}},"274":{"start":{"line":678,"column":44},"end":{"line":678,"column":null}},"275":{"start":{"line":681,"column":38},"end":{"line":681,"column":null}},"276":{"start":{"line":683,"column":16},"end":{"line":697,"column":null}},"277":{"start":{"line":699,"column":16},"end":{"line":699,"column":null}},"278":{"start":{"line":701,"column":16},"end":{"line":701,"column":null}},"279":{"start":{"line":710,"column":8},"end":{"line":721,"column":null}},"280":{"start":{"line":711,"column":32},"end":{"line":711,"column":null}},"281":{"start":{"line":712,"column":33},"end":{"line":712,"column":null}},"282":{"start":{"line":713,"column":12},"end":{"line":713,"column":null}},"283":{"start":{"line":713,"column":46},"end":{"line":713,"column":null}},"284":{"start":{"line":715,"column":25},"end":{"line":715,"column":null}},"285":{"start":{"line":716,"column":29},"end":{"line":716,"column":null}},"286":{"start":{"line":717,"column":12},"end":{"line":717,"column":null}},"287":{"start":{"line":719,"column":12},"end":{"line":719,"column":null}},"288":{"start":{"line":720,"column":12},"end":{"line":720,"column":null}},"289":{"start":{"line":729,"column":32},"end":{"line":729,"column":null}},"290":{"start":{"line":732,"column":8},"end":{"line":734,"column":null}},"291":{"start":{"line":733,"column":12},"end":{"line":733,"column":null}},"292":{"start":{"line":737,"column":8},"end":{"line":739,"column":null}},"293":{"start":{"line":738,"column":12},"end":{"line":738,"column":null}},"294":{"start":{"line":742,"column":8},"end":{"line":779,"column":null}},"295":{"start":{"line":743,"column":30},"end":{"line":743,"column":null}},"296":{"start":{"line":744,"column":31},"end":{"line":744,"column":null}},"297":{"start":{"line":746,"column":12},"end":{"line":778,"column":null}},"298":{"start":{"line":748,"column":16},"end":{"line":750,"column":null}},"299":{"start":{"line":749,"column":20},"end":{"line":749,"column":null}},"300":{"start":{"line":753,"column":16},"end":{"line":770,"column":null}},"301":{"start":{"line":754,"column":34},"end":{"line":754,"column":null}},"302":{"start":{"line":755,"column":20},"end":{"line":769,"column":null}},"303":{"start":{"line":756,"column":43},"end":{"line":756,"column":null}},"304":{"start":{"line":757,"column":47},"end":{"line":757,"column":null}},"305":{"start":{"line":760,"column":24},"end":{"line":763,"column":null}},"306":{"start":{"line":762,"column":28},"end":{"line":762,"column":null}},"307":{"start":{"line":765,"column":24},"end":{"line":765,"column":null}},"308":{"start":{"line":767,"column":24},"end":{"line":767,"column":null}},"309":{"start":{"line":768,"column":24},"end":{"line":768,"column":null}},"310":{"start":{"line":773,"column":16},"end":{"line":773,"column":null}},"311":{"start":{"line":774,"column":16},"end":{"line":774,"column":null}},"312":{"start":{"line":776,"column":16},"end":{"line":776,"column":null}},"313":{"start":{"line":777,"column":16},"end":{"line":777,"column":null}},"314":{"start":{"line":783,"column":8},"end":{"line":783,"column":null}},"315":{"start":{"line":783,"column":36},"end":{"line":783,"column":null}},"316":{"start":{"line":784,"column":8},"end":{"line":784,"column":null}},"317":{"start":{"line":785,"column":8},"end":{"line":785,"column":null}}},"fnMap":{"0":{"name":"(anonymous_0)","decl":{"start":{"line":64,"column":4},"end":{"line":64,"column":null}},"loc":{"start":{"line":70,"column":6},"end":{"line":91,"column":null}},"line":70},"1":{"name":"(anonymous_1)","decl":{"start":{"line":95,"column":4},"end":{"line":95,"column":29}},"loc":{"start":{"line":95,"column":29},"end":{"line":97,"column":null}},"line":95},"2":{"name":"(anonymous_2)","decl":{"start":{"line":102,"column":4},"end":{"line":102,"column":24}},"loc":{"start":{"line":102,"column":46},"end":{"line":110,"column":null}},"line":102},"3":{"name":"(anonymous_3)","decl":{"start":{"line":117,"column":10},"end":{"line":117,"column":25}},"loc":{"start":{"line":117,"column":58},"end":{"line":129,"column":null}},"line":117},"4":{"name":"(anonymous_4)","decl":{"start":{"line":135,"column":4},"end":{"line":135,"column":21}},"loc":{"start":{"line":135,"column":37},"end":{"line":148,"column":null}},"line":135},"5":{"name":"(anonymous_5)","decl":{"start":{"line":153,"column":4},"end":{"line":153,"column":19}},"loc":{"start":{"line":153,"column":60},"end":{"line":164,"column":null}},"line":153},"6":{"name":"(anonymous_6)","decl":{"start":{"line":168,"column":18},"end":{"line":168,"column":48}},"loc":{"start":{"line":168,"column":48},"end":{"line":195,"column":null}},"line":168},"7":{"name":"(anonymous_7)","decl":{"start":{"line":180,"column":38},"end":{"line":180,"column":49}},"loc":{"start":{"line":180,"column":49},"end":{"line":180,"column":75}},"line":180},"8":{"name":"(anonymous_8)","decl":{"start":{"line":207,"column":12},"end":{"line":207,"column":35}},"loc":{"start":{"line":207,"column":69},"end":{"line":232,"column":null}},"line":207},"9":{"name":"(anonymous_9)","decl":{"start":{"line":214,"column":34},"end":{"line":214,"column":35}},"loc":{"start":{"line":215,"column":16},"end":{"line":215,"column":null}},"line":215},"10":{"name":"(anonymous_10)","decl":{"start":{"line":234,"column":12},"end":{"line":234,"column":37}},"loc":{"start":{"line":234,"column":73},"end":{"line":240,"column":null}},"line":234},"11":{"name":"(anonymous_11)","decl":{"start":{"line":235,"column":30},"end":{"line":235,"column":31}},"loc":{"start":{"line":235,"column":44},"end":{"line":239,"column":9}},"line":235},"12":{"name":"(anonymous_12)","decl":{"start":{"line":242,"column":12},"end":{"line":242,"column":36}},"loc":{"start":{"line":242,"column":69},"end":{"line":280,"column":null}},"line":242},"13":{"name":"(anonymous_13)","decl":{"start":{"line":273,"column":36},"end":{"line":273,"column":41}},"loc":{"start":{"line":273,"column":41},"end":{"line":273,"column":71}},"line":273},"14":{"name":"(anonymous_14)","decl":{"start":{"line":282,"column":12},"end":{"line":282,"column":41}},"loc":{"start":{"line":282,"column":74},"end":{"line":310,"column":null}},"line":282},"15":{"name":"(anonymous_15)","decl":{"start":{"line":303,"column":51},"end":{"line":303,"column":64}},"loc":{"start":{"line":303,"column":64},"end":{"line":303,"column":102}},"line":303},"16":{"name":"(anonymous_16)","decl":{"start":{"line":312,"column":12},"end":{"line":312,"column":35}},"loc":{"start":{"line":312,"column":64},"end":{"line":345,"column":null}},"line":312},"17":{"name":"(anonymous_17)","decl":{"start":{"line":347,"column":12},"end":{"line":347,"column":31}},"loc":{"start":{"line":347,"column":83},"end":{"line":360,"column":null}},"line":347},"18":{"name":"(anonymous_18)","decl":{"start":{"line":362,"column":18},"end":{"line":362,"column":32}},"loc":{"start":{"line":362,"column":65},"end":{"line":660,"column":null}},"line":362},"19":{"name":"(anonymous_19)","decl":{"start":{"line":422,"column":75},"end":{"line":422,"column":85}},"loc":{"start":{"line":422,"column":85},"end":{"line":425,"column":33}},"line":422},"20":{"name":"(anonymous_20)","decl":{"start":{"line":425,"column":41},"end":{"line":425,"column":48}},"loc":{"start":{"line":425,"column":48},"end":{"line":427,"column":33}},"line":425},"21":{"name":"(anonymous_21)","decl":{"start":{"line":486,"column":48},"end":{"line":486,"column":49}},"loc":{"start":{"line":486,"column":71},"end":{"line":489,"column":null}},"line":486},"22":{"name":"(anonymous_22)","decl":{"start":{"line":556,"column":104},"end":{"line":556,"column":110}},"loc":{"start":{"line":556,"column":110},"end":{"line":556,"column":143}},"line":556},"23":{"name":"(anonymous_23)","decl":{"start":{"line":587,"column":79},"end":{"line":587,"column":84}},"loc":{"start":{"line":587,"column":84},"end":{"line":587,"column":90}},"line":587},"24":{"name":"(anonymous_24)","decl":{"start":{"line":589,"column":61},"end":{"line":589,"column":66}},"loc":{"start":{"line":589,"column":66},"end":{"line":589,"column":75}},"line":589},"25":{"name":"(anonymous_25)","decl":{"start":{"line":589,"column":81},"end":{"line":589,"column":86}},"loc":{"start":{"line":589,"column":86},"end":{"line":589,"column":92}},"line":589},"26":{"name":"(anonymous_26)","decl":{"start":{"line":601,"column":78},"end":{"line":601,"column":83}},"loc":{"start":{"line":601,"column":83},"end":{"line":601,"column":89}},"line":601},"27":{"name":"(anonymous_27)","decl":{"start":{"line":665,"column":18},"end":{"line":665,"column":40}},"loc":{"start":{"line":665,"column":91},"end":{"line":704,"column":null}},"line":665},"28":{"name":"(anonymous_28)","decl":{"start":{"line":672,"column":31},"end":{"line":672,"column":43}},"loc":{"start":{"line":672,"column":43},"end":{"line":703,"column":9}},"line":672},"29":{"name":"(anonymous_29)","decl":{"start":{"line":709,"column":18},"end":{"line":709,"column":42}},"loc":{"start":{"line":709,"column":87},"end":{"line":722,"column":null}},"line":709},"30":{"name":"(anonymous_30)","decl":{"start":{"line":728,"column":18},"end":{"line":728,"column":39}},"loc":{"start":{"line":728,"column":74},"end":{"line":780,"column":null}},"line":728},"31":{"name":"(anonymous_31)","decl":{"start":{"line":782,"column":12},"end":{"line":782,"column":22}},"loc":{"start":{"line":782,"column":49},"end":{"line":786,"column":null}},"line":782}},"branchMap":{"0":{"loc":{"start":{"line":82,"column":24},"end":{"line":85,"column":null}},"type":"cond-expr","locations":[{"start":{"line":82,"column":53},"end":{"line":85,"column":16}},{"start":{"line":85,"column":16},"end":{"line":85,"column":null}}],"line":82},"1":{"loc":{"start":{"line":83,"column":22},"end":{"line":83,"column":null}},"type":"binary-expr","locations":[{"start":{"line":83,"column":22},"end":{"line":83,"column":56}},{"start":{"line":83,"column":56},"end":{"line":83,"column":null}}],"line":83},"2":{"loc":{"start":{"line":84,"column":22},"end":{"line":84,"column":null}},"type":"binary-expr","locations":[{"start":{"line":84,"column":22},"end":{"line":84,"column":56}},{"start":{"line":84,"column":56},"end":{"line":84,"column":null}}],"line":84},"3":{"loc":{"start":{"line":104,"column":8},"end":{"line":109,"column":null}},"type":"if","locations":[{"start":{"line":104,"column":8},"end":{"line":109,"column":null}},{"start":{},"end":{}}],"line":104},"4":{"loc":{"start":{"line":119,"column":8},"end":{"line":119,"column":null}},"type":"if","locations":[{"start":{"line":119,"column":8},"end":{"line":119,"column":null}},{"start":{},"end":{}}],"line":119},"5":{"loc":{"start":{"line":122,"column":86},"end":{"line":122,"column":130}},"type":"cond-expr","locations":[{"start":{"line":122,"column":100},"end":{"line":122,"column":118}},{"start":{"line":122,"column":118},"end":{"line":122,"column":130}}],"line":122},"6":{"loc":{"start":{"line":137,"column":8},"end":{"line":146,"column":null}},"type":"if","locations":[{"start":{"line":137,"column":8},"end":{"line":146,"column":null}},{"start":{},"end":{}}],"line":137},"7":{"loc":{"start":{"line":156,"column":8},"end":{"line":163,"column":null}},"type":"if","locations":[{"start":{"line":156,"column":8},"end":{"line":163,"column":null}},{"start":{},"end":{}}],"line":156},"8":{"loc":{"start":{"line":169,"column":8},"end":{"line":169,"column":null}},"type":"if","locations":[{"start":{"line":169,"column":8},"end":{"line":169,"column":null}},{"start":{},"end":{}}],"line":169},"9":{"loc":{"start":{"line":177,"column":16},"end":{"line":181,"column":null}},"type":"if","locations":[{"start":{"line":177,"column":16},"end":{"line":181,"column":null}},{"start":{},"end":{}}],"line":177},"10":{"loc":{"start":{"line":208,"column":8},"end":{"line":210,"column":null}},"type":"if","locations":[{"start":{"line":208,"column":8},"end":{"line":210,"column":null}},{"start":{},"end":{}}],"line":208},"11":{"loc":{"start":{"line":213,"column":8},"end":{"line":229,"column":null}},"type":"if","locations":[{"start":{"line":213,"column":8},"end":{"line":229,"column":null}},{"start":{},"end":{}}],"line":213},"12":{"loc":{"start":{"line":221,"column":38},"end":{"line":222,"column":null}},"type":"binary-expr","locations":[{"start":{"line":221,"column":38},"end":{"line":221,"column":null}},{"start":{"line":222,"column":19},"end":{"line":222,"column":null}}],"line":221},"13":{"loc":{"start":{"line":224,"column":12},"end":{"line":226,"column":null}},"type":"if","locations":[{"start":{"line":224,"column":12},"end":{"line":226,"column":null}},{"start":{},"end":{}}],"line":224},"14":{"loc":{"start":{"line":236,"column":12},"end":{"line":236,"column":null}},"type":"if","locations":[{"start":{"line":236,"column":12},"end":{"line":236,"column":null}},{"start":{},"end":{}}],"line":236},"15":{"loc":{"start":{"line":237,"column":12},"end":{"line":237,"column":null}},"type":"if","locations":[{"start":{"line":237,"column":12},"end":{"line":237,"column":null}},{"start":{},"end":{}}],"line":237},"16":{"loc":{"start":{"line":243,"column":21},"end":{"line":243,"column":null}},"type":"binary-expr","locations":[{"start":{"line":243,"column":21},"end":{"line":243,"column":53}},{"start":{"line":243,"column":53},"end":{"line":243,"column":null}}],"line":243},"17":{"loc":{"start":{"line":244,"column":22},"end":{"line":244,"column":null}},"type":"binary-expr","locations":[{"start":{"line":244,"column":22},"end":{"line":244,"column":40}},{"start":{"line":244,"column":40},"end":{"line":244,"column":null}}],"line":244},"18":{"loc":{"start":{"line":246,"column":8},"end":{"line":248,"column":null}},"type":"if","locations":[{"start":{"line":246,"column":8},"end":{"line":248,"column":null}},{"start":{},"end":{}}],"line":246},"19":{"loc":{"start":{"line":246,"column":12},"end":{"line":246,"column":64}},"type":"binary-expr","locations":[{"start":{"line":246,"column":12},"end":{"line":246,"column":39}},{"start":{"line":246,"column":39},"end":{"line":246,"column":64}}],"line":246},"20":{"loc":{"start":{"line":250,"column":8},"end":{"line":253,"column":null}},"type":"if","locations":[{"start":{"line":250,"column":8},"end":{"line":253,"column":null}},{"start":{},"end":{}}],"line":250},"21":{"loc":{"start":{"line":250,"column":12},"end":{"line":250,"column":59}},"type":"binary-expr","locations":[{"start":{"line":250,"column":12},"end":{"line":250,"column":32}},{"start":{"line":250,"column":32},"end":{"line":250,"column":59}}],"line":250},"22":{"loc":{"start":{"line":251,"column":37},"end":{"line":251,"column":88}},"type":"binary-expr","locations":[{"start":{"line":251,"column":37},"end":{"line":251,"column":51}},{"start":{"line":251,"column":51},"end":{"line":251,"column":66}},{"start":{"line":251,"column":66},"end":{"line":251,"column":86}},{"start":{"line":251,"column":86},"end":{"line":251,"column":88}}],"line":251},"23":{"loc":{"start":{"line":252,"column":19},"end":{"line":252,"column":null}},"type":"binary-expr","locations":[{"start":{"line":252,"column":19},"end":{"line":252,"column":51}},{"start":{"line":252,"column":51},"end":{"line":252,"column":null}}],"line":252},"24":{"loc":{"start":{"line":255,"column":8},"end":{"line":277,"column":null}},"type":"if","locations":[{"start":{"line":255,"column":8},"end":{"line":277,"column":null}},{"start":{},"end":{}}],"line":255},"25":{"loc":{"start":{"line":255,"column":12},"end":{"line":255,"column":113}},"type":"binary-expr","locations":[{"start":{"line":255,"column":12},"end":{"line":255,"column":31}},{"start":{"line":255,"column":31},"end":{"line":255,"column":51}},{"start":{"line":255,"column":51},"end":{"line":255,"column":83}},{"start":{"line":255,"column":83},"end":{"line":255,"column":113}}],"line":255},"26":{"loc":{"start":{"line":256,"column":35},"end":{"line":256,"column":83}},"type":"binary-expr","locations":[{"start":{"line":256,"column":35},"end":{"line":256,"column":52}},{"start":{"line":256,"column":52},"end":{"line":256,"column":65}},{"start":{"line":256,"column":65},"end":{"line":256,"column":81}},{"start":{"line":256,"column":81},"end":{"line":256,"column":83}}],"line":256},"27":{"loc":{"start":{"line":258,"column":29},"end":{"line":258,"column":44}},"type":"binary-expr","locations":[{"start":{"line":258,"column":29},"end":{"line":258,"column":42}},{"start":{"line":258,"column":42},"end":{"line":258,"column":44}}],"line":258},"28":{"loc":{"start":{"line":259,"column":12},"end":{"line":262,"column":null}},"type":"if","locations":[{"start":{"line":259,"column":12},"end":{"line":262,"column":null}},{"start":{},"end":{}}],"line":259},"29":{"loc":{"start":{"line":261,"column":16},"end":{"line":261,"column":null}},"type":"if","locations":[{"start":{"line":261,"column":16},"end":{"line":261,"column":null}},{"start":{},"end":{}}],"line":261},"30":{"loc":{"start":{"line":263,"column":38},"end":{"line":265,"column":null}},"type":"binary-expr","locations":[{"start":{"line":263,"column":38},"end":{"line":263,"column":null}},{"start":{"line":264,"column":20},"end":{"line":264,"column":67}},{"start":{"line":264,"column":67},"end":{"line":264,"column":null}},{"start":{"line":265,"column":20},"end":{"line":265,"column":56}},{"start":{"line":265,"column":56},"end":{"line":265,"column":null}}],"line":263},"31":{"loc":{"start":{"line":267,"column":12},"end":{"line":267,"column":null}},"type":"if","locations":[{"start":{"line":267,"column":12},"end":{"line":267,"column":null}},{"start":{},"end":{}}],"line":267},"32":{"loc":{"start":{"line":271,"column":12},"end":{"line":274,"column":null}},"type":"if","locations":[{"start":{"line":271,"column":12},"end":{"line":274,"column":null}},{"start":{},"end":{}}],"line":271},"33":{"loc":{"start":{"line":271,"column":16},"end":{"line":271,"column":95}},"type":"binary-expr","locations":[{"start":{"line":271,"column":16},"end":{"line":271,"column":63}},{"start":{"line":271,"column":63},"end":{"line":271,"column":95}}],"line":271},"34":{"loc":{"start":{"line":273,"column":16},"end":{"line":273,"column":null}},"type":"if","locations":[{"start":{"line":273,"column":16},"end":{"line":273,"column":null}},{"start":{},"end":{}}],"line":273},"35":{"loc":{"start":{"line":283,"column":21},"end":{"line":283,"column":null}},"type":"binary-expr","locations":[{"start":{"line":283,"column":21},"end":{"line":283,"column":53}},{"start":{"line":283,"column":53},"end":{"line":283,"column":null}}],"line":283},"36":{"loc":{"start":{"line":284,"column":22},"end":{"line":284,"column":null}},"type":"binary-expr","locations":[{"start":{"line":284,"column":22},"end":{"line":284,"column":40}},{"start":{"line":284,"column":40},"end":{"line":284,"column":null}}],"line":284},"37":{"loc":{"start":{"line":285,"column":35},"end":{"line":288,"column":null}},"type":"binary-expr","locations":[{"start":{"line":285,"column":35},"end":{"line":285,"column":null}},{"start":{"line":286,"column":15},"end":{"line":286,"column":null}},{"start":{"line":287,"column":15},"end":{"line":287,"column":null}},{"start":{"line":288,"column":15},"end":{"line":288,"column":null}}],"line":285},"38":{"loc":{"start":{"line":290,"column":39},"end":{"line":293,"column":null}},"type":"binary-expr","locations":[{"start":{"line":290,"column":39},"end":{"line":290,"column":null}},{"start":{"line":291,"column":15},"end":{"line":291,"column":null}},{"start":{"line":292,"column":15},"end":{"line":292,"column":null}},{"start":{"line":293,"column":15},"end":{"line":293,"column":null}}],"line":290},"39":{"loc":{"start":{"line":305,"column":8},"end":{"line":307,"column":null}},"type":"if","locations":[{"start":{"line":305,"column":8},"end":{"line":307,"column":null}},{"start":{},"end":{}}],"line":305},"40":{"loc":{"start":{"line":306,"column":19},"end":{"line":306,"column":null}},"type":"cond-expr","locations":[{"start":{"line":306,"column":40},"end":{"line":306,"column":65}},{"start":{"line":306,"column":65},"end":{"line":306,"column":null}}],"line":306},"41":{"loc":{"start":{"line":313,"column":8},"end":{"line":313,"column":null}},"type":"if","locations":[{"start":{"line":313,"column":8},"end":{"line":313,"column":null}},{"start":{},"end":{}}],"line":313},"42":{"loc":{"start":{"line":315,"column":8},"end":{"line":322,"column":null}},"type":"if","locations":[{"start":{"line":315,"column":8},"end":{"line":322,"column":null}},{"start":{},"end":{}}],"line":315},"43":{"loc":{"start":{"line":318,"column":12},"end":{"line":320,"column":null}},"type":"if","locations":[{"start":{"line":318,"column":12},"end":{"line":320,"column":null}},{"start":{},"end":{}}],"line":318},"44":{"loc":{"start":{"line":318,"column":16},"end":{"line":318,"column":119}},"type":"binary-expr","locations":[{"start":{"line":318,"column":16},"end":{"line":318,"column":27}},{"start":{"line":318,"column":27},"end":{"line":318,"column":58}},{"start":{"line":318,"column":58},"end":{"line":318,"column":119}}],"line":318},"45":{"loc":{"start":{"line":324,"column":8},"end":{"line":324,"column":null}},"type":"if","locations":[{"start":{"line":324,"column":8},"end":{"line":324,"column":null}},{"start":{},"end":{}}],"line":324},"46":{"loc":{"start":{"line":326,"column":8},"end":{"line":326,"column":null}},"type":"if","locations":[{"start":{"line":326,"column":8},"end":{"line":326,"column":null}},{"start":{},"end":{}}],"line":326},"47":{"loc":{"start":{"line":328,"column":8},"end":{"line":333,"column":null}},"type":"if","locations":[{"start":{"line":328,"column":8},"end":{"line":333,"column":null}},{"start":{},"end":{}}],"line":328},"48":{"loc":{"start":{"line":330,"column":12},"end":{"line":332,"column":null}},"type":"if","locations":[{"start":{"line":330,"column":12},"end":{"line":332,"column":null}},{"start":{},"end":{}}],"line":330},"49":{"loc":{"start":{"line":330,"column":16},"end":{"line":330,"column":119}},"type":"binary-expr","locations":[{"start":{"line":330,"column":16},"end":{"line":330,"column":27}},{"start":{"line":330,"column":27},"end":{"line":330,"column":58}},{"start":{"line":330,"column":58},"end":{"line":330,"column":119}}],"line":330},"50":{"loc":{"start":{"line":336,"column":8},"end":{"line":342,"column":null}},"type":"if","locations":[{"start":{"line":336,"column":8},"end":{"line":342,"column":null}},{"start":{},"end":{}}],"line":336},"51":{"loc":{"start":{"line":339,"column":12},"end":{"line":341,"column":null}},"type":"if","locations":[{"start":{"line":339,"column":12},"end":{"line":341,"column":null}},{"start":{},"end":{}}],"line":339},"52":{"loc":{"start":{"line":339,"column":16},"end":{"line":339,"column":119}},"type":"binary-expr","locations":[{"start":{"line":339,"column":16},"end":{"line":339,"column":27}},{"start":{"line":339,"column":27},"end":{"line":339,"column":58}},{"start":{"line":339,"column":58},"end":{"line":339,"column":119}}],"line":339},"53":{"loc":{"start":{"line":348,"column":8},"end":{"line":348,"column":null}},"type":"if","locations":[{"start":{"line":348,"column":8},"end":{"line":348,"column":null}},{"start":{},"end":{}}],"line":348},"54":{"loc":{"start":{"line":349,"column":8},"end":{"line":349,"column":null}},"type":"if","locations":[{"start":{"line":349,"column":8},"end":{"line":349,"column":null}},{"start":{},"end":{}}],"line":349},"55":{"loc":{"start":{"line":350,"column":8},"end":{"line":350,"column":null}},"type":"if","locations":[{"start":{"line":350,"column":8},"end":{"line":350,"column":null}},{"start":{},"end":{}}],"line":350},"56":{"loc":{"start":{"line":353,"column":12},"end":{"line":355,"column":null}},"type":"if","locations":[{"start":{"line":353,"column":12},"end":{"line":355,"column":null}},{"start":{},"end":{}}],"line":353},"57":{"loc":{"start":{"line":353,"column":16},"end":{"line":353,"column":54}},"type":"binary-expr","locations":[{"start":{"line":353,"column":16},"end":{"line":353,"column":26}},{"start":{"line":353,"column":26},"end":{"line":353,"column":54}}],"line":353},"58":{"loc":{"start":{"line":367,"column":8},"end":{"line":371,"column":null}},"type":"if","locations":[{"start":{"line":367,"column":8},"end":{"line":371,"column":null}},{"start":{},"end":{}}],"line":367},"59":{"loc":{"start":{"line":381,"column":35},"end":{"line":381,"column":null}},"type":"binary-expr","locations":[{"start":{"line":381,"column":35},"end":{"line":381,"column":58}},{"start":{"line":381,"column":58},"end":{"line":381,"column":null}}],"line":381},"60":{"loc":{"start":{"line":387,"column":16},"end":{"line":389,"column":null}},"type":"if","locations":[{"start":{"line":387,"column":16},"end":{"line":389,"column":null}},{"start":{},"end":{}}],"line":387},"61":{"loc":{"start":{"line":410,"column":20},"end":{"line":445,"column":null}},"type":"if","locations":[{"start":{"line":410,"column":20},"end":{"line":445,"column":null}},{"start":{},"end":{}}],"line":410},"62":{"loc":{"start":{"line":412,"column":24},"end":{"line":444,"column":null}},"type":"if","locations":[{"start":{"line":412,"column":24},"end":{"line":444,"column":null}},{"start":{"line":442,"column":24},"end":{"line":444,"column":null}}],"line":412},"63":{"loc":{"start":{"line":415,"column":28},"end":{"line":441,"column":null}},"type":"if","locations":[{"start":{"line":415,"column":28},"end":{"line":441,"column":null}},{"start":{},"end":{}}],"line":415},"64":{"loc":{"start":{"line":442,"column":24},"end":{"line":444,"column":null}},"type":"if","locations":[{"start":{"line":442,"column":24},"end":{"line":444,"column":null}},{"start":{},"end":{}}],"line":442},"65":{"loc":{"start":{"line":447,"column":44},"end":{"line":447,"column":null}},"type":"cond-expr","locations":[{"start":{"line":447,"column":81},"end":{"line":447,"column":100}},{"start":{"line":447,"column":100},"end":{"line":447,"column":null}}],"line":447},"66":{"loc":{"start":{"line":468,"column":43},"end":{"line":468,"column":null}},"type":"binary-expr","locations":[{"start":{"line":468,"column":43},"end":{"line":468,"column":62}},{"start":{"line":468,"column":62},"end":{"line":468,"column":null}}],"line":468},"67":{"loc":{"start":{"line":476,"column":48},"end":{"line":476,"column":null}},"type":"binary-expr","locations":[{"start":{"line":476,"column":48},"end":{"line":476,"column":74}},{"start":{"line":476,"column":74},"end":{"line":476,"column":null}}],"line":476},"68":{"loc":{"start":{"line":477,"column":40},"end":{"line":477,"column":null}},"type":"cond-expr","locations":[{"start":{"line":477,"column":87},"end":{"line":477,"column":172}},{"start":{"line":477,"column":172},"end":{"line":477,"column":null}}],"line":477},"69":{"loc":{"start":{"line":499,"column":24},"end":{"line":530,"column":null}},"type":"if","locations":[{"start":{"line":499,"column":24},"end":{"line":530,"column":null}},{"start":{},"end":{}}],"line":499},"70":{"loc":{"start":{"line":500,"column":46},"end":{"line":500,"column":null}},"type":"binary-expr","locations":[{"start":{"line":500,"column":46},"end":{"line":500,"column":68}},{"start":{"line":500,"column":68},"end":{"line":500,"column":null}}],"line":500},"71":{"loc":{"start":{"line":503,"column":28},"end":{"line":511,"column":null}},"type":"if","locations":[{"start":{"line":503,"column":28},"end":{"line":511,"column":null}},{"start":{},"end":{}}],"line":503},"72":{"loc":{"start":{"line":515,"column":50},"end":{"line":515,"column":84}},"type":"binary-expr","locations":[{"start":{"line":515,"column":50},"end":{"line":515,"column":79}},{"start":{"line":515,"column":79},"end":{"line":515,"column":84}}],"line":515},"73":{"loc":{"start":{"line":524,"column":28},"end":{"line":529,"column":null}},"type":"if","locations":[{"start":{"line":524,"column":28},"end":{"line":529,"column":null}},{"start":{},"end":{}}],"line":524},"74":{"loc":{"start":{"line":526,"column":32},"end":{"line":528,"column":null}},"type":"if","locations":[{"start":{"line":526,"column":32},"end":{"line":528,"column":null}},{"start":{},"end":{}}],"line":526},"75":{"loc":{"start":{"line":533,"column":24},"end":{"line":549,"column":null}},"type":"if","locations":[{"start":{"line":533,"column":24},"end":{"line":549,"column":null}},{"start":{"line":541,"column":31},"end":{"line":549,"column":null}}],"line":533},"76":{"loc":{"start":{"line":533,"column":28},"end":{"line":533,"column":94}},"type":"binary-expr","locations":[{"start":{"line":533,"column":28},"end":{"line":533,"column":44}},{"start":{"line":533,"column":44},"end":{"line":533,"column":64}},{"start":{"line":533,"column":64},"end":{"line":533,"column":94}}],"line":533},"77":{"loc":{"start":{"line":534,"column":62},"end":{"line":534,"column":99}},"type":"binary-expr","locations":[{"start":{"line":534,"column":62},"end":{"line":534,"column":77}},{"start":{"line":534,"column":77},"end":{"line":534,"column":99}}],"line":534},"78":{"loc":{"start":{"line":537,"column":43},"end":{"line":537,"column":null}},"type":"binary-expr","locations":[{"start":{"line":537,"column":43},"end":{"line":537,"column":63}},{"start":{"line":537,"column":63},"end":{"line":537,"column":null}}],"line":537},"79":{"loc":{"start":{"line":538,"column":41},"end":{"line":538,"column":null}},"type":"binary-expr","locations":[{"start":{"line":538,"column":41},"end":{"line":538,"column":63}},{"start":{"line":538,"column":63},"end":{"line":538,"column":null}}],"line":538},"80":{"loc":{"start":{"line":546,"column":41},"end":{"line":546,"column":null}},"type":"binary-expr","locations":[{"start":{"line":546,"column":41},"end":{"line":546,"column":63}},{"start":{"line":546,"column":63},"end":{"line":546,"column":null}}],"line":546},"81":{"loc":{"start":{"line":552,"column":42},"end":{"line":552,"column":null}},"type":"binary-expr","locations":[{"start":{"line":552,"column":42},"end":{"line":552,"column":62}},{"start":{"line":552,"column":62},"end":{"line":552,"column":null}}],"line":552},"82":{"loc":{"start":{"line":555,"column":24},"end":{"line":557,"column":null}},"type":"if","locations":[{"start":{"line":555,"column":24},"end":{"line":557,"column":null}},{"start":{},"end":{}}],"line":555},"83":{"loc":{"start":{"line":555,"column":28},"end":{"line":555,"column":69}},"type":"binary-expr","locations":[{"start":{"line":555,"column":28},"end":{"line":555,"column":47}},{"start":{"line":555,"column":47},"end":{"line":555,"column":69}}],"line":555},"84":{"loc":{"start":{"line":559,"column":24},"end":{"line":563,"column":null}},"type":"if","locations":[{"start":{"line":559,"column":24},"end":{"line":563,"column":null}},{"start":{},"end":{}}],"line":559},"85":{"loc":{"start":{"line":567,"column":24},"end":{"line":583,"column":null}},"type":"if","locations":[{"start":{"line":567,"column":24},"end":{"line":583,"column":null}},{"start":{},"end":{}}],"line":567},"86":{"loc":{"start":{"line":570,"column":28},"end":{"line":582,"column":null}},"type":"if","locations":[{"start":{"line":570,"column":28},"end":{"line":582,"column":null}},{"start":{"line":579,"column":35},"end":{"line":582,"column":null}}],"line":570},"87":{"loc":{"start":{"line":597,"column":24},"end":{"line":602,"column":null}},"type":"if","locations":[{"start":{"line":597,"column":24},"end":{"line":602,"column":null}},{"start":{"line":599,"column":31},"end":{"line":602,"column":null}}],"line":597},"88":{"loc":{"start":{"line":607,"column":45},"end":{"line":607,"column":null}},"type":"binary-expr","locations":[{"start":{"line":607,"column":45},"end":{"line":607,"column":75}},{"start":{"line":607,"column":75},"end":{"line":607,"column":null}}],"line":607},"89":{"loc":{"start":{"line":611,"column":24},"end":{"line":618,"column":null}},"type":"if","locations":[{"start":{"line":611,"column":24},"end":{"line":618,"column":null}},{"start":{},"end":{}}],"line":611},"90":{"loc":{"start":{"line":620,"column":24},"end":{"line":625,"column":null}},"type":"if","locations":[{"start":{"line":620,"column":24},"end":{"line":625,"column":null}},{"start":{},"end":{}}],"line":620},"91":{"loc":{"start":{"line":620,"column":28},"end":{"line":620,"column":162}},"type":"binary-expr","locations":[{"start":{"line":620,"column":28},"end":{"line":620,"column":65}},{"start":{"line":620,"column":65},"end":{"line":620,"column":97}},{"start":{"line":620,"column":97},"end":{"line":620,"column":128}},{"start":{"line":620,"column":128},"end":{"line":620,"column":162}}],"line":620},"92":{"loc":{"start":{"line":637,"column":16},"end":{"line":644,"column":null}},"type":"if","locations":[{"start":{"line":637,"column":16},"end":{"line":644,"column":null}},{"start":{},"end":{}}],"line":637},"93":{"loc":{"start":{"line":648,"column":32},"end":{"line":648,"column":null}},"type":"binary-expr","locations":[{"start":{"line":648,"column":32},"end":{"line":648,"column":57}},{"start":{"line":648,"column":57},"end":{"line":648,"column":null}}],"line":648},"94":{"loc":{"start":{"line":667,"column":8},"end":{"line":669,"column":null}},"type":"if","locations":[{"start":{"line":667,"column":8},"end":{"line":669,"column":null}},{"start":{},"end":{}}],"line":667},"95":{"loc":{"start":{"line":713,"column":12},"end":{"line":713,"column":null}},"type":"if","locations":[{"start":{"line":713,"column":12},"end":{"line":713,"column":null}},{"start":{},"end":{}}],"line":713},"96":{"loc":{"start":{"line":732,"column":8},"end":{"line":734,"column":null}},"type":"if","locations":[{"start":{"line":732,"column":8},"end":{"line":734,"column":null}},{"start":{},"end":{}}],"line":732},"97":{"loc":{"start":{"line":737,"column":8},"end":{"line":739,"column":null}},"type":"if","locations":[{"start":{"line":737,"column":8},"end":{"line":739,"column":null}},{"start":{},"end":{}}],"line":737},"98":{"loc":{"start":{"line":748,"column":16},"end":{"line":750,"column":null}},"type":"if","locations":[{"start":{"line":748,"column":16},"end":{"line":750,"column":null}},{"start":{},"end":{}}],"line":748},"99":{"loc":{"start":{"line":753,"column":16},"end":{"line":770,"column":null}},"type":"if","locations":[{"start":{"line":753,"column":16},"end":{"line":770,"column":null}},{"start":{},"end":{}}],"line":753},"100":{"loc":{"start":{"line":755,"column":20},"end":{"line":769,"column":null}},"type":"if","locations":[{"start":{"line":755,"column":20},"end":{"line":769,"column":null}},{"start":{"line":766,"column":27},"end":{"line":769,"column":null}}],"line":755},"101":{"loc":{"start":{"line":760,"column":24},"end":{"line":763,"column":null}},"type":"if","locations":[{"start":{"line":760,"column":24},"end":{"line":763,"column":null}},{"start":{},"end":{}}],"line":760},"102":{"loc":{"start":{"line":777,"column":79},"end":{"line":777,"column":133}},"type":"cond-expr","locations":[{"start":{"line":777,"column":104},"end":{"line":777,"column":120}},{"start":{"line":777,"column":120},"end":{"line":777,"column":133}}],"line":777},"103":{"loc":{"start":{"line":783,"column":8},"end":{"line":783,"column":null}},"type":"if","locations":[{"start":{"line":783,"column":8},"end":{"line":783,"column":null}},{"start":{},"end":{}}],"line":783}},"s":{"0":1,"1":0,"2":0,"3":0,"4":0,"5":0,"6":0,"7":0,"8":1,"9":0,"10":0,"11":0,"12":0,"13":0,"14":0,"15":0,"16":0,"17":0,"18":0,"19":0,"20":0,"21":0,"22":0,"23":0,"24":0,"25":0,"26":0,"27":0,"28":0,"29":0,"30":0,"31":0,"32":0,"33":0,"34":0,"35":0,"36":0,"37":0,"38":0,"39":0,"40":0,"41":0,"42":0,"43":0,"44":0,"45":0,"46":0,"47":0,"48":0,"49":0,"50":0,"51":0,"52":0,"53":0,"54":0,"55":0,"56":0,"57":0,"58":0,"59":0,"60":0,"61":5,"62":1,"63":4,"64":4,"65":3,"66":9,"67":3,"68":3,"69":3,"70":3,"71":3,"72":1,"73":2,"74":3,"75":10,"76":11,"77":2,"78":9,"79":2,"80":7,"81":11,"82":11,"83":11,"84":3,"85":8,"86":0,"87":0,"88":8,"89":8,"90":8,"91":8,"92":8,"93":8,"94":3,"95":8,"96":8,"97":5,"98":3,"99":2,"100":2,"101":7,"102":1,"103":2,"104":0,"105":7,"106":7,"107":7,"108":7,"109":7,"110":7,"111":18,"112":7,"113":5,"114":2,"115":25,"116":16,"117":9,"118":0,"119":0,"120":0,"121":0,"122":0,"123":9,"124":0,"125":9,"126":9,"127":0,"128":9,"129":9,"130":7,"131":7,"132":5,"133":4,"134":4,"135":1,"136":1,"137":1,"138":1,"139":3,"140":10,"141":0,"142":10,"143":0,"144":10,"145":0,"146":10,"147":10,"148":10,"149":8,"150":0,"151":2,"152":0,"153":0,"154":0,"155":0,"156":0,"157":0,"158":0,"159":0,"160":0,"161":0,"162":0,"163":0,"164":0,"165":0,"166":0,"167":0,"168":0,"169":0,"170":0,"171":0,"172":0,"173":0,"174":0,"175":0,"176":0,"177":0,"178":0,"179":0,"180":0,"181":0,"182":0,"183":0,"184":0,"185":0,"186":0,"187":0,"188":0,"189":0,"190":0,"191":0,"192":0,"193":0,"194":0,"195":0,"196":0,"197":0,"198":0,"199":0,"200":0,"201":0,"202":0,"203":0,"204":0,"205":0,"206":0,"207":0,"208":0,"209":0,"210":0,"211":0,"212":0,"213":0,"214":0,"215":0,"216":0,"217":0,"218":0,"219":0,"220":0,"221":0,"222":0,"223":0,"224":0,"225":0,"226":0,"227":0,"228":0,"229":0,"230":0,"231":0,"232":0,"233":0,"234":0,"235":0,"236":0,"237":0,"238":0,"239":0,"240":0,"241":0,"242":0,"243":0,"244":0,"245":0,"246":0,"247":0,"248":0,"249":0,"250":0,"251":0,"252":0,"253":0,"254":0,"255":0,"256":0,"257":0,"258":0,"259":0,"260":0,"261":0,"262":0,"263":0,"264":0,"265":0,"266":0,"267":0,"268":0,"269":0,"270":0,"271":0,"272":0,"273":0,"274":0,"275":0,"276":0,"277":0,"278":0,"279":0,"280":0,"281":0,"282":0,"283":0,"284":0,"285":0,"286":0,"287":0,"288":0,"289":0,"290":0,"291":0,"292":0,"293":0,"294":0,"295":0,"296":0,"297":0,"298":0,"299":0,"300":0,"301":0,"302":0,"303":0,"304":0,"305":0,"306":0,"307":0,"308":0,"309":0,"310":0,"311":0,"312":0,"313":0,"314":0,"315":0,"316":0,"317":0},"f":{"0":0,"1":0,"2":0,"3":0,"4":0,"5":0,"6":0,"7":0,"8":5,"9":9,"10":10,"11":11,"12":11,"13":7,"14":7,"15":18,"16":25,"17":10,"18":0,"19":0,"20":0,"21":0,"22":0,"23":0,"24":0,"25":0,"26":0,"27":0,"28":0,"29":0,"30":0,"31":0},"b":{"0":[0,0],"1":[0,0],"2":[0,0],"3":[0,0],"4":[0,0],"5":[0,0],"6":[0,0],"7":[0,0],"8":[0,0],"9":[0,0],"10":[1,4],"11":[3,1],"12":[3,1],"13":[1,2],"14":[2,9],"15":[2,7],"16":[11,0],"17":[11,0],"18":[3,8],"19":[11,8],"20":[0,8],"21":[8,8],"22":[0,0,0,0],"23":[0,0],"24":[8,0],"25":[8,6,6,6],"26":[8,0,0,0],"27":[8,8],"28":[8,0],"29":[3,5],"30":[8,6,5,3,1],"31":[5,3],"32":[2,1],"33":[3,1],"34":[1,1],"35":[7,0],"36":[7,0],"37":[7,6,6,6],"38":[7,4,4,4],"39":[5,2],"40":[4,1],"41":[16,9],"42":[0,9],"43":[0,0],"44":[0,0,0],"45":[0,9],"46":[0,9],"47":[7,2],"48":[5,2],"49":[7,5,5],"50":[1,3],"51":[1,0],"52":[1,1,1],"53":[0,10],"54":[0,10],"55":[0,10],"56":[8,2],"57":[10,8],"58":[0,0],"59":[0,0],"60":[0,0],"61":[0,0],"62":[0,0],"63":[0,0],"64":[0,0],"65":[0,0],"66":[0,0],"67":[0,0],"68":[0,0],"69":[0,0],"70":[0,0],"71":[0,0],"72":[0,0],"73":[0,0],"74":[0,0],"75":[0,0],"76":[0,0,0],"77":[0,0],"78":[0,0],"79":[0,0],"80":[0,0],"81":[0,0],"82":[0,0],"83":[0,0],"84":[0,0],"85":[0,0],"86":[0,0],"87":[0,0],"88":[0,0],"89":[0,0],"90":[0,0],"91":[0,0,0,0],"92":[0,0],"93":[0,0],"94":[0,0],"95":[0,0],"96":[0,0],"97":[0,0],"98":[0,0],"99":[0,0],"100":[0,0],"101":[0,0],"102":[0,0],"103":[0,0]},"meta":{"lastBranch":104,"lastFunction":32,"lastStatement":318,"seen":{"s:29:12:29:Infinity":0,"s:40:22:40:Infinity":1,"s:43:34:43:Infinity":2,"s:44:38:44:Infinity":3,"s:45:25:45:Infinity":4,"s:46:32:46:Infinity":5,"s:59:31:59:Infinity":6,"s:62:32:62:Infinity":7,"s:201:51:201:Infinity":8,"f:64:4:64:Infinity":0,"s:71:8:71:Infinity":9,"s:72:8:72:Infinity":10,"s:73:8:73:Infinity":11,"s:74:8:74:Infinity":12,"s:75:8:75:Infinity":13,"s:76:8:76:Infinity":14,"s:77:8:77:Infinity":15,"s:78:8:78:Infinity":16,"s:79:8:79:Infinity":17,"s:80:8:86:Infinity":18,"b:82:53:85:16:85:16:85:Infinity":0,"b:83:22:83:56:83:56:83:Infinity":1,"b:84:22:84:56:84:56:84:Infinity":2,"s:87:8:87:Infinity":19,"s:88:8:88:Infinity":20,"s:90:8:90:Infinity":21,"f:95:4:95:29":1,"s:96:8:96:Infinity":22,"f:102:4:102:24":2,"s:103:27:103:Infinity":23,"b:104:8:109:Infinity:undefined:undefined:undefined:undefined":3,"s:104:8:109:Infinity":24,"s:105:12:105:Infinity":25,"s:106:12:106:Infinity":26,"s:107:12:107:Infinity":27,"s:108:12:108:Infinity":28,"f:117:10:117:25":3,"b:119:8:119:Infinity:undefined:undefined:undefined:undefined":4,"s:119:8:119:Infinity":29,"s:119:43:119:Infinity":30,"s:121:28:121:Infinity":31,"s:122:8:122:Infinity":32,"b:122:100:122:118:122:118:122:130":5,"s:125:8:125:Infinity":33,"s:127:8:127:Infinity":34,"s:128:8:128:Infinity":35,"f:135:4:135:21":4,"s:136:30:136:Infinity":36,"b:137:8:146:Infinity:undefined:undefined:undefined:undefined":6,"s:137:8:146:Infinity":37,"s:138:12:145:Infinity":38,"s:147:8:147:Infinity":39,"f:153:4:153:19":5,"s:155:25:155:Infinity":40,"b:156:8:163:Infinity:undefined:undefined:undefined:undefined":7,"s:156:8:163:Infinity":41,"s:157:12:162:Infinity":42,"f:168:18:168:48":6,"b:169:8:169:Infinity:undefined:undefined:undefined:undefined":8,"s:169:8:169:Infinity":43,"s:169:29:169:Infinity":44,"s:170:8:170:Infinity":45,"s:172:8:194:Infinity":46,"s:173:12:191:Infinity":47,"s:175:28:175:Infinity":48,"s:176:32:176:Infinity":49,"b:177:16:181:Infinity:undefined:undefined:undefined:undefined":9,"s:177:16:181:Infinity":50,"s:178:34:178:Infinity":51,"s:179:20:179:Infinity":52,"s:180:20:180:Infinity":53,"f:180:38:180:49":7,"s:180:49:180:75":54,"s:183:32:183:Infinity":55,"s:184:16:190:Infinity":56,"s:185:20:185:Infinity":57,"s:187:20:187:Infinity":58,"s:189:20:189:Infinity":59,"s:193:12:193:Infinity":60,"f:207:12:207:35":8,"b:208:8:210:Infinity:undefined:undefined:undefined:undefined":10,"s:208:8:210:Infinity":61,"s:209:12:209:Infinity":62,"s:212:41:212:Infinity":63,"b:213:8:229:Infinity:undefined:undefined:undefined:undefined":11,"s:213:8:229:Infinity":64,"s:214:34:215:Infinity":65,"f:214:34:214:35":9,"s:215:16:215:Infinity":66,"s:217:42:217:Infinity":67,"s:218:41:218:Infinity":68,"s:219:43:219:Infinity":69,"s:221:38:222:Infinity":70,"b:221:38:221:Infinity:222:19:222:Infinity":12,"b:224:12:226:Infinity:undefined:undefined:undefined:undefined":13,"s:224:12:226:Infinity":71,"s:225:16:225:Infinity":72,"s:228:12:228:Infinity":73,"s:231:8:231:Infinity":74,"f:234:12:234:37":10,"s:235:8:239:Infinity":75,"f:235:30:235:31":11,"b:236:12:236:Infinity:undefined:undefined:undefined:undefined":14,"s:236:12:236:Infinity":76,"s:236:57:236:Infinity":77,"b:237:12:237:Infinity:undefined:undefined:undefined:undefined":15,"s:237:12:237:Infinity":78,"s:237:43:237:Infinity":79,"s:238:12:238:Infinity":80,"f:242:12:242:36":12,"s:243:21:243:Infinity":81,"b:243:21:243:53:243:53:243:Infinity":16,"s:244:22:244:Infinity":82,"b:244:22:244:40:244:40:244:Infinity":17,"b:246:8:248:Infinity:undefined:undefined:undefined:undefined":18,"s:246:8:248:Infinity":83,"b:246:12:246:39:246:39:246:64":19,"s:247:12:247:Infinity":84,"b:250:8:253:Infinity:undefined:undefined:undefined:undefined":20,"s:250:8:253:Infinity":85,"b:250:12:250:32:250:32:250:59":21,"s:251:30:251:Infinity":86,"b:251:37:251:51:251:51:251:66:251:66:251:86:251:86:251:88":22,"s:252:12:252:Infinity":87,"b:252:19:252:51:252:51:252:Infinity":23,"b:255:8:277:Infinity:undefined:undefined:undefined:undefined":24,"s:255:8:277:Infinity":88,"b:255:12:255:31:255:31:255:51:255:51:255:83:255:83:255:113":25,"s:256:28:256:Infinity":89,"b:256:35:256:52:256:52:256:65:256:65:256:81:256:81:256:83":26,"s:258:22:258:Infinity":90,"b:258:29:258:42:258:42:258:44":27,"b:259:12:262:Infinity:undefined:undefined:undefined:undefined":28,"s:259:12:262:Infinity":91,"s:260:32:260:Infinity":92,"b:261:16:261:Infinity:undefined:undefined:undefined:undefined":29,"s:261:16:261:Infinity":93,"s:261:29:261:Infinity":94,"s:263:38:265:Infinity":95,"b:263:38:263:Infinity:264:20:264:67:264:67:264:Infinity:265:20:265:56:265:56:265:Infinity":30,"b:267:12:267:Infinity:undefined:undefined:undefined:undefined":31,"s:267:12:267:Infinity":96,"s:267:35:267:Infinity":97,"b:271:12:274:Infinity:undefined:undefined:undefined:undefined":32,"s:271:12:274:Infinity":98,"b:271:16:271:63:271:63:271:95":33,"s:272:35:272:Infinity":99,"b:273:16:273:Infinity:undefined:undefined:undefined:undefined":34,"s:273:16:273:Infinity":100,"f:273:36:273:41":13,"s:273:41:273:71":101,"s:273:74:273:Infinity":102,"s:276:12:276:Infinity":103,"s:279:8:279:Infinity":104,"f:282:12:282:41":14,"s:283:21:283:Infinity":105,"b:283:21:283:53:283:53:283:Infinity":35,"s:284:22:284:Infinity":106,"b:284:22:284:40:284:40:284:Infinity":36,"s:285:35:288:Infinity":107,"b:285:35:285:Infinity:286:15:286:Infinity:287:15:287:Infinity:288:15:288:Infinity":37,"s:290:39:293:Infinity":108,"b:290:39:290:Infinity:291:15:291:Infinity:292:15:292:Infinity:293:15:293:Infinity":38,"s:295:44:301:Infinity":109,"s:303:29:303:Infinity":110,"f:303:51:303:64":15,"s:303:64:303:102":111,"b:305:8:307:Infinity:undefined:undefined:undefined:undefined":39,"s:305:8:307:Infinity":112,"s:306:12:306:Infinity":113,"b:306:40:306:65:306:65:306:Infinity":40,"s:309:8:309:Infinity":114,"f:312:12:312:35":16,"b:313:8:313:Infinity:undefined:undefined:undefined:undefined":41,"s:313:8:313:Infinity":115,"s:313:24:313:Infinity":116,"b:315:8:322:Infinity:undefined:undefined:undefined:undefined":42,"s:315:8:322:Infinity":117,"s:316:27:316:Infinity":118,"s:317:28:317:Infinity":119,"b:318:12:320:Infinity:undefined:undefined:undefined:undefined":43,"s:318:12:320:Infinity":120,"b:318:16:318:27:318:27:318:58:318:58:318:119":44,"s:319:16:319:Infinity":121,"s:321:12:321:Infinity":122,"b:324:8:324:Infinity:undefined:undefined:undefined:undefined":45,"s:324:8:324:Infinity":123,"s:324:43:324:Infinity":124,"s:325:21:325:Infinity":125,"b:326:8:326:Infinity:undefined:undefined:undefined:undefined":46,"s:326:8:326:Infinity":126,"s:326:19:326:Infinity":127,"s:327:23:327:Infinity":128,"b:328:8:333:Infinity:undefined:undefined:undefined:undefined":47,"s:328:8:333:Infinity":129,"s:329:28:329:Infinity":130,"b:330:12:332:Infinity:undefined:undefined:undefined:undefined":48,"s:330:12:332:Infinity":131,"b:330:16:330:27:330:27:330:58:330:58:330:119":49,"s:331:16:331:Infinity":132,"s:335:33:335:Infinity":133,"b:336:8:342:Infinity:undefined:undefined:undefined:undefined":50,"s:336:8:342:Infinity":134,"s:337:30:337:Infinity":135,"s:338:28:338:Infinity":136,"b:339:12:341:Infinity:undefined:undefined:undefined:undefined":51,"s:339:12:341:Infinity":137,"b:339:16:339:27:339:27:339:58:339:58:339:119":52,"s:340:16:340:Infinity":138,"s:344:8:344:Infinity":139,"f:347:12:347:31":17,"b:348:8:348:Infinity:undefined:undefined:undefined:undefined":53,"s:348:8:348:Infinity":140,"s:348:24:348:Infinity":141,"b:349:8:349:Infinity:undefined:undefined:undefined:undefined":54,"s:349:8:349:Infinity":142,"s:349:43:349:Infinity":143,"b:350:8:350:Infinity:undefined:undefined:undefined:undefined":55,"s:350:8:350:Infinity":144,"s:350:43:350:Infinity":145,"s:351:8:359:Infinity":146,"s:352:27:352:Infinity":147,"b:353:12:355:Infinity:undefined:undefined:undefined:undefined":56,"s:353:12:355:Infinity":148,"b:353:16:353:26:353:26:353:54":57,"s:354:16:354:Infinity":149,"s:356:12:356:Infinity":150,"s:358:12:358:Infinity":151,"f:362:18:362:32":18,"s:363:8:363:Infinity":152,"s:366:25:366:Infinity":153,"b:367:8:371:Infinity:undefined:undefined:undefined:undefined":58,"s:367:8:371:Infinity":154,"s:368:12:368:Infinity":155,"s:369:12:369:Infinity":156,"s:370:12:370:Infinity":157,"s:373:8:659:Infinity":158,"s:375:12:654:Infinity":159,"s:376:36:376:Infinity":160,"s:377:28:377:Infinity":161,"s:378:51:378:Infinity":162,"s:381:35:381:Infinity":163,"b:381:35:381:58:381:58:381:Infinity":59,"s:382:16:382:Infinity":164,"s:386:41:386:Infinity":165,"b:387:16:389:Infinity:undefined:undefined:undefined:undefined":60,"s:387:16:389:Infinity":166,"s:388:20:388:Infinity":167,"s:390:40:390:Infinity":168,"s:393:36:401:Infinity":169,"s:403:16:634:Infinity":170,"s:404:20:404:Infinity":171,"s:406:42:406:Infinity":172,"s:409:45:409:Infinity":173,"b:410:20:445:Infinity:undefined:undefined:undefined:undefined":61,"s:410:20:445:Infinity":174,"s:411:39:411:Infinity":175,"b:412:24:444:Infinity:442:24:444:Infinity":62,"s:412:24:444:Infinity":176,"s:413:28:413:Infinity":177,"s:414:43:414:Infinity":178,"b:415:28:441:Infinity:undefined:undefined:undefined:undefined":63,"s:415:28:441:Infinity":179,"s:416:32:416:Infinity":180,"s:419:32:419:Infinity":181,"s:422:32:427:Infinity":182,"f:422:75:422:85":19,"s:423:36:423:Infinity":183,"s:424:36:424:Infinity":184,"f:425:41:425:48":20,"s:426:36:426:Infinity":185,"s:431:32:440:Infinity":186,"b:442:24:444:Infinity:undefined:undefined:undefined:undefined":64,"s:442:24:444:Infinity":187,"s:443:28:443:Infinity":188,"s:447:44:447:Infinity":189,"b:447:81:447:100:447:100:447:Infinity":65,"s:449:20:449:Infinity":190,"s:452:39:455:Infinity":191,"s:456:38:456:Infinity":192,"s:457:20:457:Infinity":193,"s:459:39:459:Infinity":194,"s:460:20:460:Infinity":195,"s:462:20:633:Infinity":196,"s:463:39:491:Infinity":197,"b:468:43:468:62:468:62:468:Infinity":66,"b:476:48:476:74:476:74:476:Infinity":67,"b:477:87:477:172:477:172:477:Infinity":68,"f:486:48:486:49":21,"s:488:36:488:Infinity":198,"s:494:24:494:Infinity":199,"s:495:24:495:Infinity":200,"s:496:24:496:Infinity":201,"b:499:24:530:Infinity:undefined:undefined:undefined:undefined":69,"s:499:24:530:Infinity":202,"s:500:46:500:Infinity":203,"b:500:46:500:68:500:68:500:Infinity":70,"s:502:43:502:Infinity":204,"b:503:28:511:Infinity:undefined:undefined:undefined:undefined":71,"s:503:28:511:Infinity":205,"s:505:32:510:Infinity":206,"s:514:28:521:Infinity":207,"b:515:50:515:79:515:79:515:84":72,"b:524:28:529:Infinity:undefined:undefined:undefined:undefined":73,"s:524:28:529:Infinity":208,"s:525:48:525:Infinity":209,"b:526:32:528:Infinity:undefined:undefined:undefined:undefined":74,"s:526:32:528:Infinity":210,"s:527:36:527:Infinity":211,"b:533:24:549:Infinity:541:31:549:Infinity":75,"s:533:24:549:Infinity":212,"b:533:28:533:44:533:44:533:64:533:64:533:94":76,"s:534:28:539:Infinity":213,"b:534:62:534:77:534:77:534:99":77,"b:537:43:537:63:537:63:537:Infinity":78,"b:538:41:538:63:538:63:538:Infinity":79,"s:540:28:540:Infinity":214,"s:543:28:547:Infinity":215,"b:546:41:546:63:546:63:546:Infinity":80,"s:548:28:548:Infinity":216,"s:552:42:552:Infinity":217,"b:552:42:552:62:552:62:552:Infinity":81,"s:553:47:553:Infinity":218,"b:555:24:557:Infinity:undefined:undefined:undefined:undefined":82,"s:555:24:557:Infinity":219,"b:555:28:555:47:555:47:555:69":83,"s:556:28:556:Infinity":220,"f:556:104:556:110":22,"s:556:110:556:143":221,"b:559:24:563:Infinity:undefined:undefined:undefined:undefined":84,"s:559:24:563:Infinity":222,"s:562:28:562:Infinity":223,"s:565:41:565:Infinity":224,"b:567:24:583:Infinity:undefined:undefined:undefined:undefined":85,"s:567:24:583:Infinity":225,"b:570:28:582:Infinity:579:35:582:Infinity":86,"s:570:28:582:Infinity":226,"s:572:49:572:Infinity":227,"s:573:49:573:Infinity":228,"s:574:53:574:Infinity":229,"s:576:32:576:Infinity":230,"s:577:32:577:Infinity":231,"s:578:32:578:Infinity":232,"s:581:32:581:Infinity":233,"s:587:24:587:Infinity":234,"f:587:79:587:84":23,"s:587:84:587:90":235,"s:589:44:589:Infinity":236,"f:589:61:589:66":24,"s:589:66:589:75":237,"f:589:81:589:86":25,"s:589:86:589:92":238,"s:593:41:593:Infinity":239,"s:594:41:594:Infinity":240,"s:595:45:595:Infinity":241,"b:597:24:602:Infinity:599:31:602:Infinity":87,"s:597:24:602:Infinity":242,"s:598:28:598:Infinity":243,"s:601:28:601:Infinity":244,"f:601:78:601:83":26,"s:601:83:601:89":245,"s:604:24:604:Infinity":246,"s:605:24:605:Infinity":247,"s:607:45:607:Infinity":248,"b:607:45:607:75:607:75:607:Infinity":88,"b:611:24:618:Infinity:undefined:undefined:undefined:undefined":89,"s:611:24:618:Infinity":249,"s:614:28:614:Infinity":250,"s:615:28:615:Infinity":251,"s:617:28:617:Infinity":252,"b:620:24:625:Infinity:undefined:undefined:undefined:undefined":90,"s:620:24:625:Infinity":253,"b:620:28:620:65:620:65:620:97:620:97:620:128:620:128:620:162":91,"s:621:28:621:Infinity":254,"s:622:28:622:Infinity":255,"s:624:28:624:Infinity":256,"s:628:24:628:Infinity":257,"s:629:24:629:Infinity":258,"s:630:24:630:Infinity":259,"s:632:24:632:Infinity":260,"b:637:16:644:Infinity:undefined:undefined:undefined:undefined":92,"s:637:16:644:Infinity":261,"s:638:20:638:Infinity":262,"s:639:20:643:Infinity":263,"s:646:16:646:Infinity":264,"s:648:32:648:Infinity":265,"b:648:32:648:57:648:57:648:Infinity":93,"s:649:16:652:Infinity":266,"s:658:12:658:Infinity":267,"f:665:18:665:40":27,"s:666:32:666:Infinity":268,"b:667:8:669:Infinity:undefined:undefined:undefined:undefined":94,"s:667:8:669:Infinity":269,"s:668:12:668:Infinity":270,"s:672:8:703:Infinity":271,"f:672:31:672:43":28,"s:673:12:702:Infinity":272,"s:675:39:675:Infinity":273,"s:678:44:678:Infinity":274,"s:681:38:681:Infinity":275,"s:683:16:697:Infinity":276,"s:699:16:699:Infinity":277,"s:701:16:701:Infinity":278,"f:709:18:709:42":29,"s:710:8:721:Infinity":279,"s:711:32:711:Infinity":280,"s:712:33:712:Infinity":281,"b:713:12:713:Infinity:undefined:undefined:undefined:undefined":95,"s:713:12:713:Infinity":282,"s:713:46:713:Infinity":283,"s:715:25:715:Infinity":284,"s:716:29:716:Infinity":285,"s:717:12:717:Infinity":286,"s:719:12:719:Infinity":287,"s:720:12:720:Infinity":288,"f:728:18:728:39":30,"s:729:32:729:Infinity":289,"b:732:8:734:Infinity:undefined:undefined:undefined:undefined":96,"s:732:8:734:Infinity":290,"s:733:12:733:Infinity":291,"b:737:8:739:Infinity:undefined:undefined:undefined:undefined":97,"s:737:8:739:Infinity":292,"s:738:12:738:Infinity":293,"s:742:8:779:Infinity":294,"s:743:30:743:Infinity":295,"s:744:31:744:Infinity":296,"s:746:12:778:Infinity":297,"b:748:16:750:Infinity:undefined:undefined:undefined:undefined":98,"s:748:16:750:Infinity":298,"s:749:20:749:Infinity":299,"b:753:16:770:Infinity:undefined:undefined:undefined:undefined":99,"s:753:16:770:Infinity":300,"s:754:34:754:Infinity":301,"b:755:20:769:Infinity:766:27:769:Infinity":100,"s:755:20:769:Infinity":302,"s:756:43:756:Infinity":303,"s:757:47:757:Infinity":304,"b:760:24:763:Infinity:undefined:undefined:undefined:undefined":101,"s:760:24:763:Infinity":305,"s:762:28:762:Infinity":306,"s:765:24:765:Infinity":307,"s:767:24:767:Infinity":308,"s:768:24:768:Infinity":309,"s:773:16:773:Infinity":310,"s:774:16:774:Infinity":311,"s:776:16:776:Infinity":312,"s:777:16:777:Infinity":313,"b:777:104:777:120:777:120:777:133":102,"f:782:12:782:22":31,"b:783:8:783:Infinity:undefined:undefined:undefined:undefined":103,"s:783:8:783:Infinity":314,"s:783:36:783:Infinity":315,"s:784:8:784:Infinity":316,"s:785:8:785:Infinity":317}}}
,"/Users/casu/Documents/Colony/.worktrees/task-df22275d/src/agent/AgentConfig.ts": {"path":"/Users/casu/Documents/Colony/.worktrees/task-df22275d/src/agent/AgentConfig.ts","statementMap":{"0":{"start":{"line":10,"column":12},"end":{"line":10,"column":null}},"1":{"start":{"line":12,"column":35},"end":{"line":12,"column":null}},"2":{"start":{"line":18,"column":16},"end":{"line":18,"column":null}},"3":{"start":{"line":19,"column":19},"end":{"line":19,"column":null}},"4":{"start":{"line":22,"column":4},"end":{"line":24,"column":null}},"5":{"start":{"line":23,"column":8},"end":{"line":23,"column":null}},"6":{"start":{"line":25,"column":4},"end":{"line":27,"column":null}},"7":{"start":{"line":26,"column":8},"end":{"line":26,"column":null}},"8":{"start":{"line":28,"column":4},"end":{"line":30,"column":null}},"9":{"start":{"line":29,"column":8},"end":{"line":29,"column":null}},"10":{"start":{"line":32,"column":18},"end":{"line":32,"column":null}},"11":{"start":{"line":33,"column":4},"end":{"line":35,"column":null}},"12":{"start":{"line":34,"column":8},"end":{"line":34,"column":null}},"13":{"start":{"line":37,"column":20},"end":{"line":37,"column":null}},"14":{"start":{"line":38,"column":4},"end":{"line":40,"column":null}},"15":{"start":{"line":39,"column":8},"end":{"line":39,"column":null}},"16":{"start":{"line":42,"column":22},"end":{"line":44,"column":null}},"17":{"start":{"line":43,"column":15},"end":{"line":43,"column":null}},"18":{"start":{"line":46,"column":32},"end":{"line":56,"column":null}},"19":{"start":{"line":58,"column":4},"end":{"line":58,"column":null}},"20":{"start":{"line":59,"column":4},"end":{"line":59,"column":null}},"21":{"start":{"line":66,"column":4},"end":{"line":69,"column":null}},"22":{"start":{"line":67,"column":8},"end":{"line":67,"column":null}},"23":{"start":{"line":68,"column":8},"end":{"line":68,"column":null}},"24":{"start":{"line":71,"column":18},"end":{"line":73,"column":null}},"25":{"start":{"line":72,"column":8},"end":{"line":72,"column":null}},"26":{"start":{"line":75,"column":4},"end":{"line":75,"column":null}},"27":{"start":{"line":75,"column":26},"end":{"line":75,"column":64}}},"fnMap":{"0":{"name":"loadAgentConfig","decl":{"start":{"line":17,"column":16},"end":{"line":17,"column":32}},"loc":{"start":{"line":17,"column":63},"end":{"line":60,"column":null}},"line":17},"1":{"name":"(anonymous_1)","decl":{"start":{"line":43,"column":8},"end":{"line":43,"column":9}},"loc":{"start":{"line":43,"column":15},"end":{"line":43,"column":null}},"line":43},"2":{"name":"loadAllAgentConfigs","decl":{"start":{"line":65,"column":16},"end":{"line":65,"column":36}},"loc":{"start":{"line":65,"column":68},"end":{"line":76,"column":null}},"line":65},"3":{"name":"(anonymous_3)","decl":{"start":{"line":71,"column":49},"end":{"line":71,"column":null}},"loc":{"start":{"line":72,"column":8},"end":{"line":72,"column":null}},"line":72},"4":{"name":"(anonymous_4)","decl":{"start":{"line":75,"column":21},"end":{"line":75,"column":26}},"loc":{"start":{"line":75,"column":26},"end":{"line":75,"column":64}},"line":75}},"branchMap":{"0":{"loc":{"start":{"line":22,"column":4},"end":{"line":24,"column":null}},"type":"if","locations":[{"start":{"line":22,"column":4},"end":{"line":24,"column":null}},{"start":{},"end":{}}],"line":22},"1":{"loc":{"start":{"line":22,"column":8},"end":{"line":22,"column":53}},"type":"binary-expr","locations":[{"start":{"line":22,"column":8},"end":{"line":22,"column":22}},{"start":{"line":22,"column":22},"end":{"line":22,"column":53}}],"line":22},"2":{"loc":{"start":{"line":25,"column":4},"end":{"line":27,"column":null}},"type":"if","locations":[{"start":{"line":25,"column":4},"end":{"line":27,"column":null}},{"start":{},"end":{}}],"line":25},"3":{"loc":{"start":{"line":25,"column":8},"end":{"line":25,"column":57}},"type":"binary-expr","locations":[{"start":{"line":25,"column":8},"end":{"line":25,"column":24}},{"start":{"line":25,"column":24},"end":{"line":25,"column":57}}],"line":25},"4":{"loc":{"start":{"line":28,"column":4},"end":{"line":30,"column":null}},"type":"if","locations":[{"start":{"line":28,"column":4},"end":{"line":30,"column":null}},{"start":{},"end":{}}],"line":28},"5":{"loc":{"start":{"line":28,"column":8},"end":{"line":28,"column":71}},"type":"binary-expr","locations":[{"start":{"line":28,"column":8},"end":{"line":28,"column":31}},{"start":{"line":28,"column":31},"end":{"line":28,"column":71}}],"line":28},"6":{"loc":{"start":{"line":33,"column":4},"end":{"line":35,"column":null}},"type":"if","locations":[{"start":{"line":33,"column":4},"end":{"line":35,"column":null}},{"start":{},"end":{}}],"line":33},"7":{"loc":{"start":{"line":33,"column":8},"end":{"line":33,"column":34}},"type":"binary-expr","locations":[{"start":{"line":33,"column":8},"end":{"line":33,"column":18}},{"start":{"line":33,"column":18},"end":{"line":33,"column":34}}],"line":33},"8":{"loc":{"start":{"line":38,"column":4},"end":{"line":40,"column":null}},"type":"if","locations":[{"start":{"line":38,"column":4},"end":{"line":40,"column":null}},{"start":{},"end":{}}],"line":38},"9":{"loc":{"start":{"line":53,"column":20},"end":{"line":53,"column":null}},"type":"binary-expr","l
[...]
olumn":20},"end":{"line":180,"column":null}},"67":{"start":{"line":176,"column":24},"end":{"line":176,"column":null}},"68":{"start":{"line":177,"column":24},"end":{"line":177,"column":null}},"69":{"start":{"line":179,"column":24},"end":{"line":179,"column":null}}},"fnMap":{"0":{"name":"(anonymous_0)","decl":{"start":{"line":36,"column":4},"end":{"line":36,"column":16}},"loc":{"start":{"line":36,"column":34},"end":{"line":38,"column":null}},"line":36},"1":{"name":"(anonymous_1)","decl":{"start":{"line":43,"column":12},"end":{"line":43,"column":26}},"loc":{"start":{"line":43,"column":67},"end":{"line":45,"column":null}},"line":43},"2":{"name":"(anonymous_2)","decl":{"start":{"line":50,"column":12},"end":{"line":50,"column":27}},"loc":{"start":{"line":50,"column":87},"end":{"line":52,"column":null}},"line":50},"3":{"name":"(anonymous_3)","decl":{"start":{"line":57,"column":4},"end":{"line":57,"column":null}},"loc":{"start":{"line":62,"column":12},"end":{"line":73,"column":null}},"line":62},"4":{"name":"(anonymous_4)","decl":{"start":{"line":78,"column":4},"end":{"line":78,"column":9}},"loc":{"start":{"line":78,"column":80},"end":{"line":89,"column":null}},"line":78},"5":{"name":"(anonymous_5)","decl":{"start":{"line":84,"column":24},"end":{"line":84,"column":32}},"loc":{"start":{"line":84,"column":32},"end":{"line":84,"column":43}},"line":84},"6":{"name":"(anonymous_6)","decl":{"start":{"line":85,"column":21},"end":{"line":85,"column":29}},"loc":{"start":{"line":85,"column":29},"end":{"line":85,"column":64}},"line":85},"7":{"name":"(anonymous_7)","decl":{"start":{"line":94,"column":4},"end":{"line":94,"column":15}},"loc":{"start":{"line":94,"column":94},"end":{"line":114,"column":null}},"line":94},"8":{"name":"(anonymous_8)","decl":{"start":{"line":104,"column":57},"end":{"line":104,"column":62}},"loc":{"start":{"line":104,"column":62},"end":{"line":104,"column":68}},"line":104},"9":{"name":"(anonymous_9)","decl":{"start":{"line":119,"column":4},"end":{"line":119,"column":17}},"loc":{"start":{"line":119,"column":60},"end":{"line":128,"column":null}},"line":119},"10":{"name":"(anonymous_10)","decl":{"start":{"line":123,"column":24},"end":{"line":123,"column":29}},"loc":{"start":{"line":123,"column":29},"end":{"line":123,"column":49}},"line":123},"11":{"name":"(anonymous_11)","decl":{"start":{"line":124,"column":21},"end":{"line":124,"column":26}},"loc":{"start":{"line":124,"column":26},"end":{"line":124,"column":49}},"line":124},"12":{"name":"(anonymous_12)","decl":{"start":{"line":133,"column":4},"end":{"line":133,"column":11}},"loc":{"start":{"line":137,"column":7},"end":{"line":162,"column":null}},"line":137},"13":{"name":"(anonymous_13)","decl":{"start":{"line":151,"column":52},"end":{"line":151,"column":57}},"loc":{"start":{"line":151,"column":57},"end":{"line":151,"column":93}},"line":151},"14":{"name":"(anonymous_14)","decl":{"start":{"line":167,"column":4},"end":{"line":167,"column":17}},"loc":{"start":{"line":167,"column":39},"end":{"line":184,"column":null}},"line":167}},"branchMap":{"0":{"loc":{"start":{"line":12,"column":17},"end":{"line":12,"column":null}},"type":"binary-expr","locations":[{"start":{"line":12,"column":17},"end":{"line":12,"column":48}},{"start":{"line":12,"column":48},"end":{"line":12,"column":null}}],"line":12},"1":{"loc":{"start":{"line":37,"column":33},"end":{"line":37,"column":54}},"type":"binary-expr","locations":[{"start":{"line":37,"column":33},"end":{"line":37,"column":44}},{"start":{"line":37,"column":44},"end":{"line":37,"column":54}}],"line":37},"2":{"loc":{"start":{"line":64,"column":8},"end":{"line":66,"column":null}},"type":"if","locations":[{"start":{"line":64,"column":8},"end":{"line":66,"column":null}},{"start":{},"end":{}}],"line":64},"3":{"loc":{"start":{"line":96,"column":8},"end":{"line":96,"column":null}},"type":"if","locations":[{"start":{"line":96,"column":8},"end":{"line":96,"column":null}},{"start":{},"end":{}}],"line":96},"4":{"loc":{"start":{"line":101,"column":67},"end":{"line":101,"column":105}},"type":"cond-expr","locations":[{"start":{"line":101,"column":95},"end":{"line":101,"column":103}},{"start":{"line":101,"column":103},"end":{"line":101,"column":105}}],"line":101},"5":{"loc":{"start":{"line":103,"column":12},"end":{"line":105,"column":null}},"type":"if","locations":[{"start":{"line":103,"column":12},"end":{"line":105,"column":null}},{"start":{},"end":{}}],"line":103},"6":{"loc":{"start":{"line":110,"column":8},"end":{"line":112,"column":null}},"type":"if","locations":[{"start":{"line":110,"column":8},"end":{"line":112,"column":null}},{"start":{},"end":{}}],"line":110},"7":{"loc":{"start":{"line":110,"column":12},"end":{"line":110,"column":48}},"type":"binary-expr","locations":[{"start":{"line":110,"column":12},"end":{"line":110,"column":24}},{"start":{"line":110,"column":24},"end":{"line":110,"column":48}}],"line":110},"8":{"loc":{"start":{"line":133,"column":59},"end":{"line":133,"column":null}},"type":"default-arg","locations":[{"start":{"line":133,"column":72},"end":{"line":133,"column":null}}],"line":133},"9":{"loc":{"start":{"line":143,"column":12},"end":{"line":143,"column":null}},"type":"if","locations":[{"start":{"line":143,"column":12},"end":{"line":143,"column":null}},{"start":{},"end":{}}],"line":143},"10":{"loc":{"start":{"line":146,"column":16},"end":{"line":146,"column":null}},"type":"if","locations":[{"start":{"line":146,"column":16},"end":{"line":146,"column":null}},{"start":{},"end":{}}],"line":146},"11":{"loc":{"start":{"line":148,"column":16},"end":{"line":157,"column":null}},"type":"if","locations":[{"start":{"line":148,"column":16},"end":{"line":157,"column":null}},{"start":{},"end":{}}],"line":148},"12":{"loc":{"start":{"line":151,"column":38},"end":{"line":151,"column":null}},"type":"binary-expr","locations":[{"start":{"line":151,"column":38},"end":{"line":151,"column":98}},{"start":{"line":151,"column":98},"end":{"line":151,"column":null}}],"line":151},"13":{"loc":{"start":{"line":168,"column":8},"end":{"line":168,"column":null}},"type":"if","locations":[{"start":{"line":168,"column":8},"end":{"line":168,"column":null}},{"start":{},"end":{}}],"line":168},"14":{"loc":{"start":{"line":172,"column":12},"end":{"line":182,"column":null}},"type":"if","locations":[{"start":{"line":172,"column":12},"end":{"line":182,"column":null}},{"start":{},"end":{}}],"line":172},"15":{"loc":{"start":{"line":174,"column":16},"end":{"line":181,"column":null}},"type":"if","locations":[{"start":{"line":174,"column":16},"end":{"line":181,"column":null}},{"start":{},"end":{}}],"line":174}},"s":{"0":1,"1":1,"2":0,"3":0,"4":0,"5":0,"6":0,"7":0,"8":0,"9":0,"10":0,"11":0,"12":0,"13":0,"14":0,"15":0,"16":0,"17":0,"18":0,"19":0,"20":0,"21":0,"22":0,"23":0,"24":0,"25":0,"26":0,"27":0,"28":0,"29":0,"30":0,"31":0,"32":0,"33":0,"34":0,"35":0,"36":0,"37":0,"38":0,"39":0,"40":0,"41":0,"42":0,"43":0,"44":0,"45":0,"46":0,"47":0,"48":0,"49":0,"50":0,"51":0,"52":0,"53":0,"54":0,"55":0,"56":0,"57":0,"58":0,"59":0,"60":0,"61":0,"62":0,"63":0,"64":0,"65":0,"66":0,"67":0,"68":0,"69":0},"f":{"0":0,"1":0,"2":0,"3":0,"4":0,"5":0,"6":0,"7":0,"8":0,"9":0,"10":0,"11":0,"12":0,"13":0,"14":0},"b":{"0":[1,1],"1":[0,0],"2":[0,0],"3":[0,0],"4":[0,0],"5":[0,0],"6":[0,0],"7":[0,0],"8":[0],"9":[0,0],"10":[0,0],"11":[0,0],"12":[0,0],"13":[0,0],"14":[0,0],"15":[0,0]},"meta":{"lastBranch":16,"lastFunction":15,"lastStatement":70,"seen":{"s:10:12:10:Infinity":0,"s:12:17:12:Infinity":1,"b:12:17:12:48:12:48:12:Infinity":0,"f:36:4:36:16":0,"s:37:8:37:Infinity":2,"b:37:33:37:44:37:44:37:54":1,"f:43:12:43:26":1,"s:44:8:44:Infinity":3,"f:50:12:50:27":2,"s:51:8:51:Infinity":4,"f:57:4:57:Infinity":3,"s:63:20:63:Infinity":5,"b:64:8:66:Infinity:undefined:undefined:undefined:undefined":2,"s:64:8:66:Infinity":6,"s:65:12:65:Infinity":7,"s:68:25:68:Infinity":8,"s:69:21:69:Infinity":9,"s:70:8:70:Infinity":10,"s:72:8:72:Infinity":11,"f:78:4:78:9":4,"s:79:25:79:Infinity":12,"s:80:8:88:Infinity":13,"s:81:28:81:Infinity":14,"s:82:12:85:Infinity":15,"f:84:24:84:32":5,"s:84:32:84:43":16,"f:85:21:85:29":6,"s:85:29:85:64":17,"s:87:12:87:Infinity":18,"f:94:4:94:15":7,"s:95:24:95:Infinity":19,"b:96:8:96:Infinity:undefined:undefined:undefined:undefined":3,"s:96:8:96:Infinity":20,"s:96:34:96:Infinity":21,"s:98:32:98:Infinity":22,"s:99:8:107:Infinity":23,"s:100:12:100:Infinity":24,"s:101:12:101:Infinity":25,"b:101:95:101:103:101:103:101:105":4,"s:102:12:102:Infinity":26,"b:103:12:105:Infinity:undefined:undefined:undefined:undefined":5,"s:103:12:105:Infinity":27,"s:104:16:104:Infinity":28,"f:104:57:104:62":8,"s:104:62:104:68":29,"s:106:12:106:Infinity":30,"s:109:21:109:Infinity":31,"b:110:8:112:Infinity:undefined:undefined:undefined:undefined":6,"s:110:8:112:Infinity":32,"b:110:12:110:24:110:24:110:48":7,"s:111:12:111:Infinity":33,"s:113:8:113:Infinity":34,"f:119:4:119:17":9,"s:120:20:120:Infinity":35,"s:121:8:127:Infinity":36,"s:122:12:124:Infinity":37,"f:123:24:123:29":10,"s:123:29:123:49":38,"f:124:21:124:26":11,"s:124:26:124:49":39,"s:126:12:126:Infinity":40,"f:133:4:133:11":12,"b:133:72:133:Infinity":8,"s:138:27:138:Infinity":41,"s:139:98:139:Infinity":42,"s:140:27:140:Infinity":43,"s:142:8:159:Infinity":44,"b:143:12:143:Infinity:undefined:undefined:undefined:undefined":9,"s:143:12:143:Infinity":45,"s:143:46:143:Infinity":46,"s:144:28:144:Infinity":47,"s:145:12:158:Infinity":48,"b:146:16:146:Infinity:undefined:undefined:undefined:undefined":10,"s:146:16:146:Infinity":49,"s:146:50:146:Infinity":50,"s:147:33:147:Infinity":51,"b:148:16:157:Infinity:undefined:undefined:undefined:undefined":11,"s:148:16:157:Infinity":52,"s:150:37:150:Infinity":53,"s:151:38:151:Infinity":54,"b:151:38:151:98:151:98:151:Infinity":12,"f:151:52:151:57":13,"s:151:57:151:93":55,"s:152:20:156:Infinity":56,"s:161:8:161:Infinity":57,"f:167:4:167:17":14,"b:168:8:168:Infinity:undefined:undefined:undefined:undefined":13,"s:168:8:168:Infinity":58,"s:168:42:168:Infinity":59,"s:169:21:169:Infinity":60,"s:170:23:170:Infinity":61,"s:171:8:183:Infinity":62,"b:172:12:182:Infinity:undefined:undefined:undefined:undefined":14,"s:172:12:182:Infinity":63,"s:173:32:173:Infinity":64,"b:174:16:181:Infinity:undefined:undefined:undefined:undefined":15,"s:174:16:181:Infinity":65,"s:175:20:180:Infinity":66,"s:176:24:176:Infinity":67,"s:177:24:177:Infinity":68,"s:179:24:179:Infinity":69}}}
,"/Users/casu/Documents/Colony/.worktrees/task-df22275d/src/utils/EventBus.ts": {"path":"/Users/casu/Documents/Colony/.worktrees/task-df22275d/src/utils/EventBus.ts","statementMap":{"0":{"start":{"line":8,"column":24},"end":{"line":8,"column":null}},"1":{"start":{"line":11,"column":8},"end":{"line":13,"column":null}},"2":{"start":{"line":12,"column":12},"end":{"line":12,"column":null}},"3":{"start":{"line":14,"column":20},"end":{"line":14,"column":null}},"4":{"start":{"line":15,"column":8},"end":{"line":15,"column":null}},"5":{"start":{"line":16,"column":8},"end":{"line":16,"column":null}},"6":{"start":{"line":16,"column":21},"end":{"line":16,"column":null}},"7":{"start":{"line":20,"column":20},"end":{"line":20,"column":null}},"8":{"start":{"line":21,"column":8},"end":{"line":29,"column":null}},"9":{"start":{"line":22,"column":12},"end":{"line":28,"column":null}},"10":{"start":{"line":23,"column":16},"end":{"line":27,"column":null}},"11":{"start":{"line":24,"column":21},"end":{"line":24,"column":null}},"12":{"start":{"line":26,"column":20},"end":{"line":26,"column":null}},"13":{"start":{"line":33,"column":8},"end":{"line":33,"column":null}},"14":{"start":{"line":37,"column":8},"end":{"line":41,"column":null}},"15":{"start":{"line":38,"column":12},"end":{"line":38,"column":null}},"16":{"start":{"line":40,"column":12},"end":{"line":40,"column":null}}},"fnMap":{"0":{"name":"(anonymous_0)","decl":{"start":{"line":10,"column":4},"end":{"line":10,"column":33}},"loc":{"start":{"line":10,"column":88},"end":{"line":17,"column":null}},"line":10},"1":{"name":"(anonymous_1)","decl":{"start":{"line":16,"column":15},"end":{"line":16,"column":21}},"loc":{"start":{"line":16,"column":21},"end":{"line":16,"column":null}},"line":16},"2":{"name":"(anonymous_2)","decl":{"start":{"line":19,"column":4},"end":{"line":19,"column":35}},"loc":{"start":{"line":19,"column":70},"end":{"line":30,"column":null}},"line":19},"3":{"name":"(anonymous_3)","decl":{"start":{"line":32,"column":4},"end":{"line":32,"column":34}},"loc":{"start":{"line":32,"column":83},"end":{"line":34,"column":null}},"line":32},"4":{"name":"(anonymous_4)","decl":{"start":{"line":36,"column":4},"end":{"line":36,"column":23}},"loc":{"start":{"line":36,"column":53},"end":{"line":42,"column":null}},"line":36}},"branchMap":{"0":{"loc":{"start":{"line":11,"column":8},"end":{"line":13,"column":null}},"type":"if","locations":[{"start":{"line":11,"column":8},"end":{"line":13,"column":null}},{"start":{},"end":{}}],"line":11},"1":{"loc":{"start":{"line":21,"column":8},"end":{"line":29,"column":null}},"type":"if","locations":[{"start":{"line":21,"column":8},"end":{"line":29,"column":null}},{"start":{},"end":{}}],"line":21},"2":{"loc":{"start":{"line":37,"column":8},"end":{"line":41,"column":null}},"type":"if","locations":[{"start":{"line":37,"column":8},"end":{"line":41,"column":null}},{"start":{"line":39,"column":15},"end":{"line":41,"column":null}}],"line":37}},"s":{"0":7,"1":4,"2":4,"3":4,"4":4,"5":4,"6":0,"7":22,"8":22,"9":8,"10":8,"11":8,"12":0,"13":0,"14":0,"15":0,"16":0},"f":{"0":4,"1":0,"2":22,"3":0,"4":0},"b":{"0":[4,0],"1":[8,14],"2":[0,0]},"meta":{"lastBranch":3,"lastFunction":5,"lastStatement":17,"seen":{"s:8:24:8:Infinity":0,"f:10:4:10:33":0,"b:11:8:13:Infinity:undefined:undefined:undefined:undefined":0,"s:11:8:13:Infinity":1,"s:12:12:12:Infinity":2,"s:14:20:14:Infinity":3,"s:15:8:15:Infinity":4,"s:16:8:16:Infinity":5,"f:16:15:16:21":1,"s:16:21:16:Infinity":6,"f:19:4:19:35":2,"s:20:20:20:Infinity":7,"b:21:8:29:Infinity:undefined:undefined:undefined:undefined":1,"s:21:8:29:Infinity":8,"s:22:12:28:Infinity":9,"s:23:16:27:Infinity":10,"s:24:21:24:Infinity":11,"s:26:20:26:Infinity":12,"f:32:4:32:34":3,"s:33:8:33:Infinity":13,"f:36:4:36:23":4,"b:37:8:41:Infinity:39:15:41:Infinity":2,"s:37:8:41:Infinity":14,"s:38:12:38:Infinity":15,"s:40:12:40:Infinity":16}}}
,"/Users/casu/Documents/Colony/.worktrees/task-df22275d/src/utils/Logger.ts": {"path":"/Users/casu/Documents/Colony/.worktrees/task-df22275d/src/utils/Logger.ts","statementMap":{"0":{"start":{"line":10,"column":46},"end":{"line":15,"column":null}},"1":{"start":{"line":17,"column":47},"end":{"line":22,"column":null}},"2":{"start":{"line":24,"column":14},"end":{"line":24,"column":null}},"3":{"start":{"line":26,"column":28},"end":{"line":26,"column":null}},"4":{"start":{"line":29,"column":4},"end":{"line":29,"column":null}},"5":{"start":{"line":33,"column":24},"end":{"line":33,"column":43}},"6":{"start":{"line":36,"column":8},"end":{"line":36,"column":null}},"7":{"start":{"line":40,"column":8},"end":{"line":40,"column":null}},"8":{"start":{"line":44,"column":8},"end":{"line":44,"column":null}},"9":{"start":{"line":48,"column":8},"end":{"line":48,"column":null}},"10":{"start":{"line":52,"column":8},"end":{"line":52,"column":null}},"11":{"start":{"line":52,"column":59},"end":{"line":52,"column":null}},"12":{"start":{"line":53,"column":14},"end":{"line":53,"column":null}},"13":{"start":{"line":54,"column":22},"end":{"line":54,"column":null}},"14":{"start":{"line":55,"column":23},"end":{"line":55,"column":null}},"15":{"start":{"line":58,"column":8},"end":{"line":58,"column":null}},"16":{"start":{"line":61,"column":8},"end":{"line":63,"column":null}},"17":{"start":{"line":62,"column":12},"end":{"line":62,"column":null}},"18":{"start":{"line":70,"column":8},"end":{"line":85,"column":null}},"19":{"start":{"line":71,"column":27},"end":{"line":71,"column":null}},"20":{"start":{"line":72,"column":12},"end":{"line":74,"column":null}},"21":{"start":{"line":73,"column":16},"end":{"line":73,"column":null}},"22":{"start":{"line":76,"column":28},"end":{"line":76,"column":null}},"23":{"start":{"line":77,"column":28},"end":{"line":77,"column":null}},"24":{"start":{"line":79,"column":18},"end":{"line":79,"column":null}},"25":{"start":{"line":80,"column":29},"end":{"line":80,"column":null}},"26":{"start":{"line":82,"column":12},"end":{"line":82,"column":null}}},"fnMap":{"0":{"name":"setLogLevel","decl":{"start":{"line":28,"column":16},"end":{"line":28,"column":28}},"loc":{"start":{"line":28,"column":51},"end":{"line":30,"column":null}},"line":28},"1":{"name":"(anonymous_1)","decl":{"start":{"line":33,"column":4},"end":{"line":33,"column":24}},"loc":{"start":{"line":33,"column":43},"end":{"line":33,"column":null}},"line":33},"2":{"name":"(anonymous_2)","decl":{"start":{"line":35,"column":4},"end":{"line":35,"column":10}},"loc":{"start":{"line":35,"column":49},"end":{"line":37,"column":null}},"line":35},"3":{"name":"(anonymous_3)","decl":{"start":{"line":39,"column":4},"end":{"line":39,"column":9}},"loc":{"start":{"line":39,"column":48},"end":{"line":41,"column":null}},"line":39},"4":{"name":"(anonymous_4)","decl":{"start":{"line":43,"column":4},"end":{"line":43,"column":9}},"loc":{"start":{"line":43,"column":48},"end":{"line":45,"column":null}},"line":43},"5":{"name":"(anonymous_5)","decl":{"start":{"line":47,"column":4},"end":{"line":47,"column":10}},"loc":{"start":{"line":47,"column":49},"end":{"line":49,"column":null}},"line":47},"6":{"name":"(anonymous_6)","decl":{"start":{"line":51,"column":12},"end":{"line":51,"column":16}},"loc":{"start":{"line":51,"column":72},"end":{"line":64,"column":null}},"line":51},"7":{"name":"(anonymous_7)","decl":{"start":{"line":69,"column":12},"end":{"line":69,"column":22}},"loc":{"start":{"line":69,"column":90},"end":{"line":86,"column":null}},"line":69}},"branchMap":{"0":{"loc":{"start":{"line":52,"column":8},"end":{"line":52,"column":null}},"type":"if","locations":[{"start":{"line":52,"column":8},"end":{"line":52,"column":null}},{"start":{},"end":{}}],"line":52},"1":{"loc":{"start":{"line":61,"column":8},"end":{"line":63,"column":null}},"type":"if","locations":[{"start":{"line":61,"column":8},"end":{"line":63,"column":null}},{"start":{},"end":{}}],"line":61},"2":{"loc":{"start":{"line":71,"column":27},"end":{"line":71,"column":null}},"type":"binary-expr","locations":[{"start":{"line":71,"column":27},"end":{"line":71,"column":50}},{"start":{"line":71,"column":50},"end":{"line":71,"column":null}}],"line":71},"3":{"loc":{"start":{"line":72,"column":12},"end":{"line":74,"column":null}},"type":"if","locations":[{"start":{"line":72,"column":12},"end":{"line":74,"column":null}},{"start":{},"end":{}}],"line":72}},"s":{"0":9,"1":9,"2":9,"3":9,"4":0,"5":22,"6":22,"7":28,"8":5,"9":1,"10":56,"11":22,"12":34,"13":34,"14":34,"15":34,"16":34,"17":34,"18":34,"19":34,"20":34,"21":2,"22":34,"23":34,"24":34,"25":34,"26":34},"f":{"0":0,"1":22,"2":22,"3":28,"4":5,"5":1,"6":56,"7":34},"b":{"0":[22,34],"1":[34,0],"2":[34,34],"3":[2,32]},"meta":{"lastBranch":4,"lastFunction":8,"lastStatement":27,"seen":{"s:10:46:15:Infinity":0,"s:17:47:22:Infinity":1,"s:24:14:24:Infinity":2,"s:26:28:26:Infinity":3,"f:28:16:28:28":0,"s:29:4:29:Infinity":4,"f:33:4:33:24":1,"s:33:24:33:43":5,"f:35:4:35:10":2,"s:36:8:36:Infinity":6,"f:39:4:39:9":3,"s:40:8:40:Infinity":7,"f:43:4:43:9":4,"s:44:8:44:Infinity":8,"f:47:4:47:10":5,"s:48:8:48:Infinity":9,"f:51:12:51:16":6,"b:52:8:52:Infinity:undefined:undefined:undefined:undefined":0,"s:52:8:52:Infinity":10,"s:52:59:52:Infinity":11,"s:53:14:53:Infinity":12,"s:54:22:54:Infinity":13,"s:55:23:55:Infinity":14,"s:58:8:58:Infinity":15,"b:61:8:63:Infinity:undefined:undefined:undefined:undefined":1,"s:61:8:63:Infinity":16,"s:62:12:62:Infinity":17,"f:69:12:69:22":7,"s:70:8:85:Infinity":18,"s:71:27:71:Infinity":19,"b:71:27:71:50:71:50:71:Infinity":2,"b:72:12:74:Infinity:undefined:undefined:undefined:undefined":3,"s:72:12:74:Infinity":20,"s:73:16:73:Infinity":21,"s:76:28:76:Infinity":22,"s:77:28:77:Infinity":23,"s:79:18:79:Infinity":24,"s:80:29:80:Infinity":25,"s:82:12:82:Infinity":26}}}
}
