{"/Users/casu/Documents/Colony/.worktrees/task-506080e6/src/calculator.ts": {"path":"/Users/casu/Documents/Colony/.worktrees/task-506080e6/src/calculator.ts","statementMap":{"0":{"start":{"line":2,"column":2},"end":{"line":2,"column":null}},"1":{"start":{"line":6,"column":2},"end":{"line":6,"column":null}}},"fnMap":{"0":{"name":"add","decl":{"start":{"line":1,"column":16},"end":{"line":1,"column":20}},"loc":{"start":{"line":1,"column":50},"end":{"line":3,"column":null}},"line":1},"1":{"name":"subtract","decl":{"start":{"line":5,"column":16},"end":{"line":5,"column":25}},"loc":{"start":{"line":5,"column":55},"end":{"line":7,"column":null}},"line":5}},"branchMap":{},"s":{"0":1,"1":1},"f":{"0":1,"1":1},"b":{},"meta":{"lastBranch":0,"lastFunction":2,"lastStatement":2,"seen":{"f:1:16:1:20":0,"s:2:2:2:Infinity":0,"f:5:16:5:25":1,"s:6:2:6:Infinity":1}}}
,"/Users/casu/Documents/Colony/.worktrees/task-506080e6/src/agent/Agent.ts": {"path":"/Users/casu/Documents/Colony/.worktrees/task-506080e6/src/agent/Agent.ts","statementMap":{"0":{"start":{"line":28,"column":12},"end":{"line":28,"column":null}},"1":{"start":{"line":39,"column":22},"end":{"line":39,"column":null}},"2":{"start":{"line":42,"column":34},"end":{"line":42,"column":null}},"3":{"start":{"line":43,"column":38},"end":{"line":43,"column":null}},"4":{"start":{"line":44,"column":25},"end":{"line":44,"column":null}},"5":{"start":{"line":45,"column":32},"end":{"line":45,"column":null}},"6":{"start":{"line":58,"column":31},"end":{"line":58,"column":null}},"7":{"start":{"line":61,"column":32},"end":{"line":61,"column":null}},"8":{"start":{"line":200,"column":51},"end":{"line":200,"column":null}},"9":{"start":{"line":70,"column":8},"end":{"line":70,"column":null}},"10":{"start":{"line":71,"column":8},"end":{"line":71,"column":null}},"11":{"start":{"line":72,"column":8},"end":{"line":72,"column":null}},"12":{"start":{"line":73,"column":8},"end":{"line":73,"column":null}},"13":{"start":{"line":74,"column":8},"end":{"line":74,"column":null}},"14":{"start":{"line":75,"column":8},"end":{"line":75,"column":null}},"15":{"start":{"line":76,"column":8},"end":{"line":76,"column":null}},"16":{"start":{"line":77,"column":8},"end":{"line":77,"column":null}},"17":{"start":{"line":78,"column":8},"end":{"line":78,"column":null}},"18":{"start":{"line":79,"column":8},"end":{"line":85,"column":null}},"19":{"start":{"line":86,"column":8},"end":{"line":86,"column":null}},"20":{"start":{"line":87,"column":8},"end":{"line":87,"column":null}},"21":{"start":{"line":89,"column":8},"end":{"line":89,"column":null}},"22":{"start":{"line":95,"column":8},"end":{"line":95,"column":null}},"23":{"start":{"line":102,"column":27},"end":{"line":102,"column":null}},"24":{"start":{"line":103,"column":8},"end":{"line":108,"column":null}},"25":{"start":{"line":104,"column":12},"end":{"line":104,"column":null}},"26":{"start":{"line":105,"column":12},"end":{"line":105,"column":null}},"27":{"start":{"line":106,"column":12},"end":{"line":106,"column":null}},"28":{"start":{"line":107,"column":12},"end":{"line":107,"column":null}},"29":{"start":{"line":118,"column":8},"end":{"line":118,"column":null}},"30":{"start":{"line":118,"column":43},"end":{"line":118,"column":null}},"31":{"start":{"line":120,"column":28},"end":{"line":120,"column":null}},"32":{"start":{"line":121,"column":8},"end":{"line":121,"column":null}},"33":{"start":{"line":124,"column":8},"end":{"line":124,"column":null}},"34":{"start":{"line":126,"column":8},"end":{"line":126,"column":null}},"35":{"start":{"line":127,"column":8},"end":{"line":127,"column":null}},"36":{"start":{"line":135,"column":30},"end":{"line":135,"column":null}},"37":{"start":{"line":136,"column":8},"end":{"line":145,"column":null}},"38":{"start":{"line":137,"column":12},"end":{"line":144,"column":null}},"39":{"start":{"line":146,"column":8},"end":{"line":146,"column":null}},"40":{"start":{"line":154,"column":25},"end":{"line":154,"column":null}},"41":{"start":{"line":155,"column":8},"end":{"line":162,"column":null}},"42":{"start":{"line":156,"column":12},"end":{"line":161,"column":null}},"43":{"start":{"line":168,"column":8},"end":{"line":168,"column":null}},"44":{"start":{"line":168,"column":29},"end":{"line":168,"column":null}},"45":{"start":{"line":169,"column":8},"end":{"line":169,"column":null}},"46":{"start":{"line":171,"column":8},"end":{"line":193,"column":null}},"47":{"start":{"line":172,"column":12},"end":{"line":190,"column":null}},"48":{"start":{"line":174,"column":28},"end":{"line":174,"column":null}},"49":{"start":{"line":175,"column":32},"end":{"line":175,"column":null}},"50":{"start":{"line":176,"column":16},"end":{"line":180,"column":null}},"51":{"start":{"line":177,"column":34},"end":{"line":177,"column":null}},"52":{"start":{"line":178,"column":20},"end":{"line":178,"column":null}},"53":{"start":{"line":179,"column":20},"end":{"line":179,"column":null}},"54":{"start":{"line":179,"column":49},"end":{"line":179,"column":75}},"55":{"start":{"line":182,"column":32},"end":{"line":182,"column":null}},"56":{"start":{"line":183,"column":16},"end":{"line":189,"column":null}},"57":{"start":{"line":184,"column":20},"end":{"line":184,"column":null}},"58":{"start":{"line":186,"column":20},"end":{"line":186,"column":null}},"59":{"start":{"line":188,"column":20},"end":{"line":188,"column":null}},"60":{"start":{"line":192,"column":12},"end":{"line":192,"column":null}},"61":{"start":{"line":207,"column":8},"end":{"line":209,"column":null}},"62":{"start":{"line":208,"column":12},"end":{"line":208,"column":null}},"63":{"start":{"line":211,"column":41},"end":{"line":211,"column":null}},"64":{"start":{"line":212,"column":8},"end":{"line":228,"column":null}},"65":{"start":{"line":213,"column":34},"end":{"line":214,"column":null}},"66":{"start":{"line":214,"column":16},"end":{"line":214,"column":null}},"67":{"start":{"line":216,"column":42},"end":{"line":216,"column":null}},"68":{"start":{"line":217,"column":41},"end":{"line":217,"column":null}},"69":{"start":{"line":218,"column":43},"end":{"line":218,"column":null}},"70":{"start":{"line":220,"column":38},"end":{"line":221,"column":null}},"71":{"start":{"line":223,"column":12},"end":{"line":225,"column":null}},"72":{"start":{"line":224,"column":16},"end":{"line":224,"column":null}},"73":{"start":{"line":227,"column":12},"end":{"line":227,"column":null}},"74":{"start":{"line":230,"column":8},"end":{"line":230,"column":null}},"75":{"start":{"line":234,"column":8},"end":{"line":234,"column":null}},"76":{"start":{"line":237,"column":25},"end":{"line":237,"column":null}},"77":{"start":{"line":238,"column":8},"end":{"line":242,"column":null}},"78":{"start":{"line":239,"column":12},"end":{"line":239,"column":null}},"79":{"start":{"line":240,"column":12},"end":{"line":240,"column":null}},"80":{"start":{"line":241,"column":12},"end":{"line":241,"column":null}},"81":{"start":{"line":244,"column":8},"end":{"line":555,"column":null}},"82":{"start":{"line":246,"column":12},"end":{"line":550,"column":null}},"83":{"start":{"line":247,"column":32},"end":{"line":247,"column":null}},"84":{"start":{"line":248,"column":24},"end":{"line":248,"column":null}},"85":{"start":{"line":249,"column":47},"end":{"line":249,"column":null}},"86":{"start":{"line":252,"column":31},"end":{"line":252,"column":null}},"87":{"start":{"line":253,"column":12},"end":{"line":253,"column":null}},"88":{"start":{"line":257,"column":37},"end":{"line":257,"column":null}},"89":{"start":{"line":258,"column":12},"end":{"line":260,"column":null}},"90":{"start":{"line":259,"column":16},"end":{"line":259,"column":null}},"91":{"start":{"line":261,"column":36},"end":{"line":261,"column":null}},"92":{"start":{"line":264,"column":32},"end":{"line":272,"column":null}},"93":{"start":{"line":274,"column":12},"end":{"line":530,"column":null}},"94":{"start":{"line":275,"column":16},"end":{"line":275,"column":null}},"95":{"start":{"line":277,"column":38},"end":{"line":277,"column":null}},"96":{"start":{"line":280,"column":41},"end":{"line":280,"column":null}},"97":{"start":{"line":281,"column":16},"end":{"line":316,"column":null}},"98":{"start":{"line":282,"column":35},"end":{"line":282,"column":null}},"99":{"start":{"line":283,"column":20},"end":{"line":315,"column":null}},"100":{"start":{"line":284,"column":24},"end":{"line":284,"column":null}},"101":{"start":{"line":285,"column":39},"end":{"line":285,"column":null}},"102":{"start":{"line":286,"column":24},"end":{"line":312,"column":null}},"103":{"start":{"line":287,"column":28},"end":{"line":287,"column":null}},"104":{"start":{"line":290,"column":28},"end":{"line":290,"column":null}},"105":{"start":{"line":293,"column":28},"end":{"line":298,"column":null}},"106":{"start":{"line":294,"column":32},"end":{"line":294,"column":null}},"107":{"start":{"line":295,"column":32},"end":{"line":295,"column":null}},"108":{"start":{"line":297,"column":32},"end":{"line":297,"column":null}},"109":{"start":{"line":302,"column":28},"end":{"line":311,"column":null}},"110":{"start":{"line":313,"column":20},"end":{"line":315,"column":null}},"111":{"start":{"line":314,"column":24},"end":{"line":314,"column":null}},"112":{"start":{"line":318,"column":40},"end":{"line":318,"column":null}},"113":{"start":{"line":320,"column":16},"end":{"line":320,"column":null}},"114":{"start":{"line":323,"column":35},"end":{"line":326,"column":null}},"115":{"start":{"line":327,"column":34},"end":{"line":327,"column":null}},"116":{"start":{"line":328,"column":16},"end":{"line":328,"column":null}},"117":{"start":{"line":330,"column":35},"end":{"line":330,"column":null}},"118":{"start":{"line":331,"column":16},"end":{"line":331,"column":null}},"119":{"start":{"line":333,"column":16},"end":{"line":529,"column":null}},"120":{"start":{"line":334,"column":35},"end":{"line":362,"column":null}},"121":{"start":{"line":359,"column":32},"end":{"line":359,"column":null}},"122":{"start":{"line":365,"column":20},"end":{"line":365,"column":null}},"123":{"start":{"line":366,"column":20},"end":{"line":366,"column":null}},"124":{"start":{"line":367,"column":20},"end":{"line":367,"column":null}},"125":{"start":{"line":370,"column":20},"end":{"line":401,"column":null}},"126":{"start":{"line":371,"column":42},"end":{"line":371,"column":null}},"127":{"start":{"line":373,"column":39},"end":{"line":373,"column":null}},"128":{"start":{"line":374,"column":24},"end":{"line":382,"column":null}},"129":{"start":{"line":376,"column":28},"end":{"line":381,"column":null}},"130":{"start":{"line":385,"column":24},"end":{"line":392,"column":null}},"131":{"start":{"line":395,"column":24},"end":{"line":400,"column":null}},"132":{"start":{"line":396,"column":44},"end":{"line":396,"column":null}},"133":{"start":{"line":397,"column":28},"end":{"line":399,"column":null}},"134":{"start":{"line":398,"column":32},"end":{"line":398,"column":null}},"135":{"start":{"line":404,"column":20},"end":{"line":420,"column":null}},"136":{"start":{"line":405,"column":24},"end":{"line":410,"column":null}},"137":{"start":{"line":411,"column":24},"end":{"line":411,"column":null}},"138":{"start":{"line":414,"column":24},"end":{"line":418,"column":null}},"139":{"start":{"line":419,"column":24},"end":{"line":419,"column":null}},"140":{"start":{"line":423,"column":38},"end":{"line":423,"column":null}},"141":{"start":{"line":424,"column":43},"end":{"line":449,"column":null}},"142":{"start":{"line":425,"column":37},"end":{"line":425,"column":null}},"143":{"start":{"line":426,"column":38},"end":{"line":426,"column":null}},"144":{"start":{"line":429,"column":24},"end":{"line":429,"column":null}},"145":{"start":{"line":429,"column":48},"end":{"line":429,"column":null}},"146":{"start":{"line":432,"column":24},"end":{"line":432,"column":null}},"147":{"start":{"line":432,"column":80},"end":{"line":432,"column":null}},"148":{"start":{"line":434,"column":24},"end":{"line":437,"column":null}},"149":{"start":{"line":435,"column":47},"end":{"line":435,"column":null}},"150":{"start":{"line":436,"column":28},"end":{"line":436,"column":null}},"151":{"start":{"line":436,"column":106},"end":{"line":436,"column":null}},"152":{"start":{"line":439,"column":24},"end":{"line":442,"column":null}},"153":{"start":{"line":440,"column":41},"end":{"line":440,"column":null}},"154":{"start":{"line":441,"column":28},"end":{"line":441,"column":null}},"155":{"start":{"line":441,"column":92},"end":{"line":441,"column":null}},"156":{"start":{"line":444,"column":24},"end":{"line":447,"column":null}},"157":{"start":{"line":445,"column":45},"end":{"line":445,"column":null}},"158":{"start":{"line":446,"column":28},"end":{"line":446,"column":null}},"159":{"start":{"line":446,"column":104},"end":{"line":446,"column":null}},"160":{"start":{"line":448,"column":24},"end":{"line":448,"column":null}},"161":{"start":{"line":451,"column":20},"end":{"line":453,"column":null}},"162":{"start":{"line":452,"column":24},"end":{"line":452,"column":null}},"163":{"start":{"line":452,"column":106},"end":{"line":452,"column":139}},"164":{"start":{"line":455,"column":20},"end":{"line":459,"column":null}},"165":{"start":{"line":458,"column":24},"end":{"line":458,"column":null}},"166":{"start":{"line":461,"column":37},"end":{"line":461,"column":null}},"167":{"start":{"line":463,"column":20},"end":{"line":479,"column":null}},"168":{"start":{"line":466,"column":24},"end":{"line":478,"column":null}},"169":{"start":{"line":468,"column":45},"end":{"line":468,"column":null}},"170":{"start":{"line":469,"column":45},"end":{"line":469,"column":null}},"171":{"start":{"line":470,"column":49},"end":{"line":470,"column":null}},"172":{"start":{"line":472,"column":28},"end":{"line":472,"column":null}},"173":{"start":{"line":473,"column":28},"end":{"line":473,"column":null}},"174":{"start":{"line":474,"column":28},"end":{"line":474,"column":null}},"175":{"start":{"line":477,"column":28},"end":{"line":477,"column":null}},"176":{"start":{"line":483,"column":20},"end":{"line":483,"column":null}},"177":{"start":{"line":483,"column":80},"end":{"line":483,"column":86}},"178":{"start":{"line":485,"column":40},"end":{"line":485,"column":null}},"179":{"start":{"line":485,"column":62},"end":{"line":485,"column":71}},"180":{"start":{"line":485,"column":82},"end":{"line":485,"column":88}},"181":{"start":{"line":489,"column":37},"end":{"line":489,"column":null}},"182":{"start":{"line":490,"column":37},"end":{"line":490,"column":null}},"183":{"start":{"line":491,"column":41},"end":{"line":491,"column":null}},"184":{"start":{"line":493,"column":20},"end":{"line":498,"column":null}},"185":{"start":{"line":494,"column":24},"end":{"line":494,"column":null}},"186":{"start":{"line":497,"column":24},"end":{"line":497,"column":null}},"187":{"start":{"line":497,"column":79},"end":{"line":497,"column":85}},"188":{"start":{"line":500,"column":20},"end":{"line":500,"column":null}},"189":{"start":{"line":501,"column":20},"end":{"line":501,"column":null}},"190":{"start":{"line":503,"column":41},"end":{"line":503,"column":null}},"191":{"start":{"line":507,"column":20},"end":{"line":514,"column":null}},"192":{"start":{"line":510,"column":24},"end":{"line":510,"column":null}},"193":{"start":{"line":511,"column":24},"end":{"line":511,"column":null}},"194":{"start":{"line":513,"column":24},"end":{"line":513,"column":null}},"195":{"start":{"line":516,"column":20},"end":{"line":521,"column":null}},"196":{"start":{"line":517,"column":24},"end":{"line":517,"column":null}},"197":{"start":{"line":518,"column":24},"end":{"line":518,"column":null}},"198":{"start":{"line":520,"column":24},"end":{"line":520,"column":null}},"199":{"start":{"line":524,"column":20},"end":{"line":524,"column":null}},"200":{"start":{"line":525,"column":20},"end":{"line":525,"column":null}},"201":{"start":{"line":526,"column":20},"end":{"line":526,"column":null}},"202":{"start":{"line":528,"column":20},"end":{"line":528,"column":null}},"203":{"start":{"line":533,"column":12},"end":{"line":540,"column":null}},"204":{"start":{"line":534,"column":16},"end":{"line":534,"column":null}},"205":{"start":{"line":535,"column":16},"end":{"line":539,"column":null}},"206":{"start":{"line":542,"column":16},"end":{"line":542,"column":null}},"207":{"start":{"line":544,"column":32},"end":{"line":544,"column":null}},"208":{"start":{"line":545,"column":16},"end":{"line":548,"column":null}},"209":{"start":{"line":554,"column":12},"end":{"line":554,"column":null}},"210":{"start":{"line":562,"column":32},"end":{"line":562,"column":null}},"211":{"start":{"line":563,"column":8},"end":{"line":565,"column":null}},"212":{"start":{"line":564,"column":12},"end":{"line":564,"column":null}},"213":{"start":{"line":568,"column":8},"end":{"line":599,"column":null}},"214":{"start":{"line":569,"column":12},"end":{"line":598,"column":null}},"215":{"start":{"line":571,"column":39},"end":{"line":571,"column":null}},"216":{"start":{"line":574,"column":44},"end":{"line":574,"column":null}},"217":{"start":{"line":577,"column":38},"end":{"line":577,"column":null}},"218":{"start":{"line":579,"column":16},"end":{"line":593,"column":null}},"219":{"start":{"line":595,"column":16},"end":{"line":595,"column":null}},"220":{"start":{"line":597,"column":16},"end":{"line":597,"column":null}},"221":{"start":{"line":606,"column":8},"end":{"line":617,"column":null}},"222":{"start":{"line":607,"column":32},"end":{"line":607,"column":null}},"223":{"start":{"line":608,"column":33},"end":{"line":608,"column":null}},"224":{"start":{"line":609,"column":12},"end":{"line":609,"column":null}},"225":{"start":{"line":609,"column":46},"end":{"line":609,"column":null}},"226":{"start":{"line":611,"column":25},"end":{"line":611,"column":null}},"227":{"start":{"line":612,"column":29},"end":{"line":612,"column":null}},"228":{"start":{"line":613,"column":12},"end":{"line":613,"column":null}},"229":{"start":{"line":615,"column":12},"end":{"line":615,"column":null}},"230":{"start":{"line":616,"column":12},"end":{"line":616,"column":null}},"231":{"start":{"line":625,"column":32},"end":{"line":625,"column":null}},"232":{"start":{"line":628,"column":8},"end":{"line":630,"column":null}},"233":{"start":{"line":629,"column":12},"end":{"line":629,"column":null}},"234":{"start":{"line":633,"column":8},"end":{"line":635,"column":null}},"235":{"start":{"line":634,"column":12},"end":{"line":634,"column":null}},"236":{"start":{"line":638,"column":8},"end":{"line":675,"column":null}},"237":{"start":{"line":639,"column":30},"end":{"line":639,"column":null}},"238":{"start":{"line":640,"column":31},"end":{"line":640,"column":null}},"239":{"start":{"line":642,"column":12},"end":{"line":674,"column":null}},"240":{"start":{"line":644,"column":16},"end":{"line":646,"column":null}},"241":{"start":{"line":645,"column":20},"end":{"line":645,"column":null}},"242":{"start":{"line":649,"column":16},"end":{"line":666,"column":null}},"243":{"start":{"line":650,"column":34},"end":{"line":650,"column":null}},"244":{"start":{"line":651,"column":20},"end":{"line":665,"column":null}},"245":{"start":{"line":652,"column":43},"end":{"line":652,"column":null}},"246":{"start":{"line":653,"column":47},"end":{"line":653,"column":null}},"247":{"start":{"line":656,"column":24},"end":{"line":659,"column":null}},"248":{"start":{"line":658,"column":28},"end":{"line":658,"column":null}},"249":{"start":{"line":661,"column":24},"end":{"line":661,"column":null}},"250":{"start":{"line":663,"column":24},"end":{"line":663,"column":null}},"251":{"start":{"line":664,"column":24},"end":{"line":664,"column":null}},"252":{"start":{"line":669,"column":16},"end":{"line":669,"column":null}},"253":{"start":{"line":670,"column":16},"end":{"line":670,"column":null}},"254":{"start":{"line":672,"column":16},"end":{"line":672,"column":null}},"255":{"start":{"line":673,"column":16},"end":{"line":673,"column":null}},"256":{"start":{"line":679,"column":8},"end":{"line":679,"column":null}},"257":{"start":{"line":679,"column":36},"end":{"line":679,"column":null}},"258":{"start":{"line":680,"column":8},"end":{"line":680,"column":null}},"259":{"start":{"line":681,"column":8},"end":{"line":681,"column":null}}},"fnMap":{"0":{"name":"(anonymous_0)","decl":{"start":{"line":63,"column":4},"end":{"line":63,"column":null}},"loc":{"start":{"line":69,"column":6},"end":{"line":90,"column":null}},"line":69},"1":{"name":"(anonymous_1)","decl":{"start":{"line":94,"column":4},"end":{"line":94,"column":29}},"loc":{"start":{"line":94,"column":29},"end":{"line":96,"column":null}},"line":94},"2":{"name":"(anonymous_2)","decl":{"start":{"line":101,"column":4},"end":{"line":101,"column":24}},"loc":{"start":{"line":101,"column":46},"end":{"line":109,"column":null}},"line":101},"3":{"name":"(anonymous_3)","decl":{"start":{"line":116,"column":10},"end":{"line":116,"column":25}},"loc":{"start":{"line":116,"column":58},"end":{"line":128,"column":null}},"line":116},"4":{"name":"(anonymous_4)","decl":{"start":{"line":134,"column":4},"end":{"line":134,"column":21}},"loc":{"start":{"line":134,"column":37},"end":{"line":147,"column":null}},"line":134},"5":{"name":"(anonymous_5)","decl":{"start":{"line":152,"column":4},"end":{"line":152,"column":19}},"loc":{"start":{"line":152,"column":60},"end":{"line":163,"column":null}},"line":152},"6":{"name":"(anonymous_6)","decl":{"start":{"line":167,"column":18},"end":{"line":167,"column":48}},"loc":{"start":{"line":167,"column":48},"end":{"line":194,"column":null}},"line":167},"7":{"name":"(anonymous_7)","decl":{"start":{"line":179,"column":38},"end":{"line":179,"column":49}},"loc":{"start":{"line":179,"column":49},"end":{"line":179,"column":75}},"line":179},"8":{"name":"(anonymous_8)","decl":{"start":{"line":206,"column":12},"end":{"line":206,"column":35}},"loc":{"start":{"line":206,"column":69},"end":{"line":231,"column":null}},"line":206},"9":{"name":"(anonymous_9)","decl":{"start":{"line":213,"column":34},"end":{"line":213,"column":35}},"loc":{"start":{"line":214,"column":16},"end":{"line":214,"column":null}},"line":214},"10":{"name":"(anonymous_10)","decl":{"start":{"line":233,"column":18},"end":{"line":233,"column":32}},"loc":{"start":{"line":233,"column":65},"end":{"line":556,"column":null}},"line":233},"11":{"name":"(anonymous_11)","decl":{"start":{"line":293,"column":71},"end":{"line":293,"column":81}},"loc":{"start":{"line":293,"column":81},"end":{"line":296,"column":29}},"line":293},"12":{"name":"(anonymous_12)","decl":{"start":{"line":296,"column":37},"end":{"line":296,"column":44}},"loc":{"start":{"line":296,"column":44},"end":{"line":298,"column":29}},"line":296},"13":{"name":"(anonymous_13)","decl":{"start":{"line":357,"column":44},"end":{"line":357,"column":45}},"loc":{"start":{"line":357,"column":67},"end":{"line":360,"column":null}},"line":357},"14":{"name":"(anonymous_14)","decl":{"start":{"line":424,"column":58},"end":{"line":424,"column":63}},"loc":{"start":{"line":424,"column":63},"end":{"line":449,"column":21}},"line":424},"15":{"name":"(anonymous_15)","decl":{"start":{"line":452,"column":100},"end":{"line":452,"column":106}},"loc":{"start":{"line":452,"column":106},"end":{"line":452,"column":139}},"line":452},"16":{"name":"(anonymous_16)","decl":{"start":{"line":483,"column":75},"end":{"line":483,"column":80}},"loc":{"start":{"line":483,"column":80},"end":{"line":483,"column":86}},"line":483},"17":{"name":"(anonymous_17)","decl":{"start":{"line":485,"column":57},"end":{"line":485,"column":62}},"loc":{"start":{"line":485,"column":62},"end":{"line":485,"column":71}},"line":485},"18":{"name":"(anonymous_18)","decl":{"start":{"line":485,"column":77},"end":{"line":485,"column":82}},"loc":{"start":{"line":485,"column":82},"end":{"line":485,"column":88}},"line":485},"19":{"name":"(anonymous_19)","decl":{"start":{"line":497,"column":74},"end":{"line":497,"column":79}},"loc":{"start":{"line":497,"column":79},"end":{"line":497,"column":85}},"line":497},"20":{"name":"(anonymous_20)","decl":{"start":{"line":561,"column":18},"end":{"line":561,"column":40}},"loc":{"start":{"line":561,"column":91},"end":{"line":600,"column":null}},"line":561},"21":{"name":"(anonymous_21)","decl":{"start":{"line":568,"column":31},"end":{"line":568,"column":43}},"loc":{"start":{"line":568,"column":43},"end":{"line":599,"column":9}},"line":568},"22":{"name":"(anonymous_22)","decl":{"start":{"line":605,"column":18},"end":{"line":605,"column":42}},"loc":{"start":{"line":605,"column":87},"end":{"line":618,"column":null}},"line":605},"23":{"name":"(anonymous_23)","decl":{"start":{"line":624,"column":18},"end":{"line":624,"column":39}},"loc":{"start":{"line":624,"column":74},"end":{"line":676,"column":null}},"line":624},"24":{"name":"(anonymous_24)","decl":{"start":{"line":678,"column":12},"end":{"line":678,"column":22}},"loc":{"start":{"line":678,"column":49},"end":{"line":682,"column":null}},"line":678}},"branchMap":{"0":{"loc":{"start":{"line":81,"column":24},"end":{"line":84,"column":null}},"type":"cond-expr","locations":[{"start":{"line":81,"column":53},"end":{"line":84,"column":16}},{"start":{"line":84,"column":16},"end":{"line":84,"column":null}}],"line":81},"1":{"loc":{"start":{"line":82,"column":22},"end":{"line":82,"column":null}},"type":"binary-expr","locations":[{"start":{"line":82,"column":22},"end":{"line":82,"column":56}},{"start":{"line":82,"column":56},"end":{"line":82,"column":null}}],"line":82},"2":{"loc":{"start":{"line":83,"column":22},"end":{"line":83,"column":null}},"type":"binary-expr","locations":[{"start":{"line":83,"column":22},"end":{"line":83,"column":56}},{"start":{"line":83,"column":56},"end":{"line":83,"column":null}}],"line":83},"3":{"loc":{"start":{"line":103,"column":8},"end":{"line":108,"column":null}},"type":"if","locations":[{"start":{"line":103,"column":8},"end":{"line":108,"column":null}},{"start":{},"end":{}}],"line":103},"4":{"loc":{"start":{"line":118,"column":8},"end":{"line":118,"column":null}},"type":"if","locations":[{"start":{"line":118,"column":8},"end":{"line":118,"column":null}},{"start":{},"end":{}}],"line":118},"5":{"loc":{"start":{"line":121,"column":86},"end":{"line":121,"column":130}},"type":"cond-expr","locations":[{"start":{"line":121,"column":100},"end":{"line":121,"column":118}},{"start":{"line":121,"column":118},"end":{"line":121,"column":130}}],"line":121},"6":{"loc":{"start":{"line":136,"column":8},"end":{"line":145,"column":null}},"type":"if","locations":[{"start":{"line":136,"column":8},"end":{"line":145,"column":null}},{"start":{},"end":{}}],"line":136},"7":{"loc":{"start":{"line":155,"column":8},"end":{"line":162,"column":null}},"type":"if","locations":[{"start":{"line":155,"column":8},"end":{"line":162,"column":null}},{"start":{},"end":{}}],"line":155},"8":{"loc":{"start":{"line":168,"column":8},"end":{"line":168,"column":null}},"type":"if","locations":[{"start":{"line":168,"column":8},"end":{"line":168,"column":null}},{"start":{},"end":{}}],"line":168},"9":{"loc":{"start":{"line":176,"column":16},"end":{"line":180,"column":null}},"type":"if","locations":[{"start":{"line":176,"column":16},"end":{"line":180,"column":null}},{"start":{},"end":{}}],"line":176},"10":{"loc":{"start":{"line":207,"column":8},"end":{"line":209,"column":null}},"type":"if","locations":[{"start":{"line":207,"column":8},"end":{"line":209,"column":null}},{"start":{},"end":{}}],"line":207},"11":{"loc":{"start":{"line":212,"column":8},"end":{"line":228,"column":null}},"type":"if","locations":[{"start":{"line":212,"column":8},"end":{"line":228,"column":null}},{"start":{},"end":{}}],"line":212},"12":{"loc":{"start":{"line":220,"column":38},"end":{"line":221,"column":null}},"type":"binary-expr","locations":[{"start":{"line":220,"column":38},"end":{"line":220,"column":null}},{"start":{"line":221,"column":19},"end":{"line":221,"column":null}}],"line":220},"13":{"loc":{"start":{"line":223,"column":12},"end":{"line":225,"column":null}},"type":"if","locations":[{"start":{"line":223,"column":12},"end":{"line":225,"column":null}},{"start":{},"end":{}}],"line":223},"14":{"loc":{"start":{"line":238,"column":8},"end":{"line":242,"column":null}},"type":"if","locations":[{"start":{"line":238,"column":8},"end":{"line":242,"column":null}},{"start":{},"end":{}}],"line":238},"15":{"loc":{"start":{"line":252,"column":31},"end":{"line":252,"column":null}},"type":"binary-expr","locations":[{"start":{"line":252,"column":31},"end":{"line":252,"column":54}},{"start":{"line":252,"column":54},"end":{"line":252,"column":null}}],"line":252},"16":{"loc":{"start":{"line":258,"column":12},"end":{"line":260,"column":null}},"type":"if","locations":[{"start":{"line":258,"column":12},"end":{"line":260,"column":null}},{"start":{},"end":{}}],"line":258},"17":{"loc":{"start":{"line":281,"column":16},"end":{"line":316,"column":null}},"type":"if","locations":[{"start":{"line":281,"column":16},"end":{"line":316,"column":null}},{"start":{},"end":{}}],"line":281},"18":{"loc":{"start":{"line":283,"column":20},"end":{"line":315,"column":null}},"type":"if","locations":[{"start":{"line":283,"column":20},"end":{"line":315,"column":null}},{"start":{"line":313,"column":20},"end":{"line":315,"column":null}}],"line":283},"19":{"loc":{"start":{"line":286,"column":24},"end":{"line":312,"column":null}},"type":"if","locations":[{"start":{"line":286,"column":24},"end":{"line":312,"column":null}},{"start":{},"end":{}}],"line":286},"20":{"loc":{"start":{"line":313,"column":20},"end":{"line":315,"column":null}},"type":"if","locations":[{"start":{"line":313,"column":20},"end":{"line":315,"column":null}},{"start":{},"end":{}}],"line":313},"21":{"loc":{"start":{"line":318,"column":40},"end":{"line":318,"column":null}},"type":"cond-expr","locations":[{"start":{"line":318,"column":77},"end":{"line":318,"column":96}},{"start":{"line":318,"column":96},"end":{"line":318,"column":null}}],"line":318},"22":{"loc":{"start":{"line":339,"column":39},"end":{"line":339,"column":null}},"type":"binary-expr","locations":[{"start":{"line":339,"column":39},"end":{"line":339,"column":58}},{"start":{"line":339,"column":58},"end":{"line":339,"column":null}}],"line":339},"23":{"loc":{"start":{"line":347,"column":44},"end":{"line":347,"column":null}},"type":"binary-expr","locations":[{"start":{"line":347,"column":44},"end":{"line":347,"column":70}},{"start":{"line":347,"column":70},"end":{"line":347,"column":null}}],"line":347},"24":{"loc":{"start":{"line":348,"column":36},"end":{"line":348,"column":null}},"type":"cond-expr","locations":[{"start":{"line":348,"column":83},"end":{"line":348,"column":168}},{"start":{"line":348,"column":168},"end":{"line":348,"column":null}}],"line":348},"25":{"loc":{"start":{"line":370,"column":20},"end":{"line":401,"column":null}},"type":"if","locations":[{"start":{"line":370,"column":20},"end":{"line":401,"column":null}},{"start":{},"end":{}}],"line":370},"26":{"loc":{"start":{"line":371,"column":42},"end":{"line":371,"column":null}},"type":"binary-expr","locations":[{"start":{"line":371,"column":42},"end":{"line":371,"column":64}},{"start":{"line":371,"column":64},"end":{"line":371,"column":null}}],"line":371},"27":{"loc":{"start":{"line":374,"column":24},"end":{"line":382,"column":null}},"type":"if","locations":[{"start":{"line":374,"column":24},"end":{"line":382,"column":null}},{"start":{},"end":{}}],"line":374},"28":{"loc":{"start":{"line":386,"column":46},"end":{"line":386,"column":80}},"type":"binary-expr","locations":[{"start":{"line":386,"column":46},"end":{"line":386,"column":75}},{"start":{"line":386,"column":75},"end":{"line":386,"column":80}}],"line":386},"29":{"loc":{"start":{"line":395,"column":24},"end":{"line":400,"column":null}},"type":"if","locations":[{"start":{"line":395,"column":24},"end":{"line":400,"column":null}},{"start":{},"end":{}}],"line":395},"30":{"loc":{"start":{"line":397,"column":28},"end":{"line":399,"column":null}},"type":"if","locations":[{"start":{"line":397,"column":28},"end":{"line":399,"column":null}},{"start":{},"end":{}}],"line":397},"31":{"loc":{"start":{"line":404,"column":20},"end":{"line":420,"column":null}},"type":"if","locations":[{"start":{"line":404,"column":20},"end":{"line":420,"column":null}},{"start":{"line":412,"column":27},"end":{"line":420,"column":null}}],"line":404},"32":{"loc":{"start":{"line":404,"column":24},"end":{"line":404,"column":90}},"type":"binary-expr","locations":[{"start":{"line":404,"column":24},"end":{"line":404,"column":40}},{"start":{"line":404,"column":40},"end":{"line":404,"column":60}},{"start":{"line":404,"column":60},"end":{"line":404,"column":90}}],"line":404},"33":{"loc":{"start":{"line":405,"column":58},"end":{"line":405,"column":95}},"type":"binary-expr","locations":[{"start":{"line":405,"column":58},"end":{"line":405,"column":73}},{"start":{"line":405,"column":73},"end":{"line":405,"column":95}}],"line":405},"34":{"loc":{"start":{"line":408,"column":39},"end":{"line":408,"column":null}},"type":"binary-expr","locations":[{"start":{"line":408,"column":39},"end":{"line":408,"column":59}},{"start":{"line":408,"column":59},"end":{"line":408,"column":null}}],"line":408},"35":{"loc":{"start":{"line":409,"column":37},"end":{"line":409,"column":null}},"type":"binary-expr","locations":[{"start":{"line":409,"column":37},"end":{"line":409,"column":59}},{"start":{"line":409,"column":59},"end":{"line":409,"column":null}}],"line":409},"36":{"loc":{"start":{"line":417,"column":37},"end":{"line":417,"column":null}},"type":"binary-expr","locations":[{"start":{"line":417,"column":37},"end":{"line":417,"column":59}},{"start":{"line":417,"column":59},"end":{"line":417,"column":null}}],"line":417},"37":{"loc":{"start":{"line":423,"column":38},"end":{"line":423,"column":null}},"type":"binary-expr","locations":[{"start":{"line":423,"column":38},"end":{"line":423,"column":58}},{"start":{"line":423,"column":58},"end":{"line":423,"column":null}}],"line":423},"38":{"loc":{"start":{"line":425,"column":37},"end":{"line":425,"column":null}},"type":"binary-expr","locations":[{"start":{"line":425,"column":37},"end":{"line":425,"column":62}},{"start":{"line":425,"column":62},"end":{"line":425,"column":null}}],"line":425},"39":{"loc":{"start":{"line":426,"column":38},"end":{"line":426,"column":null}},"type":"binary-expr","locations":[{"start":{"line":426,"column":38},"end":{"line":426,"column":49}},{"start":{"line":426,"column":49},"end":{"line":426,"column":null}}],"line":426},"40":{"loc":{"start":{"line":429,"column":24},"end":{"line":429,"column":null}},"type":"if","locations":[{"start":{"line":429,"column":24},"end":{"line":429,"column":null}},{"start":{},"end":{}}],"line":429},"41":{"loc":{"start":{"line":432,"column":24},"end":{"line":432,"column":null}},"type":"if","locations":[{"start":{"line":432,"column":24},"end":{"line":432,"column":null}},{"start":{},"end":{}}],"line":432},"42":{"loc":{"start":{"line":432,"column":28},"end":{"line":432,"column":80}},"type":"binary-expr","locations":[{"start":{"line":432,"column":28},"end":{"line":432,"column":55}},{"start":{"line":432,"column":55},"end":{"line":432,"column":80}}],"line":432},"43":{"loc":{"start":{"line":434,"column":24},"end":{"line":437,"column":null}},"type":"if","locations":[{"start":{"line":434,"column":24},"end":{"line":437,"column":null}},{"start":{},"end":{}}],"line":434},"44":{"loc":{"start":{"line":434,"column":28},"end":{"line":434,"column":75}},"type":"binary-expr","locations":[{"start":{"line":434,"column":28},"end":{"line":434,"column":48}},{"start":{"line":434,"column":48},"end":{"line":434,"column":75}}],"line":434},"45":{"loc":{"start":{"line":435,"column":47},"end":{"line":435,"column":null}},"type":"binary-expr","locations":[{"start":{"line":435,"column":47},"end":{"line":435,"column":61}},{"start":{"line":435,"column":61},"end":{"line":435,"column":76}},{"start":{"line":435,"column":76},"end":{"line":435,"column":96}},{"start":{"line":435,"column":96},"end":{"line":435,"column":null}}],"line":435},"46":{"loc":{"start":{"line":436,"column":28},"end":{"line":436,"column":null}},"type":"if","locations":[{"start":{"line":436,"column":28},"end":{"line":436,"column":null}},{"start":{},"end":{}}],"line":436},"47":{"loc":{"start":{"line":436,"column":32},"end":{"line":436,"column":106}},"type":"binary-expr","locations":[{"start":{"line":436,"column":32},"end":{"line":436,"column":70}},{"start":{"line":436,"column":70},"end":{"line":436,"column":106}}],"line":436},"48":{"loc":{"start":{"line":439,"column":24},"end":{"line":442,"column":null}},"type":"if","locations":[{"start":{"line":439,"column":24},"end":{"line":442,"column":null}},{"start":{},"end":{}}],"line":439},"49":{"loc":{"start":{"line":439,"column":28},"end":{"line":439,"column":129}},"type":"binary-expr","locations":[{"start":{"line":439,"column":28},"end":{"line":439,"column":47}},{"start":{"line":439,"column":47},"end":{"line":439,"column":67}},{"start":{"line":439,"column":67},"end":{"line":439,"column":99}},{"start":{"line":439,"column":99},"end":{"line":439,"column":129}}],"line":439},"50":{"loc":{"start":{"line":440,"column":41},"end":{"line":440,"column":null}},"type":"binary-expr","locations":[{"start":{"line":440,"column":41},"end":{"line":440,"column":58}},{"start":{"line":440,"column":58},"end":{"line":440,"column":71}},{"start":{"line":440,"column":71},"end":{"line":440,"column":87}},{"start":{"line":440,"column":87},"end":{"line":440,"column":null}}],"line":440},"51":{"loc":{"start":{"line":441,"column":28},"end":{"line":441,"column":null}},"type":"if","locations":[{"start":{"line":441,"column":28},"end":{"line":441,"column":null}},{"start":{},"end":{}}],"line":441},"52":{"loc":{"start":{"line":441,"column":32},"end":{"line":441,"column":92}},"type":"binary-expr","locations":[{"start":{"line":441,"column":32},"end":{"line":441,"column":64}},{"start":{"line":441,"column":64},"end":{"line":441,"column":92}}],"line":441},"53":{"loc":{"start":{"line":446,"column":28},"end":{"line":446,"column":null}},"type":"if","locations":[{"start":{"line":446,"column":28},"end":{"line":446,"column":null}},{"start":{},"end":{}}],"line":446},"54":{"loc":{"start":{"line":446,"column":32},"end":{"line":446,"column":104}},"type":"binary-expr","locations":[{"start":{"line":446,"column":32},"end":{"line":446,"column":69}},{"start":{"line":446,"column":69},"end":{"line":446,"column":104}}],"line":446},"55":{"loc":{"start":{"line":451,"column":20},"end":{"line":453,"column":null}},"type":"if","locations":[{"start":{"line":451,"column":20},"end":{"line":453,"column":null}},{"start":{},"end":{}}],"line":451},"56":{"loc":{"start":{"line":451,"column":24},"end":{"line":451,"column":65}},"type":"binary-expr","locations":[{"start":{"line":451,"column":24},"end":{"line":451,"column":43}},{"start":{"line":451,"column":43},"end":{"line":451,"column":65}}],"line":451},"57":{"loc":{"start":{"line":455,"column":20},"end":{"line":459,"column":null}},"type":"if","locations":[{"start":{"line":455,"column":20},"end":{"line":459,"column":null}},{"start":{},"end":{}}],"line":455},"58":{"loc":{"start":{"line":463,"column":20},"end":{"line":479,"column":null}},"type":"if","locations":[{"start":{"line":463,"column":20},"end":{"line":479,"column":null}},{"start":{},"end":{}}],"line":463},"59":{"loc":{"start":{"line":466,"column":24},"end":{"line":478,"column":null}},"type":"if","locations":[{"start":{"line":466,"column":24},"end":{"line":478,"column":null}},{"start":{"line":475,"column":31},"end":{"line":478,"column":null}}],"line":466},"60":{"loc":{"start":{"line":493,"column":20},"end":{"line":498,"column":null}},"type":"if","locations":[{"start":{"line":493,"column":20},"end":{"line":498,"column":null}},{"start":{"line":495,"column":27},"end":{"line":498,"column":null}}],"line":493},"61":{"loc":{"start":{"line":503,"column":41},"end":{"line":503,"column":null}},"type":"binary-expr","locations":[{"start":{"line":503,"column":41},"end":{"line":503,"column":71}},{"start":{"line":503,"column":71},"end":{"line":503,"column":null}}],"line":503},"62":{"loc":{"start":{"line":507,"column":20},"end":{"line":514,"column":null}},"type":"if","locations":[{"start":{"line":507,"column":20},"end":{"line":514,"column":null}},{"start":{},"end":{}}],"line":507},"63":{"loc":{"start":{"line":516,"column":20},"end":{"line":521,"column":null}},"type":"if","locations":[{"start":{"line":516,"column":20},"end":{"line":521,"column":null}},{"start":{},"end":{}}],"line":516},"64":{"loc":{"start":{"line":516,"column":24},"end":{"line":516,"column":158}},"type":"binary-expr","locations":[{"start":{"line":516,"column":24},"end":{"line":516,"column":61}},{"start":{"line":516,"column":61},"end":{"line":516,"column":93}},{"start":{"line":516,"column":93},"end":{"line":516,"column":124}},{"start":{"line":516,"column":124},"end":{"line":516,"column":158}}],"line":516},"65":{"loc":{"start":{"line":533,"column":12},"end":{"line":540,"column":null}},"type":"if","locations":[{"start":{"line":533,"column":12},"end":{"line":540,"column":null}},{"start":{},"end":{}}],"line":533},"66":{"loc":{"start":{"line":544,"column":32},"end":{"line":544,"column":null}},"type":"binary-expr","locations":[{"start":{"line":544,"column":32},"end":{"line":544,"column":57}},{"start":{"line":544,"column":57},"end":{"line":544,"column":null}}],"line":544},"67":{"loc":{"start":{"line":563,"column":8},"end":{"line":565,"column":null}},"type":"if","locations":[{"start":{"line":563,"column":8},"end":{"line":565,"column":null}},{"start":{},"end":{}}],"line":563},"68":{"loc":{"start":{"line":609,"column":12},"end":{"line":609,"column":null}},"type":"if","locations":[{"start":{"line":609,"column":12},"end":{"line":609,"column":null}},{"start":{},"end":{}}],"line":609},"69":{"loc":{"start":{"line":628,"column":8},"end":{"line":630,"column":null}},"type":"if","locations":[{"start":{"line":628,"column":8},"end":{"line":630,"column":null}},{"start":{},"end":{}}],"line":628},"70":{"loc":{"start":{"line":633,"column":8},"end":{"line":635,"column":null}},"type":"if","locations":[{"start":{"line":633,"column":8},"end":{"line":635,"column":null}},{"start":{},"end":{}}],"line":633},"71":{"loc":{"start":{"line":644,"column":16},"end":{"line":646,"column":null}},"type":"if","locations":[{"start":{"line":644,"column":16},"end":{"line":646,"column":null}},{"start":{},"end":{}}],"line":644},"72":{"loc":{"start":{"line":649,"column":16},"end":{"line":666,"column":null}},"type":"if","locations":[{"start":{"line":649,"column":16},"end":{"line":666,"column":null}},{"start":{},"end":{}}],"line":649},"73":{"loc":{"start":{"line":651,"column":20},"end":{"line":665,"column":null}},"type":"if","locations":[{"start":{"line":651,"column":20},"end":{"line":665,"column":null}},{"start":{"line":662,"column":27},"end":{"line":665,"column":null}}],"line":651},"74":{"loc":{"start":{"line":656,"column":24},"end":{"line":659,"column":null}},"type":"if","locations":[{"start":{"line":656,"column":24},"end":{"line":659,"column":null}},{"start":{},"end":{}}],"line":656},"75":{"loc":{"start":{"line":673,"column":79},"end":{"line":673,"column":133}},"type":"cond-expr","locations":[{"start":{"line":673,"column":104},"end":{"line":673,"column":120}},{"start":{"line":673,"column":120},"end":{"line":673,"column":133}}],"line":673},"76":{"loc":{"start":{"line":679,"column":8},"end":{"line":679,"column":null}},"type":"if","locations":[{"start":{"line":679,"column":8},"end":{"line":679,"column":null}},{"start":{},"end":{}}],"line":679}},"s":{"0":1,"1":0,"2":0,"3":0,"4":0,"5":0,"6":0,"7":0,"8":1,"9":0,"10":0,"11":0,"12":0,"13":0,"14":0,"15":0,"16":0,"17":0,"18":0,"19":0,"20":0,"21":0,"22":0,"23":0,"24":0,"25":0,"26":0,"27":0,"28":0,"29":0,"30":0,"31":0,"32":0,"33":0,"34":0,"35":0,"36":0,"37":0,"38":0,"39":0,"40":0,"41":0,"42":0,"43":0,"44":0,"45":0,"46":0,"47":0,"48":0,"49":0,"50":0,"51":0,"52":0,"53":0,"54":0,"55":0,"56":0,"57":0,"58":0,"59":0,"60":0,"61":5,"62":1,"63":4,"64":4,"65":3,"66":9,"67":3,"68":3,"69":3,"70":3,"71":3,"72":1,"73":2,"74":3,"75":0,"76":0,"77":0,"78":0,"79":0,"80":0,"81":0,"82":0,"83":0,"84":0,"85":0,"86":0,"87":0,"88":0,"89":0,"90":0,"91":0,"92":0,"93":0,"94":0,"95":0,"96":0,"97":0,"98":0,"99":0,"100":0,"101":0,"102":0,"103":0,"104":0,"105":0,"106":0,"107":0,"108":0,"109":0,"110":0,"111":0,"112":0,"113":0,"114":0,"115":0,"116":0,"117":0,"118":0,"119":0,"120":0,"121":0,"122":0,"123":0,"124":0,"125":0,"126":0,"127":0,"128":0,"129":0,"130":0,"131":0,"132":0,"133":0,"134":0,"135":0,"136":0,"137":0,"138":0,"139":0,"140":0,"141":0,"142":0,"143":0,"144":0,"145":0,"146":0,"147":0,"148":0,"149":0,"150":0,"151":0,"152":0,"153":0,"154":0,"155":0,"156":0,"157":0,"158":0,"159":0,"160":0,"161":0,"162":0,"163":0,"164":0,"165":0,"166":0,"167":0,"168":0,"169":0,"170":0,"171":0,"172":0,"173":0,"174":0,"175":0,"176":0,"177":0,"178":0,"179":0,"180":0,"181":0,"182":0,"183":0,"184":0,"185":0,"186":0,"187":0,"188":0,"189":0,"190":0,"191":0,"192":0,"193":0,"194":0,"195":0,"196":0,"197":0,"198":0,"199":0,"200":0,"201":0,"202":0,"203":0,"204":0,"205":0,"206":0,"207":0,"208":0,"209":0,"210":0,"211":0,"212":0,"213":0,"214":0,"215":0,"216":0,"217":0,"218":0,"219":0,"220":0,"221":0,"222":0,"223":0,"224":0,"225":0,"226":0,"227":0,"228":0,"229":0,"230":0,"231":0,"232":0,"233":0,"234":0,"235":0,"236":0,"237":0,"238":0,"239":0,"240":0,"241":0,"242":0,"243":0,"244":0,"245":0,"246":0,"247":0,"248":0,"249":0,"250":0,"251":0,"252":0,"253":0,"254":0,"255":0,"256":0,"257":0,"258":0,"259":0},"f":{"0":0,"1":0,"2":0,"3":0,"4":0,"5":0,"6":0,"7":0,"8":5,"9":9,"10":0,"11":0,"12":0,"13":0,"14":0,"15":0,"16":0,"17":0,"18":0,"19":0,"20":0,"21":0,"22":0,"23":0,"24":0},"b":{"0":[0,0],"1":[0,0],"2":[0,0],"3":[0,0],"4":[0,0],"5":[0,0],"6":[0,0],"7":[0,0],"8":[0,0],"9":[0,0],"10":[1,4],"11":[3,1],"12":[3,1],"13":[1,2],"14":[0,0],"15":[0,0],"16":[0,0],"17":[0,0],"18":[0,0],"19":[0,0],"20":[0,0],"21":[0,0],"22":[0,0],"23":[0,0],"24":[0,0],"25":[0,0],"26":[0,0],"27":[0,0],"28":[0,0],"29":[0,0],"30":[0,0],"31":[0,0],"32":[0,0,0],"33":[0,0],"34":[0,0],"35":[0,0],"36":[0,0],"37":[0,0],"38":[0,0],"39":[0,0],"40":[0,0],"41":[0,0],"42":[0,0],"43":[0,0],"44":[0,0],"45":[0,0,0,0],"46":[0,0],"47":[0,0],"48":[0,0],"49":[0,0,0,0],"50":[0,0,0,0],"51":[0,0],"52":[0,0],"53":[0,0],"54":[0,0],"55":[0,0],"56":[0,0],"57":[0,0],"58":[0,0],"59":[0,0],"60":[0,0],"61":[0,0],"62":[0,0],"63":[0,0],"64":[0,0,0,0],"65":[0,0],"66":[0,0],"67":[0,0],"68":[0,0],"69":[0,0],"70":[0,0],"71":[0,0],"72":[0,0],"73":[0,0],"74":[0,0],"75":[0,0],"76":[0,0]},"meta":{"lastBranch":77,"lastFunction":25,"lastStatement":260,"seen":{"s:28:12:28:Infinity":0,"s:39:22:39:Infinity":1,"s:42:34:42:Infinity":2,"s:43:38:43:Infinity":3,"s:44:25:44:Infinity":4,"s:45:32:45:Infinity":5,"s:58:31:58:Infinity":6,"s:61:32:61:Infinity":7,"s:200:51:200:Infinity":8,"f:63:4:63:Infinity":0,"s:70:8:70:Infinity":9,"s:71:8:71:Infinity":10,"s:72:8:72:Infinity":11,"s:73:8:73:Infinity":12,"s:74:8:74:Infinity":13,"s:75:8:75:Infinity":14,"s:76:8:76:Infinity":15,"s:77:8:77:Infinity":16,"s:78:8:78:Infinity":17,"s:79:8:85:Infinity":18,"b:81:53:84:16:84:16:84:Infinity":0,"b:82:22:82:56:82:56:82:Infinity":1,"b:83:22:83:56:83:56:83:Infinity":2,"s:86:8:86:Infinity":19,"s:87:8:87:Infinity":20,"s:89:8:89:Infinity":21,"f:94:4:94:29":1,"s:95:8:95:Infinity":22,"f:101:4:101:24":2,"s:102:27:102:Infinity":23,"b:103:8:108:Infinity:undefined:undefined:undefined:undefined":3,"s:103:8:108:Infinity":24,"s:104:12:104:Infinity":25,"s:105:12:105:Infinity":26,"s:106:12:106:Infinity":27,"s:107:12:107:Infinity":28,"f:116:10:116:25":3,"b:118:8:118:Infinity:undefined:undefined:undefined:undefined":4,"s:118:8:118:Infinity":29,"s:118:43:118:Infinity":30,"s:120:28:120:Infinity":31,"s:121:8:121:Infinity":32,"b:121:100:121:118:121:118:121:130":5,"s:124:8:124:Infinity":33,"s:126:8:126:Infinity":34,"s:127:8:127:Infinity":35,"f:134:4:134:21":4,"s:135:30:135:Infinity":36,"b:136:8:145:Infinity:undefined:undefined:undefined:undefined":6,"s:136:8:145:Infinity":37,"s:137:12:144:Infinity":38,"s:146:8:146:Infinity":39,"f:152:4:152:19":5,"s:154:25:154:Infinity":40,"b:155:8:162:Infinity:undefined:undefined:undefined:undefined":7,"s:155:8:162:Infinity":41,"s:156:12:161:Infinity":42,"f:167:18:167:48":6,"b:168:8:168:Infinity:undefined:undefined:undefined:undefined":8,"s:168:8:168:Infinity":43,"s:168:29:168:Infinity":44,"s:169:8:169:Infinity":45,"s:171:8:193:Infinity":46,"s:172:12:190:Infinity":47,"s:174:28:174:Infinity":48,"s:175:32:175:Infinity":49,"b:176:16:180:Infinity:undefined:undefined:undefined:undefined":9,"s:176:16:180:Infinity":50,"s:177:34:177:Infinity":51,"s:178:20:178:Infinity":52,"s:179:20:179:Infinity":53,"f:179:38:179:49":7,"s:179:49:179:75":54,"s:182:32:182:Infinity":55,"s:183:16:189:Infinity":56,"s:184:20:184:Infinity":57,"s:186:20:186:Infinity":58,"s:188:20:188:Infinity":59,"s:192:12:192:Infinity":60,"f:206:12:206:35":8,"b:207:8:209:Infinity:undefined:undefined:undefined:undefined":10,"s:207:8:209:Infinity":61,"s:208:12:208:Infinity":62,"s:211:41:211:Infinity":63,"b:212:8:228:Infinity:undefined:undefined:undefined:undefined":11,"s:212:8:228:Infinity":64,"s:213:34:214:Infinity":65,"f:213:34:213:35":9,"s:214:16:214:Infinity":66,"s:216:42:216:Infinity":67,"s:217:41:217:Infinity":68,"s:218:43:218:Infinity":69,"s:220:38:221:Infinity":70,"b:220:38:220:Infinity:221:19:221:Infinity":12,"b:223:12:225:Infinity:undefined:undefined:undefined:undefined":13,"s:223:12:225:Infinity":71,"s:224:16:224:Infinity":72,"s:227:12:227:Infinity":73,"s:230:8:230:Infinity":74,"f:233:18:233:32":10,"s:234:8:234:Infinity":75,"s:237:25:237:Infinity":76,"b:238:8:242:Infinity:undefined:undefined:undefined:undefined":14,"s:238:8:242:Infinity":77,"s:239:12:239:Infinity":78,"s:240:12:240:Infinity":79,"s:241:12:241:Infinity":80,"s:244:8:555:Infinity":81,"s:246:12:550:Infinity":82,"s:247:32:247:Infinity":83,"s:248:24:248:Infinity":84,"s:249:47:249:Infinity":85,"s:252:31:252:Infinity":86,"b:252:31:252:54:252:54:252:Infinity":15,"s:253:12:253:Infinity":87,"s:257:37:257:Infinity":88,"b:258:12:260:Infinity:undefined:undefined:undefined:undefined":16,"s:258:12:260:Infinity":89,"s:259:16:259:Infinity":90,"s:261:36:261:Infinity":91,"s:264:32:272:Infinity":92,"s:274:12:530:Infinity":93,"s:275:16:275:Infinity":94,"s:277:38:277:Infinity":95,"s:280:41:280:Infinity":96,"b:281:16:316:Infinity:undefined:undefined:undefined:undefined":17,"s:281:16:316:Infinity":97,"s:282:35:282:Infinity":98,"b:283:20:315:Infinity:313:20:315:Infinity":18,"s:283:20:315:Infinity":99,"s:284:24:284:Infinity":100,"s:285:39:285:Infinity":101,"b:286:24:312:Infinity:undefined:undefined:undefined:undefined":19,"s:286:24:312:Infinity":102,"s:287:28:287:Infinity":103,"s:290:28:290:Infinity":104,"s:293:28:298:Infinity":105,"f:293:71:293:81":11,"s:294:32:294:Infinity":106,"s:295:32:295:Infinity":107,"f:296:37:296:44":12,"s:297:32:297:Infinity":108,"s:302:28:311:Infinity":109,"b:313:20:315:Infinity:undefined:undefined:undefined:undefined":20,"s:313:20:315:Infinity":110,"s:314:24:314:Infinity":111,"s:318:40:318:Infinity":112,"b:318:77:318:96:318:96:318:Infinity":21,"s:320:16:320:Infinity":113,"s:323:35:326:Infinity":114,"s:327:34:327:Infinity":115,"s:328:16:328:Infinity":116,"s:330:35:330:Infinity":117,"s:331:16:331:Infinity":118,"s:333:16:529:Infinity":119,"s:334:35:362:Infinity":120,"b:339:39:339:58:339:58:339:Infinity":22,"b:347:44:347:70:347:70:347:Infinity":23,"b:348:83:348:168:348:168:348:Infinity":24,"f:357:44:357:45":13,"s:359:32:359:Infinity":121,"s:365:20:365:Infinity":122,"s:366:20:366:Infinity":123,"s:367:20:367:Infinity":124,"b:370:20:401:Infinity:undefined:undefined:undefined:undefined":25,"s:370:20:401:Infinity":125,"s:371:42:371:Infinity":126,"b:371:42:371:64:371:64:371:Infinity":26,"s:373:39:373:Infinity":127,"b:374:24:382:Infinity:undefined:undefined:undefined:undefined":27,"s:374:24:382:Infinity":128,"s:376:28:381:Infinity":129,"s:385:24:392:Infinity":130,"b:386:46:386:75:386:75:386:80":28,"b:395:24:400:Infinity:undefined:undefined:undefined:undefined":29,"s:395:24:400:Infinity":131,"s:396:44:396:Infinity":132,"b:397:28:399:Infinity:undefined:undefined:undefined:undefined":30,"s:397:28:399:Infinity":133,"s:398:32:398:Infinity":134,"b:404:20:420:Infinity:412:27:420:Infinity":31,"s:404:20:420:Infinity":135,"b:404:24:404:40:404:40:404:60:404:60:404:90":32,"s:405:24:410:Infinity":136,"b:405:58:405:73:405:73:405:95":33,"b:408:39:408:59:408:59:408:Infinity":34,"b:409:37:409:59:409:59:409:Infinity":35,"s:411:24:411:Infinity":137,"s:414:24:418:Infinity":138,"b:417:37:417:59:417:59:417:Infinity":36,"s:419:24:419:Infinity":139,"s:423:38:423:Infinity":140,"b:423:38:423:58:423:58:423:Infinity":37,"s:424:43:449:Infinity":141,"f:424:58:424:63":14,"s:425:37:425:Infinity":142,"b:425:37:425:62:425:62:425:Infinity":38,"s:426:38:426:Infinity":143,"b:426:38:426:49:426:49:426:Infinity":39,"b:429:24:429:Infinity:undefined:undefined:undefined:undefined":40,"s:429:24:429:Infinity":144,"s:429:48:429:Infinity":145,"b:432:24:432:Infinity:undefined:undefined:undefined:undefined":41,"s:432:24:432:Infinity":146,"b:432:28:432:55:432:55:432:80":42,"s:432:80:432:Infinity":147,"b:434:24:437:Infinity:undefined:undefined:undefined:undefined":43,"s:434:24:437:Infinity":148,"b:434:28:434:48:434:48:434:75":44,"s:435:47:435:Infinity":149,"b:435:47:435:61:435:61:435:76:435:76:435:96:435:96:435:Infinity":45,"b:436:28:436:Infinity:undefined:undefined:undefined:undefined":46,"s:436:28:436:Infinity":150,"b:436:32:436:70:436:70:436:106":47,"s:436:106:436:Infinity":151,"b:439:24:442:Infinity:undefined:undefined:undefined:undefined":48,"s:439:24:442:Infinity":152,"b:439:28:439:47:439:47:439:67:439:67:439:99:439:99:439:129":49,"s:440:41:440:Infinity":153,"b:440:41:440:58:440:58:440:71:440:71:440:87:440:87:440:Infinity":50,"b:441:28:441:Infinity:undefined:undefined:undefined:undefined":51,"s:441:28:441:Infinity":154,"b:441:32:441:64:441:64:441:92":52,"s:441:92:441:Infinity":155,"s:444:24:447:Infinity":156,"s:445:45:445:Infinity":157,"b:446:28:446:Infinity:undefined:undefined:undefined:undefined":53,"s:446:28:446:Infinity":158,"b:446:32:446:69:446:69:446:104":54,"s:446:104:446:Infinity":159,"s:448:24:448:Infinity":160,"b:451:20:453:Infinity:undefined:undefined:undefined:undefined":55,"s:451:20:453:Infinity":161,"b:451:24:451:43:451:43:451:65":56,"s:452:24:452:Infinity":162,"f:452:100:452:106":15,"s:452:106:452:139":163,"b:455:20:459:Infinity:undefined:undefined:undefined:undefined":57,"s:455:20:459:Infinity":164,"s:458:24:458:Infinity":165,"s:461:37:461:Infinity":166,"b:463:20:479:Infinity:undefined:undefined:undefined:undefined":58,"s:463:20:479:Infinity":167,"b:466:24:478:Infinity:475:31:478:Infinity":59,"s:466:24:478:Infinity":168,"s:468:45:468:Infinity":169,"s:469:45:469:Infinity":170,"s:470:49:470:Infinity":171,"s:472:28:472:Infinity":172,"s:473:28:473:Infinity":173,"s:474:28:474:Infinity":174,"s:477:28:477:Infinity":175,"s:483:20:483:Infinity":176,"f:483:75:483:80":16,"s:483:80:483:86":177,"s:485:40:485:Infinity":178,"f:485:57:485:62":17,"s:485:62:485:71":179,"f:485:77:485:82":18,"s:485:82:485:88":180,"s:489:37:489:Infinity":181,"s:490:37:490:Infinity":182,"s:491:41:491:Infinity":183,"b:493:20:498:Infinity:495:27:498:Infinity":60,"s:493:20:498:Infinity":184,"s:494:24:494:Infinity":185,"s:497:24:497:Infinity":186,"f:497:74:497:79":19,"s:497:79:497:85":187,"s:500:20:500:Infinity":188,"s:501:20:501:Infinity":189,"s:503:41:503:Infinity":190,"b:503:41:503:71:503:71:503:Infinity":61,"b:507:20:514:Infinity:undefined:undefined:undefined:undefined":62,"s:507:20:514:Infinity":191,"s:510:24:510:Infinity":192,"s:511:24:511:Infinity":193,"s:513:24:513:Infinity":194,"b:516:20:521:Infinity:undefined:undefined:undefined:undefined":63,"s:516:20:521:Infinity":195,"b:516:24:516:61:516:61:516:93:516:93:516:124:516:124:516:158":64,"s:517:24:517:Infinity":196,"s:518:24:518:Infinity":197,"s:520:24:520:Infinity":198,"s:524:20:524:Infinity":199,"s:525:20:525:Infinity":200,"s:526:20:526:Infinity":201,"s:528:20:528:Infinity":202,"b:533:12:540:Infinity:undefined:undefined:undefined:undefined":65,"s:533:12:540:Infinity":203,"s:534:16:534:Infinity":204,"s:535:16:539:Infinity":205,"s:542:16:542:Infinity":206,"s:544:32:544:Infinity":207,"b:544:32:544:57:544:57:544:Infinity":66,"s:545:16:548:Infinity":208,"s:554:12:554:Infinity":209,"f:561:18:561:40":20,"s:562:32:562:Infinity":210,"b:563:8:565:Infinity:undefined:undefined:undefined:undefined":67,"s:563:8:565:Infinity":211,"s:564:12:564:Infinity":212,"s:568:8:599:Infinity":213,"f:568:31:568:43":21,"s:569:12:598:Infinity":214,"s:571:39:571:Infinity":215,"s:574:44:574:Infinity":216,"s:577:38:577:Infinity":217,"s:579:16:593:Infinity":218,"s:595:16:595:Infinity":219,"s:597:16:597:Infinity":220,"f:605:18:605:42":22,"s:606:8:617:Infinity":221,"s:607:32:607:Infinity":222,"s:608:33:608:Infinity":223,"b:609:12:609:Infinity:undefined:undefined:undefined:undefined":68,"s:609:12:609:Infinity":224,"s:609:46:609:Infinity":225,"s:611:25:611:Infinity":226,"s:612:29:612:Infinity":227,"s:613:12:613:Infinity":228,"s:615:12:615:Infinity":229,"s:616:12:616:Infinity":230,"f:624:18:624:39":23,"s:625:32:625:Infinity":231,"b:628:8:630:Infinity:undefined:undefined:undefined:undefined":69,"s:628:8:630:Infinity":232,"s:629:12:629:Infinity":233,"b:633:8:635:Infinity:undefined:undefined:undefined:undefined":70,"s:633:8:635:Infinity":234,"s:634:12:634:Infinity":235,"s:638:8:675:Infinity":236,"s:639:30:639:Infinity":237,"s:640:31:640:Infinity":238,"s:642:12:674:Infinity":239,"b:644:16:646:Infinity:undefined:undefined:undefined:undefined":71,"s:644:16:646:Infinity":240,"s:645:20:645:Infinity":241,"b:649:16:666:Infinity:undefined:undefined:undefined:undefined":72,"s:649:16:666:Infinity":242,"s:650:34:650:Infinity":243,"b:651:20:665:Infinity:662:27:665:Infinity":73,"s:651:20:665:Infinity":244,"s:652:43:652:Infinity":245,"s:653:47:653:Infinity":246,"b:656:24:659:Infinity:undefined:undefined:undefined:undefined":74,"s:656:24:659:Infinity":247,"s:658:28:658:Infinity":248,"s:661:24:661:Infinity":249,"s:663:24:663:Infinity":250,"s:664:24:664:Infinity":251,"s:669:16:669:Infinity":252,"s:670:16:670:Infinity":253,"s:672:16:672:Infinity":254,"s:673:16:673:Infinity":255,"b:673:104:673:120:673:120:673:133":75,"f:678:12:678:22":24,"b:679:8:679:Infinity:undefined:undefined:undefined:undefined":76,"s:679:8:679:Infinity":256,"s:679:36:679:Infinity":257,"s:680:8:680:Infinity":258,"s:681:8:681:Infinity":259}}}
,"/Users/casu/Documents/Colony/.worktrees/task-506080e6/src/conversation/MessageBus.ts": {"path":"/Users/casu/Documents/Colony/.worktrees/task-506080e6/src/conversation/MessageBus.ts","statementMap":{"0":{"start":{"line":9,"column":12},"end":{"line":9,"column":null}},"1":{"start":{"line":17,"column":22},"end":{"line":17,"column":null}},"2":{"start":{"line":20,"column":30},"end":{"line":20,"column":null}},"3":{"start":{"line":27,"column":8},"end":{"line":29,"column":null}},"4":{"start":{"line":28,"column":12},"end":{"line":28,"column":null}},"5":{"start":{"line":30,"column":21},"end":{"line":30,"column":null}},"6":{"start":{"line":31,"column":8},"end":{"line":31,"column":null}},"7":{"start":{"line":33,"column":8},"end":{"line":33,"column":null}},"8":{"start":{"line":35,"column":8},"end":{"line":40,"column":null}},"9":{"start":{"line":36,"column":12},"end":{"line":36,"column":null}},"10":{"start":{"line":37,"column":12},"end":{"line":39,"column":null}},"11":{"start":{"line":38,"column":16},"end":{"line":38,"column":null}},"12":{"start":{"line":47,"column":8},"end":{"line":47,"column":null}},"13":{"start":{"line":50,"column":21},"end":{"line":50,"column":null}},"14":{"start":{"line":51,"column":8},"end":{"line":59,"column":null}},"15":{"start":{"line":52,"column":12},"end":{"line":58,"column":null}},"16":{"start":{"line":53,"column":16},"end":{"line":57,"column":null}},"17":{"start":{"line":54,"column":20},"end":{"line":54,"column":null}},"18":{"start":{"line":56,"column":20},"end":{"line":56,"column":null}},"19":{"start":{"line":62,"column":8},"end":{"line":62,"column":null}},"20":{"start":{"line":63,"column":8},"end":{"line":63,"column":null}},"21":{"start":{"line":70,"column":8},"end":{"line":70,"column":null}},"22":{"start":{"line":77,"column":8},"end":{"line":77,"column":null}}},"fnMap":{"0":{"name":"(anonymous_0)","decl":{"start":{"line":26,"column":4},"end":{"line":26,"column":14}},"loc":{"start":{"line":26,"column":80},"end":{"line":41,"column":null}},"line":26},"1":{"name":"(anonymous_1)","decl":{"start":{"line":35,"column":15},"end":{"line":35,"column":21}},"loc":{"start":{"line":35,"column":21},"end":{"line":40,"column":null}},"line":35},"2":{"name":"(anonymous_2)","decl":{"start":{"line":46,"column":4},"end":{"line":46,"column":12}},"loc":{"start":{"line":46,"column":36},"end":{"line":64,"column":null}},"line":46},"3":{"name":"(anonymous_3)","decl":{"start":{"line":69,"column":4},"end":{"line":69,"column":20}},"loc":{"start":{"line":69,"column":46},"end":{"line":71,"column":null}},"line":69},"4":{"name":"(anonymous_4)","decl":{"start":{"line":76,"column":4},"end":{"line":76,"column":14}},"loc":{"start":{"line":76,"column":36},"end":{"line":78,"column":null}},"line":76}},"branchMap":{"0":{"loc":{"start":{"line":27,"column":8},"end":{"line":29,"column":null}},"type":"if","locations":[{"start":{"line":27,"column":8},"end":{"line":29,"column":null}},{"start":{},"end":{}}],"line":27},"1":{"loc":{"start":{"line":37,"column":12},"end":{"line":39,"column":null}},"type":"if","locations":[{"start":{"line":37,"column":12},"end":{"line":39,"column":null}},{"start":{},"end":{}}],"line":37},"2":{"loc":{"start":{"line":51,"column":8},"end":{"line":59,"column":null}},"type":"if","locations":[{"start":{"line":51,"column":8},"end":{"line":59,"column":null}},{"start":{},"end":{}}],"line":51}},"s":{"0":1,"1":1,"2":1,"3":0,"4":0,"5":0,"6":0,"7":0,"8":0,"9":0,"10":0,"11":0,"12":2,"13":2,"14":2,"15":0,"16":0,"17":0,"18":0,"19":2,"20":2,"21":0,"22":0},"f":{"0":0,"1":0,"2":2,"3":0,"4":0},"b":{"0":[0,0],"1":[0,0],"2":[0,2]},"meta":{"lastBranch":3,"lastFunction":5,"lastStatement":23,"seen":{"s:9:12:9:Infinity":0,"s:17:22:17:Infinity":1,"s:20:30:20:Infinity":2,"f:26:4:26:14":0,"b:27:8:29:Infinity:undefined:undefined:undefined:undefined":0,"s:27:8:29:Infinity":3,"s:28:12:28:Infinity":4,"s:30:21:30:Infinity":5,"s:31:8:31:Infinity":6,"s:33:8:33:Infinity":7,"s:35:8:40:Infinity":8,"f:35:15:35:21":1,"s:36:12:36:Infinity":9,"b:37:12:39:Infinity:undefined:undefined:undefined:undefined":1,"s:37:12:39:Infinity":10,"s:38:16:38:Infinity":11,"f:46:4:46:12":2,"s:47:8:47:Infinity":12,"s:50:21:50:Infinity":13,"b:51:8:59:Infinity:undefined:undefined:undefined:undefined":2,"s:51:8:59:Infinity":14,"s:52:12:58:Infinity":15,"s:53:16:57:Infinity":16,"s:54:20:54:Infinity":17,"s:56:20:56:Infinity":18,"s:62:8:62:Infinity":19,"s:63:8:63:Infinity":20,"f:69:4:69:20":3,"s:70:8:70:Infinity":21,"f:76:4:76:14":4,"s:77:8:77:Infinity":22}}}
,"/Users/casu/Documents/Colony/.worktrees/task-506080e6/src/integrations/openclaw/OpenClawBridge.ts": {"path":"/Users/casu/Documents/Colony/.worktrees/task-506080e6/src/integrations/openclaw/OpenClawBridge.ts","statementMap":{"0":{"start":{"line":7,"column":12},"end":{"line":7,"column":null}},"1":{"start":{"line":17,"column":22},"end":{"line":17,"column":null}},"2":{"start":{"line":19,"column":33},"end":{"line":19,"column":59}},"3":{"start":{"line":22,"column":8},"end":{"line":24,"column":null}},"4":{"start":{"line":23,"column":12},"end":{"line":23,"column":null}},"5":{"start":{"line":25,"column":8},"end":{"line":25,"column":null}},"6":{"start":{"line":27,"column":8},"end":{"line":48,"column":null}},"7":{"start":{"line":28,"column":36},"end":{"line":28,"column":null}},"8":{"start":{"line":29,"column":37},"end":{"line":29,"column":null}},"9":{"start":{"line":30,"column":12},"end":{"line":32,"column":null}},"10":{"start":{"line":31,"column":16},"end":{"line":31,"column":null}},"11":{"start":{"line":34,"column":28},"end":{"line":38,"column":null}},"12":{"start":{"line":40,"column":12},"end":{"line":47,"column":null}},"13":{"start":{"line":46,"column":16},"end":{"line":46,"column":null}}},"fnMap":{"0":{"name":"(anonymous_0)","decl":{"start":{"line":19,"column":4},"end":{"line":19,"column":33}},"loc":{"start":{"line":19,"column":59},"end":{"line":19,"column":null}},"line":19},"1":{"name":"(anonymous_1)","decl":{"start":{"line":21,"column":4},"end":{"line":21,"column":18}},"loc":{"start":{"line":21,"column":18},"end":{"line":49,"column":null}},"line":21},"2":{"name":"(anonymous_2)","decl":{"start":{"line":27,"column":50},"end":{"line":27,"column":51}},"loc":{"start":{"line":27,"column":63},"end":{"line":48,"column":9}},"line":27},"3":{"name":"(anonymous_3)","decl":{"start":{"line":45,"column":21},"end":{"line":45,"column":22}},"loc":{"start":{"line":45,"column":32},"end":{"line":47,"column":13}},"line":45}},"branchMap":{"0":{"loc":{"start":{"line":22,"column":8},"end":{"line":24,"column":null}},"type":"if","locations":[{"start":{"line":22,"column":8},"end":{"line":24,"column":null}},{"start":{},"end":{}}],"line":22},"1":{"loc":{"start":{"line":29,"column":37},"end":{"line":29,"column":null}},"type":"binary-expr","locations":[{"start":{"line":29,"column":37},"end":{"line":29,"column":74}},{"start":{"line":29,"column":74},"end":{"line":29,"column":null}}],"line":29},"2":{"loc":{"start":{"line":30,"column":12},"end":{"line":32,"column":null}},"type":"if","locations":[{"start":{"line":30,"column":12},"end":{"line":32,"column":null}},{"start":{},"end":{}}],"line":30},"3":{"loc":{"start":{"line":30,"column":16},"end":{"line":30,"column":88}},"type":"binary-expr","locations":[{"start":{"line":30,"column":16},"end":{"line":30,"column":35}},{"start":{"line":30,"column":35},"end":{"line":30,"column":55}},{"start":{"line":30,"column":55},"end":{"line":30,"column":88}}],"line":30}},"s":{"0":1,"1":1,"2":1,"3":1,"4":0,"5":1,"6":1,"7":2,"8":2,"9":2,"10":1,"11":1,"12":1,"13":0},"f":{"0":1,"1":1,"2":2,"3":0},"b":{"0":[0,1],"1":[2,0],"2":[1,1],"3":[2,1,1]},"meta":{"lastBranch":4,"lastFunction":4,"lastStatement":14,"seen":{"s:7:12:7:Infinity":0,"s:17:22:17:Infinity":1,"f:19:4:19:33":0,"s:19:33:19:59":2,"f:21:4:21:18":1,"b:22:8:24:Infinity:undefined:undefined:undefined:undefined":0,"s:22:8:24:Infinity":3,"s:23:12:23:Infinity":4,"s:25:8:25:Infinity":5,"s:27:8:48:Infinity":6,"f:27:50:27:51":2,"s:28:36:28:Infinity":7,"s:29:37:29:Infinity":8,"b:29:37:29:74:29:74:29:Infinity":1,"b:30:12:32:Infinity:undefined:undefined:undefined:undefined":2,"s:30:12:32:Infinity":9,"b:30:16:30:35:30:35:30:55:30:55:30:88":3,"s:31:16:31:Infinity":10,"s:34:28:38:Infinity":11,"s:40:12:47:Infinity":12,"f:45:21:45:22":3,"s:46:16:46:Infinity":13}}}
,"/Users/casu/Documents/Colony/.worktrees/task-506080e6/src/integrations/openclaw/OpenClawClient.ts": {"path":"/Users/casu/Documents/Colony/.worktrees/task-506080e6/src/integrations/openclaw/OpenClawClient.ts","statementMap":{"0":{"start":{"line":4,"column":12},"end":{"line":4,"column":null}},"1":{"start":{"line":19,"column":33},"end":{"line":19,"column":57}},"2":{"start":{"line":22,"column":27},"end":{"line":22,"column":null}},"3":{"start":{"line":23,"column":24},"end":{"line":23,"column":null}},"4":{"start":{"line":23,"column":41},"end":{"line":23,"column":61}},"5":{"start":{"line":25,"column":8},"end":{"line":49,"column":null}},"6":{"start":{"line":26,"column":29},"end":{"line":40,"column":null}},"7":{"start":{"line":41,"column":12},"end":{"line":41,"column":null}},"8":{"start":{"line":43,"column":12},"end":{"line":45,"column":null}},"9":{"start":{"line":44,"column":16},"end":{"line":44,"column":null}},"10":{"start":{"line":46,"column":12},"end":{"line":46,"column":null}},"11":{"start":{"line":48,"column":12},"end":{"line":48,"column":null}},"12":{"start":{"line":54,"column":8},"end":{"line":58,"column":null}},"13":{"start":{"line":55,"column":12},"end":{"line":55,"column":null}},"14":{"start":{"line":57,"column":12},"end":{"line":57,"column":null}},"15":{"start":{"line":60,"column":8},"end":{"line":67,"column":null}},"16":{"start":{"line":61,"column":12},"end":{"line":65,"column":null}},"17":{"start":{"line":66,"column":12},"end":{"line":66,"column":null}},"18":{"start":{"line":69,"column":8},"end":{"line":72,"column":null}}},"fnMap":{"0":{"name":"(anonymous_0)","decl":{"start":{"line":19,"column":4},"end":{"line":19,"column":33}},"loc":{"start":{"line":19,"column":57},"end":{"line":19,"column":null}},"line":19},"1":{"name":"(anonymous_1)","decl":{"start":{"line":21,"column":10},"end":{"line":21,"column":22}},"loc":{"start":{"line":21,"column":87},"end":{"line":50,"column":null}},"line":21},"2":{"name":"(anonymous_2)","decl":{"start":{"line":23,"column":35},"end":{"line":23,"column":41}},"loc":{"start":{"line":23,"column":41},"end":{"line":23,"column":61}},"line":23},"3":{"name":"(anonymous_3)","decl":{"start":{"line":52,"column":18},"end":{"line":52,"column":32}},"loc":{"start":{"line":52,"column":117},"end":{"line":73,"column":null}},"line":52}},"branchMap":{"0":{"loc":{"start":{"line":43,"column":12},"end":{"line":45,"column":null}},"type":"if","locations":[{"start":{"line":43,"column":12},"end":{"line":45,"column":null}},{"start":{},"end":{}}],"line":43},"1":{"loc":{"start":{"line":60,"column":8},"end":{"line":67,"column":null}},"type":"if","locations":[{"start":{"line":60,"column":8},"end":{"line":67,"column":null}},{"start":{},"end":{}}],"line":60}},"s":{"0":1,"1":4,"2":4,"3":4,"4":1,"5":4,"6":4,"7":3,"8":1,"9":1,"10":0,"11":4,"12":3,"13":3,"14":1,"15":2,"16":1,"17":1,"18":1},"f":{"0":4,"1":4,"2":1,"3":3},"b":{"0":[1,0],"1":[1,1]},"meta":{"lastBranch":2,"lastFunction":4,"lastStatement":19,"seen":{"s:4:12:4:Infinity":0,"f:19:4:19:33":0,"s:19:33:19:57":1,"f:21:10:21:22":1,"s:22:27:22:Infinity":2,"s:23:24:23:Infinity":3,"f:23:35:23:41":2,"s:23:41:23:61":4,"s:25:8:49:Infinity":5,"s:26:29:40:Infinity":6,"s:41:12:41:Infinity":7,"b:43:12:45:Infinity:undefined:undefined:undefined:undefined":0,"s:43:12:45:Infinity":8,"s:44:16:44:Infinity":9,"s:46:12:46:Infinity":10,"s:48:12:48:Infinity":11,"f:52:18:52:32":3,"s:54:8:58:Infinity":12,"s:55:12:55:Infinity":13,"s:57:12:57:Infinity":14,"b:60:8:67:Infinity:undefined:undefined:undefined:undefined":1,"s:60:8:67:Infinity":15,"s:61:12:65:Infinity":16,"s:66:12:66:Infinity":17,"s:69:8:72:Infinity":18}}}
,"/Users/casu/Documents/Colony/.worktrees/task-506080e6/src/integrations/openclaw/config.ts": {"path":"/Users/casu/Documents/Colony/.worktrees/task-506080e6/src/integrations/openclaw/config.ts","statementMap":{"0":{"start":{"line":4,"column":30},"end":{"line":4,"column":null}},"1":{"start":{"line":4,"column":61},"end":{"line":4,"column":88}},"2":{"start":{"line":5,"column":10},"end":{"line":5,"column":null}},"3":{"start":{"line":6,"column":20},"end":{"line":6,"column":null}},"4":{"start":{"line":8,"column":4},"end":{"line":19,"column":null}},"5":{"start":{"line":9,"column":8},"end":{"line":18,"column":null}},"6":{"start":{"line":21,"column":20},"end":{"line":21,"column":null}},"7":{"start":{"line":22,"column":19},"end":{"line":22,"column":null}},"8":{"start":{"line":23,"column":20},"end":{"line":23,"column":null}},"9":{"start":{"line":24,"column":26},"end":{"line":24,"column":null}},"10":{"start":{"line":25,"column":22},"end":{"line":25,"column":null}},"11":{"start":{"line":26,"column":26},"end":{"line":26,"column":null}},"12":{"start":{"line":27,"column":20},"end":{"line":27,"column":null}},"13":{"start":{"line":27,"column":83},"end":{"line":27,"column":94}},"14":{"start":{"line":29,"column":4},"end":{"line":29,"column":null}},"15":{"start":{"line":33,"column":16},"end":{"line":33,"column":null}},"16":{"start":{"line":34,"column":4},"end":{"line":36,"column":null}},"17":{"start":{"line":35,"column":8},"end":{"line":35,"column":null}},"18":{"start":{"line":37,"column":4},"end":{"line":37,"column":null}},"19":{"start":{"line":41,"column":18},"end":{"line":41,"column":null}},"20":{"start":{"line":42,"column":4},"end":{"line":44,"column":null}},"21":{"start":{"line":43,"column":8},"end":{"line":43,"column":null}},"22":{"start":{"line":45,"column":4},"end":{"line":45,"column":null}},"23":{"start":{"line":49,"column":18},"end":{"line":49,"column":null}},"24":{"start":{"line":50,"column":4},"end":{"line":52,"column":null}},"25":{"start":{"line":51,"column":8},"end":{"line":51,"column":null}},"26":{"start":{"line":53,"column":4},"end":{"line":53,"column":null}}},"fnMap":{"0":{"name":"loadOpenClawConfig","decl":{"start":{"line":3,"column":16},"end":{"line":3,"column":35}},"loc":{"start":{"line":3,"column":89},"end":{"line":30,"column":null}},"line":3},"1":{"name":"(anonymous_1)","decl":{"start":{"line":4,"column":52},"end":{"line":4,"column":53}},"loc":{"start":{"line":4,"column":61},"end":{"line":4,"column":88}},"line":4},"2":{"name":"(anonymous_2)","decl":{"start":{"line":27,"column":73},"end":{"line":27,"column":74}},"loc":{"start":{"line":27,"column":83},"end":{"line":27,"column":94}},"line":27},"3":{"name":"mustGetString","decl":{"start":{"line":32,"column":9},"end":{"line":32,"column":23}},"loc":{"start":{"line":32,"column":68},"end":{"line":38,"column":null}},"line":32},"4":{"name":"parsePositiveInt","decl":{"start":{"line":40,"column":9},"end":{"line":40,"column":26}},"loc":{"start":{"line":40,"column":90},"end":{"line":46,"column":null}},"line":40},"5":{"name":"parseNonNegativeInt","decl":{"start":{"line":48,"column":9},"end":{"line":48,"column":29}},"loc":{"start":{"line":48,"column":93},"end":{"line":54,"column":null}},"line":48}},"branchMap":{"0":{"loc":{"start":{"line":3,"column":35},"end":{"line":3,"column":89}},"type":"default-arg","locations":[{"start":{"line":3,"column":60},"end":{"line":3,"column":89}}],"line":3},"1":{"loc":{"start":{"line":5,"column":25},"end":{"line":5,"column":53}},"type":"binary-expr","locations":[{"start":{"line":5,"column":25},"end":{"line":5,"column":49}},{"start":{"line":5,"column":49},"end":{"line":5,"column":53}}],"line":5},"2":{"loc":{"start":{"line":6,"column":20},"end":{"line":6,"column":null}},"type":"binary-expr","locations":[{"start":{"line":6,"column":20},"end":{"line":6,"column":43}},{"start":{"line":6,"column":43},"end":{"line":6,"column":70}},{"start":{"line":6,"column":70},"end":{"line":6,"column":91}},{"start":{"line":6,"column":91},"end":{"line":6,"column":null}}],"line":6},"3":{"loc":{"start":{"line":8,"column":4},"end":{"line":19,"column":null}},"type":"if","locations":[{"start":{"line":8,"column":4},"end":{"line":19,"column":null}},{"start":{},"end":{}}],"line":8},"4":{"loc":{"start":{"line":27,"column":29},"end":{"line":27,"column":58}},"type":"binary-expr","locations":[{"start":{"line":27,"column":29},"end":{"line":27,"column":54}},{"start":{"line":27,"column":54},"end":{"line":27,"column":58}}],"line":27},"5":{"loc":{"start":{"line":34,"column":4},"end":{"line":36,"column":null}},"type":"if","locations":[{"start":{"line":34,"column":4},"end":{"line":36,"column":null}},{"start":{},"end":{}}],"line":34},"6":{"loc":{"start":{"line":34,"column":8},"end":{"line":34,"column":29}},"type":"binary-expr","locations":[{"start":{"line":34,"column":8},"end":{"line":34,"column":16}},{"start":{"line":34,"column":16},"end":{"line":34,"column":29}}],"line":34},"7":{"loc":{"start":{"line":41,"column":18},"end":{"line":41,"column":null}},"type":"cond-expr","locations":[{"start":{"line":41,"column":24},"end":{"line":41,"column":38}},{"start":{"line":41,"column":38},"end":{"line":41,"column":null}}],"line":41},"8":{"loc":{"start":{"line":42,"column":4},"end":{"line":44,"column":null}},"type":"if","locations":[{"start":{"line":42,"column":4},"end":{"line":44,"column":null}},{"start":{},"end":{}}],"line":42},"9":{"loc":{"start":{"line":42,"column":8},"end":{"line":42,"column":48}},"type":"binary-expr","locations":[{"start":{"line":42,"column":8},"end":{"line":42,"column":36}},{"start":{"line":42,"column":36},"end":{"line":42,"column":48}}],"line":42},"10":{"loc":{"start":{"line":49,"column":18},"end":{"line":49,"column":null}},"type":"cond-expr","locations":[{"start":{"line":49,"column":24},"end":{"line":49,"column":38}},{"start":{"line":49,"column":38},"end":{"line":49,"column":null}}],"line":49},"11":{"loc":{"start":{"line":50,"column":4},"end":{"line":52,"column":null}},"type":"if","locations":[{"start":{"line":50,"column":4},"end":{"line":52,"column":null}},{"start":{},"end":{}}],"line":50},"12":{"loc":{"start":{"line":50,"column":8},"end":{"line":50,"column":47}},"type":"binary-expr","locations":[{"start":{"line":50,"column":8},"end":{"line":50,"column":36}},{"start":{"line":50,"column":36},"end":{"line":50,"column":47}}],"line":50}},"s":{"0":3,"1":2,"2":3,"3":3,"4":3,"5":1,"6":2,"7":2,"8":2,"9":2,"10":2,"11":2,"12":2,"13":2,"14":3,"15":8,"16":8,"17":0,"18":8,"19":2,"20":2,"21":1,"22":1,"23":1,"24":1,"25":0,"26":1},"f":{"0":3,"1":2,"2":2,"3":8,"4":2,"5":1},"b":{"0":[3],"1":[3,1],"2":[3,3,1,0],"3":[1,2],"4":[2,0],"5":[0,8],"6":[8,8],"7":[2,0],"8":[1,1],"9":[2,2],"10":[1,0],"11":[0,1],"12":[1,1]},"meta":{"lastBranch":13,"lastFunction":6,"lastStatement":27,"seen":{"f:3:16:3:35":0,"b:3:60:3:89":0,"s:4:30:4:Infinity":0,"f:4:52:4:53":1,"s:4:61:4:88":1,"s:5:10:5:Infinity":2,"b:5:25:5:49:5:49:5:53":1,"s:6:20:6:Infinity":3,"b:6:20:6:43:6:43:6:70:6:70:6:91:6:91:6:Infinity":2,"b:8:4:19:Infinity:undefined:undefined:undefined:undefined":3,"s:8:4:19:Infinity":4,"s:9:8:18:Infinity":5,"s:21:20:21:Infinity":6,"s:22:19:22:Infinity":7,"s:23:20:23:Infinity":8,"s:24:26:24:Infinity":9,"s:25:22:25:Infinity":10,"s:26:26:26:Infinity":11,"s:27:20:27:Infinity":12,"b:27:29:27:54:27:54:27:58":4,"f:27:73:27:74":2,"s:27:83:27:94":13,"s:29:4:29:Infinity":14,"f:32:9:32:23":3,"s:33:16:33:Infinity":15,"b:34:4:36:Infinity:undefined:undefined:undefined:undefined":5,"s:34:4:36:Infinity":16,"b:34:8:34:16:34:16:34:29":6,"s:35:8:35:Infinity":17,"s:37:4:37:Infinity":18,"f:40:9:40:26":4,"s:41:18:41:Infinity":19,"b:41:24:41:38:41:38:41:Infinity":7,"b:42:4:44:Infinity:undefined:undefined:undefined:undefined":8,"s:42:4:44:Infinity":20,"b:42:8:42:36:42:36:42:48":9,"s:43:8:43:Infinity":21,"s:45:4:45:Infinity":22,"f:48:9:48:29":5,"s:49:18:49:Infinity":23,"b:49:24:49:38:49:38:49:Infinity":10,"b:50:4:52:Infinity:undefined:undefined:undefined:undefined":11,"s:50:4:52:Infinity":24,"b:50:8:50:36:50:36:50:47":12,"s:51:8:51:Infinity":25,"s:53:4:53:Infinity":26}}}
,"/Users/casu/Documents/Colony/.worktrees/task-506080e6/src/integrations/openclaw/eventTranslator.ts": {"path":"/Users/casu/Documents/Colony/.worktrees/task-506080e6/src/integrations/openclaw/eventTranslator.ts","statementMap":{"0":{"start":{"line":5,"column":21},"end":{"line":11,"column":null}},"1":{"start":{"line":13,"column":4},"end":{"line":16,"column":null}},"2":{"start":{"line":14,"column":8},"end":{"line":14,"column":null}},"3":{"start":{"line":15,"column":8},"end":{"line":15,"column":null}},"4":{"start":{"line":17,"column":4},"end":{"line":21,"column":null}},"5":{"start":{"line":18,"column":23},"end":{"line":18,"column":null}},"6":{"start":{"line":19,"column":8},"end":{"line":19,"column":null}},"7":{"start":{"line":20,"column":8},"end":{"line":20,"column":null}},"8":{"start":{"line":22,"column":4},"end":{"line":26,"column":null}},"9":{"start":{"line":23,"column":21},"end":{"line":23,"column":null}},"10":{"start":{"line":24,"column":8},"end":{"line":24,"column":null}},"11":{"start":{"line":25,"column":8},"end":{"line":25,"column":null}},"12":{"start":{"line":30,"column":4},"end":{"line":32,"column":null}},"13":{"start":{"line":31,"column":8},"end":{"line":31,"column":null}},"14":{"start":{"line":33,"column":4},"end":{"line":35,"column":null}},"15":{"start":{"line":34,"column":8},"end":{"line":34,"column":null}},"16":{"start":{"line":36,"column":4},"end":{"line":36,"column":null}}},"fnMap":{"0":{"name":"translateOpenClawEvent","decl":{"start":{"line":4,"column":16},"end":{"line":4,"column":39}},"loc":{"start":{"line":4,"column":90},"end":{"line":27,"column":null}},"line":4},"1":{"name":"stringifyPayloadField","decl":{"start":{"line":29,"column":9},"end":{"line":29,"column":31}},"loc":{"start":{"line":29,"column":55},"end":{"line":37,"column":null}},"line":29}},"branchMap":{"0":{"loc":{"start":{"line":13,"column":4},"end":{"line":16,"column":null}},"type":"if","locations":[{"start":{"line":13,"column":4},"end":{"line":16,"column":null}},{"start":{},"end":{}}],"line":1
[...]
},"66":{"start":{"line":175,"column":20},"end":{"line":180,"column":null}},"67":{"start":{"line":176,"column":24},"end":{"line":176,"column":null}},"68":{"start":{"line":177,"column":24},"end":{"line":177,"column":null}},"69":{"start":{"line":179,"column":24},"end":{"line":179,"column":null}}},"fnMap":{"0":{"name":"(anonymous_0)","decl":{"start":{"line":36,"column":4},"end":{"line":36,"column":16}},"loc":{"start":{"line":36,"column":34},"end":{"line":38,"column":null}},"line":36},"1":{"name":"(anonymous_1)","decl":{"start":{"line":43,"column":12},"end":{"line":43,"column":26}},"loc":{"start":{"line":43,"column":67},"end":{"line":45,"column":null}},"line":43},"2":{"name":"(anonymous_2)","decl":{"start":{"line":50,"column":12},"end":{"line":50,"column":27}},"loc":{"start":{"line":50,"column":87},"end":{"line":52,"column":null}},"line":50},"3":{"name":"(anonymous_3)","decl":{"start":{"line":57,"column":4},"end":{"line":57,"column":null}},"loc":{"start":{"line":62,"column":12},"end":{"line":73,"column":null}},"line":62},"4":{"name":"(anonymous_4)","decl":{"start":{"line":78,"column":4},"end":{"line":78,"column":9}},"loc":{"start":{"line":78,"column":80},"end":{"line":89,"column":null}},"line":78},"5":{"name":"(anonymous_5)","decl":{"start":{"line":84,"column":24},"end":{"line":84,"column":32}},"loc":{"start":{"line":84,"column":32},"end":{"line":84,"column":43}},"line":84},"6":{"name":"(anonymous_6)","decl":{"start":{"line":85,"column":21},"end":{"line":85,"column":29}},"loc":{"start":{"line":85,"column":29},"end":{"line":85,"column":64}},"line":85},"7":{"name":"(anonymous_7)","decl":{"start":{"line":94,"column":4},"end":{"line":94,"column":15}},"loc":{"start":{"line":94,"column":94},"end":{"line":114,"column":null}},"line":94},"8":{"name":"(anonymous_8)","decl":{"start":{"line":104,"column":57},"end":{"line":104,"column":62}},"loc":{"start":{"line":104,"column":62},"end":{"line":104,"column":68}},"line":104},"9":{"name":"(anonymous_9)","decl":{"start":{"line":119,"column":4},"end":{"line":119,"column":17}},"loc":{"start":{"line":119,"column":60},"end":{"line":128,"column":null}},"line":119},"10":{"name":"(anonymous_10)","decl":{"start":{"line":123,"column":24},"end":{"line":123,"column":29}},"loc":{"start":{"line":123,"column":29},"end":{"line":123,"column":49}},"line":123},"11":{"name":"(anonymous_11)","decl":{"start":{"line":124,"column":21},"end":{"line":124,"column":26}},"loc":{"start":{"line":124,"column":26},"end":{"line":124,"column":49}},"line":124},"12":{"name":"(anonymous_12)","decl":{"start":{"line":133,"column":4},"end":{"line":133,"column":11}},"loc":{"start":{"line":137,"column":7},"end":{"line":162,"column":null}},"line":137},"13":{"name":"(anonymous_13)","decl":{"start":{"line":151,"column":52},"end":{"line":151,"column":57}},"loc":{"start":{"line":151,"column":57},"end":{"line":151,"column":93}},"line":151},"14":{"name":"(anonymous_14)","decl":{"start":{"line":167,"column":4},"end":{"line":167,"column":17}},"loc":{"start":{"line":167,"column":39},"end":{"line":184,"column":null}},"line":167}},"branchMap":{"0":{"loc":{"start":{"line":12,"column":17},"end":{"line":12,"column":null}},"type":"binary-expr","locations":[{"start":{"line":12,"column":17},"end":{"line":12,"column":48}},{"start":{"line":12,"column":48},"end":{"line":12,"column":null}}],"line":12},"1":{"loc":{"start":{"line":37,"column":33},"end":{"line":37,"column":54}},"type":"binary-expr","locations":[{"start":{"line":37,"column":33},"end":{"line":37,"column":44}},{"start":{"line":37,"column":44},"end":{"line":37,"column":54}}],"line":37},"2":{"loc":{"start":{"line":64,"column":8},"end":{"line":66,"column":null}},"type":"if","locations":[{"start":{"line":64,"column":8},"end":{"line":66,"column":null}},{"start":{},"end":{}}],"line":64},"3":{"loc":{"start":{"line":96,"column":8},"end":{"line":96,"column":null}},"type":"if","locations":[{"start":{"line":96,"column":8},"end":{"line":96,"column":null}},{"start":{},"end":{}}],"line":96},"4":{"loc":{"start":{"line":101,"column":67},"end":{"line":101,"column":105}},"type":"cond-expr","locations":[{"start":{"line":101,"column":95},"end":{"line":101,"column":103}},{"start":{"line":101,"column":103},"end":{"line":101,"column":105}}],"line":101},"5":{"loc":{"start":{"line":103,"column":12},"end":{"line":105,"column":null}},"type":"if","locations":[{"start":{"line":103,"column":12},"end":{"line":105,"column":null}},{"start":{},"end":{}}],"line":103},"6":{"loc":{"start":{"line":110,"column":8},"end":{"line":112,"column":null}},"type":"if","locations":[{"start":{"line":110,"column":8},"end":{"line":112,"column":null}},{"start":{},"end":{}}],"line":110},"7":{"loc":{"start":{"line":110,"column":12},"end":{"line":110,"column":48}},"type":"binary-expr","locations":[{"start":{"line":110,"column":12},"end":{"line":110,"column":24}},{"start":{"line":110,"column":24},"end":{"line":110,"column":48}}],"line":110},"8":{"loc":{"start":{"line":133,"column":59},"end":{"line":133,"column":null}},"type":"default-arg","locations":[{"start":{"line":133,"column":72},"end":{"line":133,"column":null}}],"line":133},"9":{"loc":{"start":{"line":143,"column":12},"end":{"line":143,"column":null}},"type":"if","locations":[{"start":{"line":143,"column":12},"end":{"line":143,"column":null}},{"start":{},"end":{}}],"line":143},"10":{"loc":{"start":{"line":146,"column":16},"end":{"line":146,"column":null}},"type":"if","locations":[{"start":{"line":146,"column":16},"end":{"line":146,"column":null}},{"start":{},"end":{}}],"line":146},"11":{"loc":{"start":{"line":148,"column":16},"end":{"line":157,"column":null}},"type":"if","locations":[{"start":{"line":148,"column":16},"end":{"line":157,"column":null}},{"start":{},"end":{}}],"line":148},"12":{"loc":{"start":{"line":151,"column":38},"end":{"line":151,"column":null}},"type":"binary-expr","locations":[{"start":{"line":151,"column":38},"end":{"line":151,"column":98}},{"start":{"line":151,"column":98},"end":{"line":151,"column":null}}],"line":151},"13":{"loc":{"start":{"line":168,"column":8},"end":{"line":168,"column":null}},"type":"if","locations":[{"start":{"line":168,"column":8},"end":{"line":168,"column":null}},{"start":{},"end":{}}],"line":168},"14":{"loc":{"start":{"line":172,"column":12},"end":{"line":182,"column":null}},"type":"if","locations":[{"start":{"line":172,"column":12},"end":{"line":182,"column":null}},{"start":{},"end":{}}],"line":172},"15":{"loc":{"start":{"line":174,"column":16},"end":{"line":181,"column":null}},"type":"if","locations":[{"start":{"line":174,"column":16},"end":{"line":181,"column":null}},{"start":{},"end":{}}],"line":174}},"s":{"0":1,"1":1,"2":0,"3":0,"4":0,"5":0,"6":0,"7":0,"8":0,"9":0,"10":0,"11":0,"12":0,"13":0,"14":0,"15":0,"16":0,"17":0,"18":0,"19":0,"20":0,"21":0,"22":0,"23":0,"24":0,"25":0,"26":0,"27":0,"28":0,"29":0,"30":0,"31":0,"32":0,"33":0,"34":0,"35":0,"36":0,"37":0,"38":0,"39":0,"40":0,"41":0,"42":0,"43":0,"44":0,"45":0,"46":0,"47":0,"48":0,"49":0,"50":0,"51":0,"52":0,"53":0,"54":0,"55":0,"56":0,"57":0,"58":0,"59":0,"60":0,"61":0,"62":0,"63":0,"64":0,"65":0,"66":0,"67":0,"68":0,"69":0},"f":{"0":0,"1":0,"2":0,"3":0,"4":0,"5":0,"6":0,"7":0,"8":0,"9":0,"10":0,"11":0,"12":0,"13":0,"14":0},"b":{"0":[1,1],"1":[0,0],"2":[0,0],"3":[0,0],"4":[0,0],"5":[0,0],"6":[0,0],"7":[0,0],"8":[0],"9":[0,0],"10":[0,0],"11":[0,0],"12":[0,0],"13":[0,0],"14":[0,0],"15":[0,0]},"meta":{"lastBranch":16,"lastFunction":15,"lastStatement":70,"seen":{"s:10:12:10:Infinity":0,"s:12:17:12:Infinity":1,"b:12:17:12:48:12:48:12:Infinity":0,"f:36:4:36:16":0,"s:37:8:37:Infinity":2,"b:37:33:37:44:37:44:37:54":1,"f:43:12:43:26":1,"s:44:8:44:Infinity":3,"f:50:12:50:27":2,"s:51:8:51:Infinity":4,"f:57:4:57:Infinity":3,"s:63:20:63:Infinity":5,"b:64:8:66:Infinity:undefined:undefined:undefined:undefined":2,"s:64:8:66:Infinity":6,"s:65:12:65:Infinity":7,"s:68:25:68:Infinity":8,"s:69:21:69:Infinity":9,"s:70:8:70:Infinity":10,"s:72:8:72:Infinity":11,"f:78:4:78:9":4,"s:79:25:79:Infinity":12,"s:80:8:88:Infinity":13,"s:81:28:81:Infinity":14,"s:82:12:85:Infinity":15,"f:84:24:84:32":5,"s:84:32:84:43":16,"f:85:21:85:29":6,"s:85:29:85:64":17,"s:87:12:87:Infinity":18,"f:94:4:94:15":7,"s:95:24:95:Infinity":19,"b:96:8:96:Infinity:undefined:undefined:undefined:undefined":3,"s:96:8:96:Infinity":20,"s:96:34:96:Infinity":21,"s:98:32:98:Infinity":22,"s:99:8:107:Infinity":23,"s:100:12:100:Infinity":24,"s:101:12:101:Infinity":25,"b:101:95:101:103:101:103:101:105":4,"s:102:12:102:Infinity":26,"b:103:12:105:Infinity:undefined:undefined:undefined:undefined":5,"s:103:12:105:Infinity":27,"s:104:16:104:Infinity":28,"f:104:57:104:62":8,"s:104:62:104:68":29,"s:106:12:106:Infinity":30,"s:109:21:109:Infinity":31,"b:110:8:112:Infinity:undefined:undefined:undefined:undefined":6,"s:110:8:112:Infinity":32,"b:110:12:110:24:110:24:110:48":7,"s:111:12:111:Infinity":33,"s:113:8:113:Infinity":34,"f:119:4:119:17":9,"s:120:20:120:Infinity":35,"s:121:8:127:Infinity":36,"s:122:12:124:Infinity":37,"f:123:24:123:29":10,"s:123:29:123:49":38,"f:124:21:124:26":11,"s:124:26:124:49":39,"s:126:12:126:Infinity":40,"f:133:4:133:11":12,"b:133:72:133:Infinity":8,"s:138:27:138:Infinity":41,"s:139:98:139:Infinity":42,"s:140:27:140:Infinity":43,"s:142:8:159:Infinity":44,"b:143:12:143:Infinity:undefined:undefined:undefined:undefined":9,"s:143:12:143:Infinity":45,"s:143:46:143:Infinity":46,"s:144:28:144:Infinity":47,"s:145:12:158:Infinity":48,"b:146:16:146:Infinity:undefined:undefined:undefined:undefined":10,"s:146:16:146:Infinity":49,"s:146:50:146:Infinity":50,"s:147:33:147:Infinity":51,"b:148:16:157:Infinity:undefined:undefined:undefined:undefined":11,"s:148:16:157:Infinity":52,"s:150:37:150:Infinity":53,"s:151:38:151:Infinity":54,"b:151:38:151:98:151:98:151:Infinity":12,"f:151:52:151:57":13,"s:151:57:151:93":55,"s:152:20:156:Infinity":56,"s:161:8:161:Infinity":57,"f:167:4:167:17":14,"b:168:8:168:Infinity:undefined:undefined:undefined:undefined":13,"s:168:8:168:Infinity":58,"s:168:42:168:Infinity":59,"s:169:21:169:Infinity":60,"s:170:23:170:Infinity":61,"s:171:8:183:Infinity":62,"b:172:12:182:Infinity:undefined:undefined:undefined:undefined":14,"s:172:12:182:Infinity":63,"s:173:32:173:Infinity":64,"b:174:16:181:Infinity:undefined:undefined:undefined:undefined":15,"s:174:16:181:Infinity":65,"s:175:20:180:Infinity":66,"s:176:24:176:Infinity":67,"s:177:24:177:Infinity":68,"s:179:24:179:Infinity":69}}}
,"/Users/casu/Documents/Colony/.worktrees/task-506080e6/src/utils/EventBus.ts": {"path":"/Users/casu/Documents/Colony/.worktrees/task-506080e6/src/utils/EventBus.ts","statementMap":{"0":{"start":{"line":8,"column":24},"end":{"line":8,"column":null}},"1":{"start":{"line":11,"column":8},"end":{"line":13,"column":null}},"2":{"start":{"line":12,"column":12},"end":{"line":12,"column":null}},"3":{"start":{"line":14,"column":20},"end":{"line":14,"column":null}},"4":{"start":{"line":15,"column":8},"end":{"line":15,"column":null}},"5":{"start":{"line":16,"column":8},"end":{"line":16,"column":null}},"6":{"start":{"line":16,"column":21},"end":{"line":16,"column":null}},"7":{"start":{"line":20,"column":20},"end":{"line":20,"column":null}},"8":{"start":{"line":21,"column":8},"end":{"line":29,"column":null}},"9":{"start":{"line":22,"column":12},"end":{"line":28,"column":null}},"10":{"start":{"line":23,"column":16},"end":{"line":27,"column":null}},"11":{"start":{"line":24,"column":21},"end":{"line":24,"column":null}},"12":{"start":{"line":26,"column":20},"end":{"line":26,"column":null}},"13":{"start":{"line":33,"column":8},"end":{"line":33,"column":null}},"14":{"start":{"line":37,"column":8},"end":{"line":41,"column":null}},"15":{"start":{"line":38,"column":12},"end":{"line":38,"column":null}},"16":{"start":{"line":40,"column":12},"end":{"line":40,"column":null}}},"fnMap":{"0":{"name":"(anonymous_0)","decl":{"start":{"line":10,"column":4},"end":{"line":10,"column":33}},"loc":{"start":{"line":10,"column":88},"end":{"line":17,"column":null}},"line":10},"1":{"name":"(anonymous_1)","decl":{"start":{"line":16,"column":15},"end":{"line":16,"column":21}},"loc":{"start":{"line":16,"column":21},"end":{"line":16,"column":null}},"line":16},"2":{"name":"(anonymous_2)","decl":{"start":{"line":19,"column":4},"end":{"line":19,"column":35}},"loc":{"start":{"line":19,"column":70},"end":{"line":30,"column":null}},"line":19},"3":{"name":"(anonymous_3)","decl":{"start":{"line":32,"column":4},"end":{"line":32,"column":34}},"loc":{"start":{"line":32,"column":83},"end":{"line":34,"column":null}},"line":32},"4":{"name":"(anonymous_4)","decl":{"start":{"line":36,"column":4},"end":{"line":36,"column":23}},"loc":{"start":{"line":36,"column":53},"end":{"line":42,"column":null}},"line":36}},"branchMap":{"0":{"loc":{"start":{"line":11,"column":8},"end":{"line":13,"column":null}},"type":"if","locations":[{"start":{"line":11,"column":8},"end":{"line":13,"column":null}},{"start":{},"end":{}}],"line":11},"1":{"loc":{"start":{"line":21,"column":8},"end":{"line":29,"column":null}},"type":"if","locations":[{"start":{"line":21,"column":8},"end":{"line":29,"column":null}},{"start":{},"end":{}}],"line":21},"2":{"loc":{"start":{"line":37,"column":8},"end":{"line":41,"column":null}},"type":"if","locations":[{"start":{"line":37,"column":8},"end":{"line":41,"column":null}},{"start":{"line":39,"column":15},"end":{"line":41,"column":null}}],"line":37}},"s":{"0":1,"1":1,"2":1,"3":1,"4":1,"5":1,"6":0,"7":4,"8":4,"9":2,"10":2,"11":2,"12":0,"13":0,"14":0,"15":0,"16":0},"f":{"0":1,"1":0,"2":4,"3":0,"4":0},"b":{"0":[1,0],"1":[2,2],"2":[0,0]},"meta":{"lastBranch":3,"lastFunction":5,"lastStatement":17,"seen":{"s:8:24:8:Infinity":0,"f:10:4:10:33":0,"b:11:8:13:Infinity:undefined:undefined:undefined:undefined":0,"s:11:8:13:Infinity":1,"s:12:12:12:Infinity":2,"s:14:20:14:Infinity":3,"s:15:8:15:Infinity":4,"s:16:8:16:Infinity":5,"f:16:15:16:21":1,"s:16:21:16:Infinity":6,"f:19:4:19:35":2,"s:20:20:20:Infinity":7,"b:21:8:29:Infinity:undefined:undefined:undefined:undefined":1,"s:21:8:29:Infinity":8,"s:22:12:28:Infinity":9,"s:23:16:27:Infinity":10,"s:24:21:24:Infinity":11,"s:26:20:26:Infinity":12,"f:32:4:32:34":3,"s:33:8:33:Infinity":13,"f:36:4:36:23":4,"b:37:8:41:Infinity:39:15:41:Infinity":2,"s:37:8:41:Infinity":14,"s:38:12:38:Infinity":15,"s:40:12:40:Infinity":16}}}
,"/Users/casu/Documents/Colony/.worktrees/task-506080e6/src/utils/Logger.ts": {"path":"/Users/casu/Documents/Colony/.worktrees/task-506080e6/src/utils/Logger.ts","statementMap":{"0":{"start":{"line":10,"column":46},"end":{"line":15,"column":null}},"1":{"start":{"line":17,"column":47},"end":{"line":22,"column":null}},"2":{"start":{"line":24,"column":14},"end":{"line":24,"column":null}},"3":{"start":{"line":26,"column":28},"end":{"line":26,"column":null}},"4":{"start":{"line":29,"column":4},"end":{"line":29,"column":null}},"5":{"start":{"line":33,"column":24},"end":{"line":33,"column":43}},"6":{"start":{"line":36,"column":8},"end":{"line":36,"column":null}},"7":{"start":{"line":40,"column":8},"end":{"line":40,"column":null}},"8":{"start":{"line":44,"column":8},"end":{"line":44,"column":null}},"9":{"start":{"line":48,"column":8},"end":{"line":48,"column":null}},"10":{"start":{"line":52,"column":8},"end":{"line":52,"column":null}},"11":{"start":{"line":52,"column":59},"end":{"line":52,"column":null}},"12":{"start":{"line":53,"column":14},"end":{"line":53,"column":null}},"13":{"start":{"line":54,"column":22},"end":{"line":54,"column":null}},"14":{"start":{"line":55,"column":23},"end":{"line":55,"column":null}},"15":{"start":{"line":58,"column":8},"end":{"line":58,"column":null}},"16":{"start":{"line":61,"column":8},"end":{"line":63,"column":null}},"17":{"start":{"line":62,"column":12},"end":{"line":62,"column":null}},"18":{"start":{"line":70,"column":8},"end":{"line":85,"column":null}},"19":{"start":{"line":71,"column":27},"end":{"line":71,"column":null}},"20":{"start":{"line":72,"column":12},"end":{"line":74,"column":null}},"21":{"start":{"line":73,"column":16},"end":{"line":73,"column":null}},"22":{"start":{"line":76,"column":28},"end":{"line":76,"column":null}},"23":{"start":{"line":77,"column":28},"end":{"line":77,"column":null}},"24":{"start":{"line":79,"column":18},"end":{"line":79,"column":null}},"25":{"start":{"line":80,"column":29},"end":{"line":80,"column":null}},"26":{"start":{"line":82,"column":12},"end":{"line":82,"column":null}}},"fnMap":{"0":{"name":"setLogLevel","decl":{"start":{"line":28,"column":16},"end":{"line":28,"column":28}},"loc":{"start":{"line":28,"column":51},"end":{"line":30,"column":null}},"line":28},"1":{"name":"(anonymous_1)","decl":{"start":{"line":33,"column":4},"end":{"line":33,"column":24}},"loc":{"start":{"line":33,"column":43},"end":{"line":33,"column":null}},"line":33},"2":{"name":"(anonymous_2)","decl":{"start":{"line":35,"column":4},"end":{"line":35,"column":10}},"loc":{"start":{"line":35,"column":49},"end":{"line":37,"column":null}},"line":35},"3":{"name":"(anonymous_3)","decl":{"start":{"line":39,"column":4},"end":{"line":39,"column":9}},"loc":{"start":{"line":39,"column":48},"end":{"line":41,"column":null}},"line":39},"4":{"name":"(anonymous_4)","decl":{"start":{"line":43,"column":4},"end":{"line":43,"column":9}},"loc":{"start":{"line":43,"column":48},"end":{"line":45,"column":null}},"line":43},"5":{"name":"(anonymous_5)","decl":{"start":{"line":47,"column":4},"end":{"line":47,"column":10}},"loc":{"start":{"line":47,"column":49},"end":{"line":49,"column":null}},"line":47},"6":{"name":"(anonymous_6)","decl":{"start":{"line":51,"column":12},"end":{"line":51,"column":16}},"loc":{"start":{"line":51,"column":72},"end":{"line":64,"column":null}},"line":51},"7":{"name":"(anonymous_7)","decl":{"start":{"line":69,"column":12},"end":{"line":69,"column":22}},"loc":{"start":{"line":69,"column":90},"end":{"line":86,"column":null}},"line":69}},"branchMap":{"0":{"loc":{"start":{"line":52,"column":8},"end":{"line":52,"column":null}},"type":"if","locations":[{"start":{"line":52,"column":8},"end":{"line":52,"column":null}},{"start":{},"end":{}}],"line":52},"1":{"loc":{"start":{"line":61,"column":8},"end":{"line":63,"column":null}},"type":"if","locations":[{"start":{"line":61,"column":8},"end":{"line":63,"column":null}},{"start":{},"end":{}}],"line":61},"2":{"loc":{"start":{"line":71,"column":27},"end":{"line":71,"column":null}},"type":"binary-expr","locations":[{"start":{"line":71,"column":27},"end":{"line":71,"column":50}},{"start":{"line":71,"column":50},"end":{"line":71,"column":null}}],"line":71},"3":{"loc":{"start":{"line":72,"column":12},"end":{"line":74,"column":null}},"type":"if","locations":[{"start":{"line":72,"column":12},"end":{"line":74,"column":null}},{"start":{},"end":{}}],"line":72}},"s":{"0":5,"1":5,"2":5,"3":5,"4":0,"5":17,"6":8,"7":5,"8":3,"9":0,"10":16,"11":8,"12":8,"13":8,"14":8,"15":8,"16":8,"17":8,"18":8,"19":8,"20":8,"21":2,"22":8,"23":8,"24":8,"25":8,"26":8},"f":{"0":0,"1":17,"2":8,"3":5,"4":3,"5":0,"6":16,"7":8},"b":{"0":[8,8],"1":[8,0],"2":[8,8],"3":[2,6]},"meta":{"lastBranch":4,"lastFunction":8,"lastStatement":27,"seen":{"s:10:46:15:Infinity":0,"s:17:47:22:Infinity":1,"s:24:14:24:Infinity":2,"s:26:28:26:Infinity":3,"f:28:16:28:28":0,"s:29:4:29:Infinity":4,"f:33:4:33:24":1,"s:33:24:33:43":5,"f:35:4:35:10":2,"s:36:8:36:Infinity":6,"f:39:4:39:9":3,"s:40:8:40:Infinity":7,"f:43:4:43:9":4,"s:44:8:44:Infinity":8,"f:47:4:47:10":5,"s:48:8:48:Infinity":9,"f:51:12:51:16":6,"b:52:8:52:Infinity:undefined:undefined:undefined:undefined":0,"s:52:8:52:Infinity":10,"s:52:59:52:Infinity":11,"s:53:14:53:Infinity":12,"s:54:22:54:Infinity":13,"s:55:23:55:Infinity":14,"s:58:8:58:Infinity":15,"b:61:8:63:Infinity:undefined:undefined:undefined:undefined":1,"s:61:8:63:Infinity":16,"s:62:12:62:Infinity":17,"f:69:12:69:22":7,"s:70:8:85:Infinity":18,"s:71:27:71:Infinity":19,"b:71:27:71:50:71:50:71:Infinity":2,"b:72:12:74:Infinity:undefined:undefined:undefined:undefined":3,"s:72:12:74:Infinity":20,"s:73:16:73:Infinity":21,"s:76:28:76:Infinity":22,"s:77:28:77:Infinity":23,"s:79:18:79:Infinity":24,"s:80:29:80:Infinity":25,"s:82:12:82:Infinity":26}}}
}
