{"total": {"lines":{"total":980,"covered":346,"skipped":0,"pct":35.3},"statements":{"total":1056,"covered":362,"skipped":0,"pct":34.28},"functions":{"total":188,"covered":64,"skipped":0,"pct":34.04},"branches":{"total":723,"covered":215,"skipped":0,"pct":29.73},"branchesTrue":{"total":0,"covered":0,"skipped":0,"pct":100}}
,"/Users/casu/Documents/Colony/.worktrees/task-506080e6/src/calculator.ts": {"lines":{"total":2,"covered":2,"skipped":0,"pct":100},"functions":{"total":2,"covered":2,"skipped":0,"pct":100},"statements":{"total":2,"covered":2,"skipped":0,"pct":100},"branches":{"total":0,"covered":0,"skipped":0,"pct":100}}
,"/Users/casu/Documents/Colony/.worktrees/task-506080e6/src/agent/Agent.ts": {"lines":{"total":245,"covered":16,"skipped":0,"pct":6.53},"functions":{"total":25,"covered":2,"skipped":0,"pct":8},"statements":{"total":260,"covered":16,"skipped":0,"pct":6.15},"branches":{"total":163,"covered":8,"skipped":0,"pct":4.9}}
,"/Users/casu/Documents/Colony/.worktrees/task-506080e6/src/conversation/MessageBus.ts": {"lines":{"total":23,"covered":8,"skipped":0,"pct":34.78},"functions":{"total":5,"covered":1,"skipped":0,"pct":20},"statements":{"total":23,"covered":8,"skipped":0,"pct":34.78},"branches":{"total":6,"covered":1,"skipped":0,"pct":16.66}}
,"/Users/casu/Documents/Colony/.worktrees/task-506080e6/src/integrations/openclaw/OpenClawBridge.ts": {"lines":{"total":14,"covered":12,"skipped":0,"pct":85.71},"functions":{"total":4,"covered":3,"skipped":0,"pct":75},"statements":{"total":14,"covered":12,"skipped":0,"pct":85.71},"branches":{"total":9,"covered":7,"skipped":0,"pct":77.77}}
,"/Users/casu/Documents/Colony/.worktrees/task-506080e6/src/integrations/openclaw/OpenClawClient.ts": {"lines":{"total":18,"covered":17,"skipped":0,"pct":94.44},"functions":{"total":4,"covered":4,"skipped":0,"pct":100},"statements":{"total":19,"covered":18,"skipped":0,"pct":94.73},"branches":{"total":4,"covered":3,"skipped":0,"pct":75}}
,"/Users/casu/Documents/Colony/.worktrees/task-506080e6/src/integrations/openclaw/config.ts": {"lines":{"total":25,"covered":23,"skipped":0,"pct":92},"functions":{"total":6,"covered":6,"skipped":0,"pct":100},"statements":{"total":27,"covered":25,"skipped":0,"pct":92.59},"branches":{"total":27,"covered":21,"skipped":0,"pct":77.77}}
,"/Users/casu/Documents/Colony/.worktrees/task-506080e6/src/integrations/openclaw/eventTranslator.ts": {"lines":{"total":17,"covered":4,"skipped":0,"pct":23.52},"functions":{"total":2,"covered":1,"skipped":0,"pct":50},"statements":{"total":17,"covered":4,"skipped":0,"pct":23.52},"branches":{"total":21,"covered":1,"skipped":0,"pct":4.76}}
,"/Users/casu/Documents/Colony/.worktrees/task-506080e6/src/integrations/openclaw/idempotencyStore.ts": {"lines":{"total":15,"covered":14,"skipped":0,"pct":93.33},"functions":{"total":4,"covered":4,"skipped":0,"pct":100},"statements":{"total":15,"covered":14,"skipped":0,"pct":93.33},"branches":{"total":7,"covered":6,"skipped":0,"pct":85.71}}
,"/Users/casu/Documents/Colony/.worktrees/task-506080e6/src/integrations/openclaw/sessionMappingStore.ts": {"lines":{"total":19,"covered":18,"skipped":0,"pct":94.73},"functions":{"total":5,"covered":5,"skipped":0,"pct":100},"statements":{"total":19,"covered":18,"skipped":0,"pct":94.73},"branches":{"total":6,"covered":5,"skipped":0,"pct":83.33}}
,"/Users/casu/Documents/Colony/.worktrees/task-506080e6/src/integrations/openclaw/signature.ts": {"lines":{"total":13,"covered":12,"skipped":0,"pct":92.3},"functions":{"total":1,"covered":1,"skipped":0,"pct":100},"statements":{"total":13,"covered":12,"skipped":0,"pct":92.3},"branches":{"total":15,"covered":10,"skipped":0,"pct":66.66}}
,"/Users/casu/Documents/Colony/.worktrees/task-506080e6/src/llm/BaseCLIProvider.ts": {"lines":{"total":149,"covered":86,"skipped":0,"pct":57.71},"functions":{"total":23,"covered":11,"skipped":0,"pct":47.82},"statements":{"total":173,"covered":97,"skipped":0,"pct":56.06},"branches":{"total":117,"covered":60,"skipped":0,"pct":51.28}}
,"/Users/casu/Documents/Colony/.worktrees/task-506080e6/src/llm/CLIInvoker.ts": {"lines":{"total":21,"covered":1,"skipped":0,"pct":4.76},"functions":{"total":4,"covered":0,"skipped":0,"pct":0},"statements":{"total":22,"covered":1,"skipped":0,"pct":4.54},"branches":{"total":13,"covered":0,"skipped":0,"pct":0}}
,"/Users/casu/Documents/Colony/.worktrees/task-506080e6/src/llm/ProviderRegistry.ts": {"lines":{"total":9,"covered":8,"skipped":0,"pct":88.88},"functions":{"total":3,"covered":3,"skipped":0,"pct":100},"statements":{"total":9,"covered":8,"skipped":0,"pct":88.88},"branches":{"total":2,"covered":1,"skipped":0,"pct":50}}
,"/Users/casu/Documents/Colony/.worktrees/task-506080e6/src/llm/SessionUtils.ts": {"lines":{"total":15,"covered":2,"skipped":0,"pct":13.33},"functions":{"total":4,"covered":0,"skipped":0,"pct":0},"statements":{"total":17,"covered":2,"skipped":0,"pct":11.76},"branches":{"total":10,"covered":2,"skipped":0,"pct":20}}
,"/Users/casu/Documents/Colony/.worktrees/task-506080e6/src/llm/index.ts": {"lines":{"total":3,"covered":3,"skipped":0,"pct":100},"functions":{"total":0,"covered":0,"skipped":0,"pct":100},"statements":{"total":3,"covered":3,"skipped":0,"pct":100},"branches":{"total":0,"covered":0,"skipped":0,"pct":100}}
,"/Users/casu/Documents/Colony/.worktrees/task-506080e6/src/llm/types.ts": {"lines":{"total":0,"covered":0,"skipped":0,"pct":100},"functions":{"total":0,"covered":0,"skipped":0,"pct":100},"statements":{"total":0,"covered":0,"skipped":0,"pct":100},"branches":{"total":0,"covered":0,"skipped":0,"pct":100}}
,"/Users/casu/Documents/Colony/.worktrees/task-506080e6/src/llm/providers/ClaudeProvider.ts": {"lines":{"total":39,"covered":11,"skipped":0,"pct":28.2},"functions":{"total":12,"covered":2,"skipped":0,"pct":16.66},"statements":{"total":44,"covered":12,"skipped":0,"pct":27.27},"branches":{"total":42,"covered":11,"skipped":0,"pct":26.19}}
,"/Users/casu/Documents/Colony/.worktrees/task-506080e6/src/llm/providers/CodexProvider.ts": {"lines":{"total":35,"covered":8,"skipped":0,"pct":22.85},"functions":{"total":5,"covered":1,"skipped":0,"pct":20},"statements":{"total":36,"covered":8,"skipped":0,"pct":22.22},"branches":{"total":61,"covered":6,"skipped":0,"pct":9.83}}
,"/Users/casu/Documents/Colony/.worktrees/task-506080e6/src/llm/providers/GeminiProvider.ts": {"lines":{"total":23,"covered":20,"skipped":0,"pct":86.95},"functions":{"total":5,"covered":5,"skipped":0,"pct":100},"statements":{"total":24,"covered":20,"skipped":0,"pct":83.33},"branches":{"total":33,"covered":23,"skipped":0,"pct":69.69}}
,"/Users/casu/Documents/Colony/.worktrees/task-506080e6/src/memory/MemoryClassifier.ts": {"lines":{"total":12,"covered":0,"skipped":0,"pct":0},"functions":{"total":4,"covered":0,"skipped":0,"pct":0},"statements":{"total":12,"covered":0,"skipped":0,"pct":0},"branches":{"total":11,"covered":0,"skipped":0,"pct":0}}
,"/Users/casu/Documents/Colony/.worktrees/task-506080e6/src/server/routes/openclawIntegration.ts": {"lines":{"total":46,"covered":34,"skipped":0,"pct":73.91},"functions":{"total":8,"covered":5,"skipped":0,"pct":62.5},"statements":{"total":46,"covered":34,"skipped":0,"pct":73.91},"branches":{"total":46,"covered":34,"skipped":0,"pct":73.91}}
,"/Users/casu/Documents/Colony/.worktrees/task-506080e6/src/session/ContextHealthBar.ts": {"lines":{"total":12,"covered":1,"skipped":0,"pct":8.33},"functions":{"total":2,"covered":0,"skipped":0,"pct":0},"statements":{"total":15,"covered":1,"skipped":0,"pct":6.66},"branches":{"total":8,"covered":0,"skipped":0,"pct":0}}
,"/Users/casu/Documents/Colony/.worktrees/task-506080e6/src/session/DigestGenerator.ts": {"lines":{"total":20,"covered":3,"skipped":0,"pct":15},"functions":{"total":5,"covered":0,"skipped":0,"pct":0},"statements":{"total":22,"covered":3,"skipped":0,"pct":13.63},"branches":{"total":6,"covered":2,"skipped":0,"pct":33.33}}
,"/Users/casu/Documents/Colony/.worktrees/task-506080e6/src/session/SessionBootstrap.ts": {"lines":{"total":7,"covered":0,"skipped":0,"pct":0},"functions":{"total":2,"covered":0,"skipped":0,"pct":0},"statements":{"total":7,"covered":0,"skipped":0,"pct":0},"branches":{"total":2,"covered":0,"skipped":0,"pct":0}}
,"/Users/casu/Documents/Colony/.worktrees/task-506080e6/src/session/SessionRecord.ts": {"lines":{"total":78,"covered":4,"skipped":0,"pct":5.12},"functions":{"total":23,"covered":0,"skipped":0,"pct":0},"statements":{"total":89,"covered":4,"skipped":0,"pct":4.49},"branches":{"total":57,"covered":2,"skipped":0,"pct":3.5}}
,"/Users/casu/Documents/Colony/.worktrees/task-506080e6/src/session/SessionSealer.ts": {"lines":{"total":14,"covered":2,"skipped":0,"pct":14.28},"functions":{"total":2,"covered":0,"skipped":0,"pct":0},"statements":{"total":14,"covered":2,"skipped":0,"pct":14.28},"branches":{"total":12,"covered":0,"skipped":0,"pct":0}}
,"/Users/casu/Documents/Colony/.worktrees/task-506080e6/src/session/TranscriptWriter.ts": {"lines":{"total":64,"covered":2,"skipped":0,"pct":3.12},"functions":{"total":15,"covered":0,"skipped":0,"pct":0},"statements":{"total":70,"covered":2,"skipped":0,"pct":2.85},"branches":{"total":31,"covered":2,"skipped":0,"pct":6.45}}
,"/Users/casu/Documents/Colony/.worktrees/task-506080e6/src/utils/EventBus.ts": {"lines":{"total":16,"covered":11,"skipped":0,"pct":68.75},"functions":{"total":5,"covered":2,"skipped":0,"pct":40},"statements":{"total":17,"covered":11,"skipped":0,"pct":64.7},"branches":{"total":6,"covered":3,"skipped":0,"pct":50}}
,"/Users/casu/Documents/Colony/.worktrees/task-506080e6/src/utils/Logger.ts": {"lines":{"total":26,"covered":24,"skipped":0,"pct":92.3},"functions":{"total":8,"covered":6,"skipped":0,"pct":75},"statements":{"total":27,"covered":25,"skipped":0,"pct":92.59},"branches":{"total":8,"covered":7,"skipped":0,"pct":87.5}}
}
