{"total": {"lines":{"total":1834,"covered":687,"skipped":0,"pct":37.45},"statements":{"total":1972,"covered":722,"skipped":0,"pct":36.61},"functions":{"total":331,"covered":119,"skipped":0,"pct":35.95},"branches":{"total":1271,"covered":446,"skipped":0,"pct":35.09},"branchesTrue":{"total":0,"covered":0,"skipped":0,"pct":100}}
,"/Users/casu/Documents/Colony/.worktrees/task-df22275d/src/calculator.ts": {"lines":{"total":2,"covered":2,"skipped":0,"pct":100},"functions":{"total":2,"covered":2,"skipped":0,"pct":100},"statements":{"total":2,"covered":2,"skipped":0,"pct":100},"branches":{"total":0,"covered":0,"skipped":0,"pct":100}}
,"/Users/casu/Documents/Colony/.worktrees/task-df22275d/src/agent/Agent.ts": {"lines":{"total":295,"covered":71,"skipped":0,"pct":24.06},"functions":{"total":32,"covered":10,"skipped":0,"pct":31.25},"statements":{"total":318,"covered":79,"skipped":0,"pct":24.84},"branches":{"total":227,"covered":84,"skipped":0,"pct":37}}
,"/Users/casu/Documents/Colony/.worktrees/task-df22275d/src/agent/AgentConfig.ts": {"lines":{"total":27,"covered":15,"skipped":0,"pct":55.55},"functions":{"total":5,"covered":1,"skipped":0,"pct":20},"statements":{"total":28,"covered":15,"skipped":0,"pct":53.57},"branches":{"total":26,"covered":17,"skipped":0,"pct":65.38}}
,"/Users/casu/Documents/Colony/.worktrees/task-df22275d/src/conversation/ChatRoom.ts": {"lines":{"total":174,"covered":71,"skipped":0,"pct":40.8},"functions":{"total":40,"covered":13,"skipped":0,"pct":32.5},"statements":{"total":184,"covered":75,"skipped":0,"pct":40.76},"branches":{"total":98,"covered":27,"skipped":0,"pct":27.55}}
,"/Users/casu/Documents/Colony/.worktrees/task-df22275d/src/conversation/MentionRouter.ts": {"lines":{"total":20,"covered":16,"skipped":0,"pct":80},"functions":{"total":5,"covered":5,"skipped":0,"pct":100},"statements":{"total":25,"covered":19,"skipped":0,"pct":76},"branches":{"total":16,"covered":9,"skipped":0,"pct":56.25}}
,"/Users/casu/Documents/Colony/.worktrees/task-df22275d/src/conversation/MessageBus.ts": {"lines":{"total":23,"covered":17,"skipped":0,"pct":73.91},"functions":{"total":5,"covered":2,"skipped":0,"pct":40},"statements":{"total":23,"covered":17,"skipped":0,"pct":73.91},"branches":{"total":6,"covered":3,"skipped":0,"pct":50}}
,"/Users/casu/Documents/Colony/.worktrees/task-df22275d/src/discord/DiscordBot.ts": {"lines":{"total":482,"covered":75,"skipped":0,"pct":15.56},"functions":{"total":71,"covered":10,"skipped":0,"pct":14.08},"statements":{"total":511,"covered":75,"skipped":0,"pct":14.67},"branches":{"total":264,"covered":26,"skipped":0,"pct":9.84}}
,"/Users/casu/Documents/Colony/.worktrees/task-df22275d/src/integrations/openclaw/OpenClawBridge.ts": {"lines":{"total":19,"covered":17,"skipped":0,"pct":89.47},"functions":{"total":6,"covered":5,"skipped":0,"pct":83.33},"statements":{"total":19,"covered":17,"skipped":0,"pct":89.47},"branches":{"total":10,"covered":9,"skipped":0,"pct":90}}
,"/Users/casu/Documents/Colony/.worktrees/task-df22275d/src/integrations/openclaw/OpenClawClient.ts": {"lines":{"total":36,"covered":34,"skipped":0,"pct":94.44},"functions":{"total":8,"covered":8,"skipped":0,"pct":100},"statements":{"total":37,"covered":35,"skipped":0,"pct":94.59},"branches":{"total":27,"covered":23,"skipped":0,"pct":85.18}}
,"/Users/casu/Documents/Colony/.worktrees/task-df22275d/src/integrations/openclaw/config.ts": {"lines":{"total":32,"covered":29,"skipped":0,"pct":90.62},"functions":{"total":7,"covered":7,"skipped":0,"pct":100},"statements":{"total":34,"covered":31,"skipped":0,"pct":91.17},"branches":{"total":33,"covered":26,"skipped":0,"pct":78.78}}
,"/Users/casu/Documents/Colony/.worktrees/task-df22275d/src/integrations/openclaw/eventTranslator.ts": {"lines":{"total":23,"covered":15,"skipped":0,"pct":65.21},"functions":{"total":3,"covered":3,"skipped":0,"pct":100},"statements":{"total":23,"covered":15,"skipped":0,"pct":65.21},"branches":{"total":23,"covered":8,"skipped":0,"pct":34.78}}
,"/Users/casu/Documents/Colony/.worktrees/task-df22275d/src/integrations/openclaw/idempotencyStore.ts": {"lines":{"total":15,"covered":14,"skipped":0,"pct":93.33},"functions":{"total":4,"covered":4,"skipped":0,"pct":100},"statements":{"total":15,"covered":14,"skipped":0,"pct":93.33},"branches":{"total":7,"covered":6,"skipped":0,"pct":85.71}}
,"/Users/casu/Documents/Colony/.worktrees/task-df22275d/src/integrations/openclaw/sessionMappingStore.ts": {"lines":{"total":19,"covered":18,"skipped":0,"pct":94.73},"functions":{"total":5,"covered":5,"skipped":0,"pct":100},"statements":{"total":19,"covered":18,"skipped":0,"pct":94.73},"branches":{"total":6,"covered":5,"skipped":0,"pct":83.33}}
,"/Users/casu/Documents/Colony/.worktrees/task-df22275d/src/integrations/openclaw/signature.ts": {"lines":{"total":13,"covered":12,"skipped":0,"pct":92.3},"functions":{"total":1,"covered":1,"skipped":0,"pct":100},"statements":{"total":13,"covered":12,"skipped":0,"pct":92.3},"branches":{"total":15,"covered":10,"skipped":0,"pct":66.66}}
,"/Users/casu/Documents/Colony/.worktrees/task-df22275d/src/llm/BaseCLIProvider.ts": {"lines":{"total":149,"covered":86,"skipped":0,"pct":57.71},"functions":{"total":23,"covered":11,"skipped":0,"pct":47.82},"statements":{"total":173,"covered":97,"skipped":0,"pct":56.06},"branches":{"total":117,"covered":60,"skipped":0,"pct":51.28}}
,"/Users/casu/Documents/Colony/.worktrees/task-df22275d/src/llm/CLIInvoker.ts": {"lines":{"total":21,"covered":1,"skipped":0,"pct":4.76},"functions":{"total":4,"covered":0,"skipped":0,"pct":0},"statements":{"total":22,"covered":1,"skipped":0,"pct":4.54},"branches":{"total":13,"covered":0,"skipped":0,"pct":0}}
,"/Users/casu/Documents/Colony/.worktrees/task-df22275d/src/llm/ProviderRegistry.ts": {"lines":{"total":9,"covered":8,"skipped":0,"pct":88.88},"functions":{"total":3,"covered":3,"skipped":0,"pct":100},"statements":{"total":9,"covered":8,"skipped":0,"pct":88.88},"branches":{"total":2,"covered":1,"skipped":0,"pct":50}}
,"/Users/casu/Documents/Colony/.worktrees/task-df22275d/src/llm/SessionUtils.ts": {"lines":{"total":15,"covered":2,"skipped":0,"pct":13.33},"functions":{"total":4,"covered":0,"skipped":0,"pct":0},"statements":{"total":17,"covered":2,"skipped":0,"pct":11.76},"branches":{"total":10,"covered":2,"skipped":0,"pct":20}}
,"/Users/casu/Documents/Colony/.worktrees/task-df22275d/src/llm/index.ts": {"lines":{"total":3,"covered":3,"skipped":0,"pct":100},"functions":{"total":0,"covered":0,"skipped":0,"pct":100},"statements":{"total":3,"covered":3,"skipped":0,"pct":100},"branches":{"total":0,"covered":0,"skipped":0,"pct":100}}
,"/Users/casu/Documents/Colony/.worktrees/task-df22275d/src/llm/types.ts": {"lines":{"total":0,"covered":0,"skipped":0,"pct":100},"functions":{"total":0,"covered":0,"skipped":0,"pct":100},"statements":{"total":0,"covered":0,"skipped":0,"pct":100},"branches":{"total":0,"covered":0,"skipped":0,"pct":100}}
,"/Users/casu/Documents/Colony/.worktrees/task-df22275d/src/llm/providers/ClaudeProvider.ts": {"lines":{"total":39,"covered":11,"skipped":0,"pct":28.2},"functions":{"total":12,"covered":2,"skipped":0,"pct":16.66},"statements":{"total":44,"covered":12,"skipped":0,"pct":27.27},"branches":{"total":42,"covered":11,"skipped":0,"pct":26.19}}
,"/Users/casu/Documents/Colony/.worktrees/task-df22275d/src/llm/providers/CodexProvider.ts": {"lines":{"total":35,"covered":8,"skipped":0,"pct":22.85},"functions":{"total":5,"covered":1,"skipped":0,"pct":20},"statements":{"total":36,"covered":8,"skipped":0,"pct":22.22},"branches":{"total":61,"covered":6,"skipped":0,"pct":9.83}}
,"/Users/casu/Documents/Colony/.worktrees/task-df22275d/src/llm/providers/GeminiProvider.ts": {"lines":{"total":23,"covered":20,"skipped":0,"pct":86.95},"functions":{"total":5,"covered":5,"skipped":0,"pct":100},"statements":{"total":24,"covered":20,"skipped":0,"pct":83.33},"branches":{"total":33,"covered":23,"skipped":0,"pct":69.69}}
,"/Users/casu/Documents/Colony/.worktrees/task-df22275d/src/memory/MemoryClassifier.ts": {"lines":{"total":12,"covered":0,"skipped":0,"pct":0},"functions":{"total":4,"covered":0,"skipped":0,"pct":0},"statements":{"total":12,"covered":0,"skipped":0,"pct":0},"branches":{"total":11,"covered":0,"skipped":0,"pct":0}}
,"/Users/casu/Documents/Colony/.worktrees/task-df22275d/src/server/routes/openclawIntegration.ts": {"lines":{"total":54,"covered":41,"skipped":0,"pct":75.92},"functions":{"total":9,"covered":6,"skipped":0,"pct":66.66},"statements":{"total":54,"covered":41,"skipped":0,"pct":75.92},"branches":{"total":52,"covered":39,"skipped":0,"pct":75}}
,"/Users/casu/Documents/Colony/.worktrees/task-df22275d/src/server/routes/workflow.ts": {"lines":{"total":57,"covered":53,"skipped":0,"pct":92.98},"functions":{"total":6,"covered":6,"skipped":0,"pct":100},"statements":{"total":66,"covered":57,"skipped":0,"pct":86.36},"branches":{"total":42,"covered":35,"skipped":0,"pct":83.33}}
,"/Users/casu/Documents/Colony/.worktrees/task-df22275d/src/session/ContextHealthBar.ts": {"lines":{"total":12,"covered":1,"skipped":0,"pct":8.33},"functions":{"total":2,"covered":0,"skipped":0,"pct":0},"statements":{"total":15,"covered":1,"skipped":0,"pct":6.66},"branches":{"total":8,"covered":0,"skipped":0,"pct":0}}
,"/Users/casu/Documents/Colony/.worktrees/task-df22275d/src/session/DigestGenerator.ts": {"lines":{"total":20,"covered":3,"skipped":0,"pct":15},"functions":{"total":5,"covered":0,"skipped":0,"pct":0},"statements":{"total":22,"covered":3,"skipped":0,"pct":13.63},"branches":{"total":6,"covered":2,"skipped":0,"pct":33.33}}
,"/Users/casu/Documents/Colony/.worktrees/task-df22275d/src/session/SessionBootstrap.ts": {"lines":{"total":7,"covered":0,"skipped":0,"pct":0},"functions":{"total":2,"covered":0,"skipped":0,"pct":0},"statements":{"total":7,"covered":0,"skipped":0,"pct":0},"branches":{"total":2,"covered":0,"skipped":0,"pct":0}}
,"/Users/casu/Documents/Colony/.worktrees/task-df22275d/src/session/SessionRecord.ts": {"lines":{"total":78,"covered":4,"skipped":0,"pct":5.12},"functions":{"total":23,"covered":0,"skipped":0,"pct":0},"statements":{"total":89,"covered":4,"skipped":0,"pct":4.49},"branches":{"total":57,"covered":2,"skipped":0,"pct":3.5}}
,"/Users/casu/Documents/Colony/.worktrees/task-df22275d/src/session/SessionSealer.ts": {"lines":{"total":14,"covered":2,"skipped":0,"pct":14.28},"functions":{"total":2,"covered":0,"skipped":0,"pct":0},"statements":{"total":14,"covered":2,"skipped":0,"pct":14.28},"branches":{"total":12,"covered":0,"skipped":0,"pct":0}}
,"/Users/casu/Documents/Colony/.worktrees/task-df22275d/src/session/TranscriptWriter.ts": {"lines":{"total":64,"covered":2,"skipped":0,"pct":3.12},"functions":{"total":15,"covered":0,"skipped":0,"pct":0},"statements":{"total":70,"covered":2,"skipped":0,"pct":2.85},"branches":{"total":31,"covered":2,"skipped":0,"pct":6.45}}
,"/Users/casu/Documents/Colony/.worktrees/task-df22275d/src/utils/EventBus.ts": {"lines":{"total":16,"covered":11,"skipped":0,"pct":68.75},"functions":{"total":5,"covered":2,"skipped":0,"pct":40},"statements":{"total":17,"covered":11,"skipped":0,"pct":64.7},"branches":{"total":6,"covered":3,"skipped":0,"pct":50}}
,"/Users/casu/Documents/Colony/.worktrees/task-df22275d/src/utils/Logger.ts": {"lines":{"total":26,"covered":25,"skipped":0,"pct":96.15},"functions":{"total":8,"covered":7,"skipped":0,"pct":87.5},"statements":{"total":27,"covered":26,"skipped":0,"pct":96.29},"branches":{"total":8,"covered":7,"skipped":0,"pct":87.5}}
}
