{"/Users/casu/Documents/Colony/src/llm/BaseCLIProvider.ts": {"path":"/Users/casu/Documents/Colony/src/llm/BaseCLIProvider.ts","statementMap":{"0":{"start":{"line":15,"column":12},"end":{"line":15,"column":null}},"1":{"start":{"line":20,"column":16},"end":{"line":20,"column":null}},"2":{"start":{"line":21,"column":20},"end":{"line":21,"column":null}},"3":{"start":{"line":22,"column":4},"end":{"line":24,"column":null}},"4":{"start":{"line":23,"column":8},"end":{"line":23,"column":null}},"5":{"start":{"line":25,"column":4},"end":{"line":25,"column":null}},"6":{"start":{"line":28,"column":27},"end":{"line":28,"column":null}},"7":{"start":{"line":29,"column":21},"end":{"line":29,"column":null}},"8":{"start":{"line":30,"column":81},"end":{"line":30,"column":null}},"9":{"start":{"line":33,"column":4},"end":{"line":35,"column":null}},"10":{"start":{"line":34,"column":8},"end":{"line":34,"column":null}},"11":{"start":{"line":36,"column":4},"end":{"line":39,"column":null}},"12":{"start":{"line":37,"column":8},"end":{"line":37,"column":null}},"13":{"start":{"line":38,"column":8},"end":{"line":38,"column":null}},"14":{"start":{"line":40,"column":4},"end":{"line":56,"column":null}},"15":{"start":{"line":41,"column":23},"end":{"line":44,"column":null}},"16":{"start":{"line":42,"column":29},"end":{"line":42,"column":47}},"17":{"start":{"line":42,"column":47},"end":{"line":42,"column":58}},"18":{"start":{"line":45,"column":8},"end":{"line":45,"column":null}},"19":{"start":{"line":47,"column":8},"end":{"line":55,"column":null}},"20":{"start":{"line":48,"column":12},"end":{"line":54,"column":null}},"21":{"start":{"line":49,"column":28},"end":{"line":49,"column":null}},"22":{"start":{"line":50,"column":16},"end":{"line":53,"column":null}},"23":{"start":{"line":51,"column":20},"end":{"line":51,"column":null}},"24":{"start":{"line":52,"column":20},"end":{"line":52,"column":null}},"25":{"start":{"line":60,"column":4},"end":{"line":60,"column":null}},"26":{"start":{"line":61,"column":17},"end":{"line":61,"column":null}},"27":{"start":{"line":62,"column":4},"end":{"line":62,"column":null}},"28":{"start":{"line":62,"column":14},"end":{"line":62,"column":null}},"29":{"start":{"line":78,"column":54},"end":{"line":78,"column":null}},"30":{"start":{"line":79,"column":30},"end":{"line":79,"column":null}},"31":{"start":{"line":82,"column":24},"end":{"line":82,"column":null}},"32":{"start":{"line":83,"column":8},"end":{"line":90,"column":null}},"33":{"start":{"line":84,"column":18},"end":{"line":84,"column":null}},"34":{"start":{"line":85,"column":26},"end":{"line":85,"column":null}},"35":{"start":{"line":86,"column":12},"end":{"line":89,"column":null}},"36":{"start":{"line":87,"column":16},"end":{"line":87,"column":null}},"37":{"start":{"line":88,"column":16},"end":{"line":88,"column":null}},"38":{"start":{"line":94,"column":8},"end":{"line":98,"column":null}},"39":{"start":{"line":95,"column":12},"end":{"line":95,"column":null}},"40":{"start":{"line":97,"column":12},"end":{"line":97,"column":null}},"41":{"start":{"line":100,"column":34},"end":{"line":100,"column":null}},"42":{"start":{"line":101,"column":8},"end":{"line":101,"column":null}},"43":{"start":{"line":103,"column":8},"end":{"line":230,"column":null}},"44":{"start":{"line":105,"column":12},"end":{"line":108,"column":null}},"45":{"start":{"line":106,"column":16},"end":{"line":106,"column":null}},"46":{"start":{"line":107,"column":16},"end":{"line":107,"column":null}},"47":{"start":{"line":110,"column":25},"end":{"line":110,"column":null}},"48":{"start":{"line":112,"column":12},"end":{"line":116,"column":null}},"49":{"start":{"line":118,"column":12},"end":{"line":226,"column":null}},"50":{"start":{"line":119,"column":30},"end":{"line":119,"column":null}},"51":{"start":{"line":120,"column":51},"end":{"line":120,"column":null}},"52":{"start":{"line":121,"column":31},"end":{"line":121,"column":null}},"53":{"start":{"line":123,"column":22},"end":{"line":127,"column":null}},"54":{"start":{"line":129,"column":16},"end":{"line":132,"column":null}},"55":{"start":{"line":130,"column":20},"end":{"line":130,"column":null}},"56":{"start":{"line":131,"column":20},"end":{"line":131,"column":null}},"57":{"start":{"line":134,"column":45},"end":{"line":134,"column":null}},"58":{"start":{"line":135,"column":55},"end":{"line":135,"column":null}},"59":{"start":{"line":136,"column":29},"end":{"line":136,"column":null}},"60":{"start":{"line":138,"column":46},"end":{"line":138,"column":null}},"61":{"start":{"line":141,"column":35},"end":{"line":141,"column":null}},"62":{"start":{"line":142,"column":38},"end":{"line":142,"column":null}},"63":{"start":{"line":142,"column":46},"end":{"line":142,"column":73}},"64":{"start":{"line":143,"column":16},"end":{"line":143,"column":null}},"65":{"start":{"line":143,"column":34},"end":{"line":143,"column":null}},"66":{"start":{"line":144,"column":16},"end":{"line":144,"column":null}},"67":{"start":{"line":144,"column":34},"end":{"line":144,"column":null}},"68":{"start":{"line":146,"column":36},"end":{"line":152,"column":null}},"69":{"start":{"line":147,"column":20},"end":{"line":151,"column":null}},"70":{"start":{"line":148,"column":24},"end":{"line":148,"column":null}},"71":{"start":{"line":149,"column":24},"end":{"line":149,"column":null}},"72":{"start":{"line":150,"column":24},"end":{"line":150,"column":null}},"73":{"start":{"line":155,"column":20},"end":{"line":155,"column":null}},"74":{"start":{"line":155,"column":33},"end":{"line":155,"column":null}},"75":{"start":{"line":156,"column":20},"end":{"line":156,"column":null}},"76":{"start":{"line":157,"column":20},"end":{"line":157,"column":null}},"77":{"start":{"line":158,"column":20},"end":{"line":159,"column":null}},"78":{"start":{"line":158,"column":46},"end":{"line":158,"column":null}},"79":{"start":{"line":159,"column":25},"end":{"line":159,"column":null}},"80":{"start":{"line":162,"column":16},"end":{"line":165,"column":null}},"81":{"start":{"line":163,"column":20},"end":{"line":163,"column":null}},"82":{"start":{"line":164,"column":20},"end":{"line":164,"column":null}},"83":{"start":{"line":167,"column":22},"end":{"line":167,"column":null}},"84":{"start":{"line":168,"column":16},"end":{"line":190,"column":null}},"85":{"start":{"line":169,"column":20},"end":{"line":169,"column":null}},"86":{"start":{"line":169,"column":38},"end":{"line":169,"column":null}},"87":{"start":{"line":171,"column":20},"end":{"line":171,"column":null}},"88":{"start":{"line":171,"column":26},"end":{"line":171,"column":52}},"89":{"start":{"line":171,"column":62},"end":{"line":171,"column":70}},"90":{"start":{"line":173,"column":32},"end":{"line":173,"column":null}},"91":{"start":{"line":174,"column":20},"end":{"line":174,"column":null}},"92":{"start":{"line":174,"column":29},"end":{"line":174,"column":null}},"93":{"start":{"line":176,"column":33},"end":{"line":176,"column":null}},"94":{"start":{"line":177,"column":20},"end":{"line":180,"column":null}},"95":{"start":{"line":178,"column":24},"end":{"line":178,"column":null}},"96":{"start":{"line":179,"column":24},"end":{"line":179,"column":null}},"97":{"start":{"line":182,"column":43},"end":{"line":182,"column":null}},"98":{"start":{"line":183,"column":20},"end":{"line":186,"column":null}},"99":{"start":{"line":184,"column":24},"end":{"line":184,"column":null}},"100":{"start":{"line":185,"column":24},"end":{"line":185,"column":null}},"101":{"start":{"line":188,"column":34},"end":{"line":188,"column":null}},"102":{"start":{"line":189,"column":20},"end":{"line":189,"column":null}},"103":{"start":{"line":189,"column":31},"end":{"line":189,"column":null}},"104":{"start":{"line":192,"column":16},"end":{"line":194,"column":null}},"105":{"start":{"line":193,"column":20},"end":{"line":193,"column":null}},"106":{"start":{"line":193,"column":53},"end":{"line":193,"column":77}},"107":{"start":{"line":196,"column":33},"end":{"line":214,"column":null}},"108":{"start":{"line":197,"column":20},"end":{"line":197,"column":null}},"109":{"start":{"line":197,"column":61},"end":{"line":197,"column":null}},"110":{"start":{"line":198,"column":20},"end":{"line":201,"column":null}},"111":{"start":{"line":199,"column":24},"end":{"line":199,"column":null}},"112":{"start":{"line":200,"column":24},"end":{"line":200,"column":null}},"113":{"start":{"line":203,"column":43},"end":{"line":203,"column":null}},"114":{"start":{"line":204,"column":20},"end":{"line":206,"column":null}},"115":{"start":{"line":205,"column":24},"end":{"line":205,"column":null}},"116":{"start":{"line":208,"column":20},"end":{"line":213,"column":null}},"117":{"start":{"line":216,"column":16},"end":{"line":216,"column":null}},"118":{"start":{"line":216,"column":39},"end":{"line":216,"column":56}},"119":{"start":{"line":216,"column":56},"end":{"line":216,"column":68}},"120":{"start":{"line":217,"column":16},"end":{"line":217,"column":null}},"121":{"start":{"line":217,"column":46},"end":{"line":217,"column":73}},"122":{"start":{"line":217,"column":73},"end":{"line":217,"column":85}},"123":{"start":{"line":218,"column":16},"end":{"line":218,"column":null}},"124":{"start":{"line":218,"column":43},"end":{"line":218,"column":64}},"125":{"start":{"line":220,"column":16},"end":{"line":225,"column":null}},"126":{"start":{"line":221,"column":20},"end":{"line":224,"column":null}},"127":{"start":{"line":222,"column":24},"end":{"line":222,"column":null}},"128":{"start":{"line":223,"column":24},"end":{"line":223,"column":null}},"129":{"start":{"line":228,"column":12},"end":{"line":228,"column":null}},"130":{"start":{"line":229,"column":12},"end":{"line":229,"column":null}},"131":{"start":{"line":234,"column":24},"end":{"line":234,"column":null}},"132":{"start":{"line":235,"column":8},"end":{"line":235,"column":null}},"133":{"start":{"line":235,"column":37},"end":{"line":235,"column":null}},"134":{"start":{"line":237,"column":8},"end":{"line":246,"column":null}},"135":{"start":{"line":238,"column":28},"end":{"line":238,"column":null}},"136":{"start":{"line":239,"column":12},"end":{"line":239,"column":null}},"137":{"start":{"line":239,"column":26},"end":{"line":239,"column":null}},"138":{"start":{"line":240,"column":24},"end":{"line":240,"column":null}},"139":{"start":{"line":241,"column":25},"end":{"line":241,"column":null}},"140":{"start":{"line":242,"column":29},"end":{"line":242,"column":null}},"141":{"start":{"line":243,"column":29},"end":{"line":243,"column":null}},"142":{"start":{"line":244,"column":12},"end":{"line":244,"column":null}},"143":{"start":{"line":245,"column":12},"end":{"line":245,"column":null}},"144":{"start":{"line":250,"column":8},"end":{"line":252,"column":null}},"145":{"start":{"line":251,"column":12},"end":{"line":251,"column":null}},"146":{"start":{"line":251,"column":18},"end":{"line":251,"column":64}},"147":{"start":{"line":251,"column":43},"end":{"line":251,"column":64}},"148":{"start":{"line":256,"column":8},"end":{"line":261,"column":null}},"149":{"start":{"line":257,"column":12},"end":{"line":257,"column":null}},"150":{"start":{"line":258,"column":12},"end":{"line":258,"column":null}},"151":{"start":{"line":260,"column":12},"end":{"line":260,"column":null}}},"fnMap":{"0":{"name":"getMaxConcurrency","decl":{"start":{"line":19,"column":9},"end":{"line":19,"column":37}},"loc":{"start":{"line":19,"column":37},"end":{"line":26,"column":null}},"line":19},"1":{"name":"acquireCLISlot","decl":{"start":{"line":32,"column":15},"end":{"line":32,"column":30}},"loc":{"start":{"line":32,"column":67},"end":{"line":57,"column":null}},"line":32},"2":{"name":"(anonymous_2)","decl":{"start":{"line":40,"column":29},"end":{"line":40,"column":30}},"loc":{"start":{"line":40,"column":50},"end":{"line":56,"column":5}},"line":40},"3":{"name":"(anonymous_3)","decl":{"start":{"line":42,"column":21},"end":{"line":42,"column":27}},"loc":{"start":{"line":42,"column":27},"end":{"line":42,"column":null}},"line":42},"4":{"name":"(anonymous_4)","decl":{"start":{"line":48,"column":45},"end":{"line":48,"column":51}},"loc":{"start":{"line":48,"column":51},"end":{"line":54,"column":15}},"line":48},"5":{"name":"releaseCLISlot","decl":{"start":{"line":59,"column":9},"end":{"line":59,"column":32}},"loc":{"start":{"line":59,"column":32},"end":{"line":63,"column":null}},"line":59},"6":{"name":"(anonymous_6)","decl":{"start":{"line":77,"column":10},"end":{"line":77,"column":17}},"loc":{"start":{"line":77,"column":60},"end":{"line":231,"column":null}},"line":77},"7":{"name":"(anonymous_7)","decl":{"start":{"line":118,"column":50},"end":{"line":118,"column":51}},"loc":{"start":{"line":118,"column":71},"end":{"line":226,"column":13}},"line":118},"8":{"name":"(anonymous_8)","decl":{"start":{"line":142,"column":38},"end":{"line":142,"column":44}},"loc":{"start":{"line":142,"column":44},"end":{"line":142,"column":null}},"line":142},"9":{"name":"(anonymous_9)","decl":{"start":{"line":146,"column":48},"end":{"line":146,"column":54}},"loc":{"start":{"line":146,"column":54},"end":{"line":152,"column":19}},"line":146},"10":{"name":"settle","decl":{"start":{"line":154,"column":25},"end":{"line":154,"column":32}},"loc":{"start":{"line":154,"column":80},"end":{"line":160,"column":null}},"line":154},"11":{"name":"(anonymous_11)","decl":{"start":{"line":168,"column":30},"end":{"line":168,"column":31}},"loc":{"start":{"line":168,"column":40},"end":{"line":190,"column":17}},"line":168},"12":{"name":"(anonymous_12)","decl":{"start":{"line":193,"column":44},"end":{"line":193,"column":45}},"loc":{"start":{"line":193,"column":51},"end":{"line":193,"column":78}},"line":193},"13":{"name":"(anonymous_13)","decl":{"start":{"line":196,"column":33},"end":{"line":196,"column":39}},"loc":{"start":{"line":196,"column":39},"end":{"line":214,"column":null}},"line":196},"14":{"name":"(anonymous_14)","decl":{"start":{"line":216,"column":31},"end":{"line":216,"column":37}},"loc":{"start":{"line":216,"column":37},"end":{"line":216,"column":69}},"line":216},"15":{"name":"(anonymous_15)","decl":{"start":{"line":217,"column":34},"end":{"line":217,"column":35}},"loc":{"start":{"line":217,"column":44},"end":{"line":217,"column":86}},"line":217},"16":{"name":"(anonymous_16)","decl":{"start":{"line":218,"column":34},"end":{"line":218,"column":35}},"loc":{"start":{"line":218,"column":43},"end":{"line":218,"column":64}},"line":218},"17":{"name":"(anonymous_17)","decl":{"start":{"line":221,"column":61},"end":{"line":221,"column":67}},"loc":{"start":{"line":221,"column":67},"end":{"line":224,"column":23}},"line":221},"18":{"name":"(anonymous_18)","decl":{"start":{"line":233,"column":12},"end":{"line":233,"column":27}},"loc":{"start":{"line":233,"column":57},"end":{"line":247,"column":null}},"line":233},"19":{"name":"(anonymous_19)","decl":{"start":{"line":237,"column":31},"end":{"line":237,"column":32}},"loc":{"start":{"line":237,"column":47},"end":{"line":246,"column":9}},"line":237},"20":{"name":"(anonymous_20)","decl":{"start":{"line":249,"column":12},"end":{"line":249,"column":29}},"loc":{"start":{"line":249,"column":52},"end":{"line":253,"column":null}},"line":249},"21":{"name":"(anonymous_21)","decl":{"start":{"line":255,"column":10},"end":{"line":255,"column":42}},"loc":{"start":{"line":255,"column":42},"end":{"line":262,"column":null}},"line":255}},"branchMap":{"0":{"loc":{"start":{"line":20,"column":25},"end":{"line":20,"column":71}},"type":"binary-expr","locations":[{"start":{"line":20,"column":25},"end":{"line":20,"column":67}},{"start":{"line":20,"column":67},"end":{"line":20,"column":71}}],"line":20},"1":{"loc":{"start":{"line":22,"column":4},"end":{"line":24,"column":null}},"type":"if","locations":[{"start":{"line":22,"column":4},"end":{"line":24,"column":null}},{"start":{},"end":{}}],"line":22},"2":{"loc":{"start":{"line":22,"column":8},"end":{"line":22,"column":42}},"type":"binary-expr","locations":[{"start":{"line":22,"column":8},"end":{"line":22,"column":22}},{"start":{"line":22,"column":22},"end":{"line":22,"column":33}},{"start":{"line":22,"column":33},"end":{"line":22,"column":42}}],"line":22},"3":{"loc":{"start":{"line":33,"column":4},"end":{"line":35,"column":null}},"type":"if","locations":[{"start":{"line":33,"column":4},"end":{"line":35,"column":null}},{"start":{},"end":{}}],"line":33},"4":{"loc":{"start":{"line":36,"column":4},"end":{"line":39,"column":null}},"type":"if","locations":[{"start":{"line":36,"column":4},"end":{"line":39,"column":null}},{"start":{},"end":{}}],"line":36},"5":{"loc":{"start":{"line":47,"column":8},"end":{"line":55,"column":null}},"type":"if","locations":[{"start":{"line":47,"column":8},"end":{"line":55,"column":null}},{"start":{},"end":{}}],"line":47},"6":{"loc":{"start":{"line":50,"column":16},"end":{"line":53,"column":null}},"type":"if","locations":[{"start":{"line":50,"column":16},"end":{"line":53,"column":null}},{"start":{},"end":{}}],"line":50},"7":{"loc":{"start":{"line":62,"column":4},"end":{"line":62,"column":null}},"type":"if","locations":[{"start":{"line":62,"column":4},"end":{"line":62,"column":null}},{"start":{},"end":{}}],"line":62},"8":{"loc":{"start":{"line":78,"column":37},"end":{"line":78,"column":50}},"type":"default-arg","locations":[{"start":{"line":78,"column":47},"end":{"line":78,"column":50}}],"line":78},"9":{"loc":{"start":{"line":79,"column":30},"end":{"line":79,"column":null}},"type":"binary-expr","locations":[{"start":{"line":79,"column":30},"end":{"line":79,"column":55}},{"start":{"line":79,"column":55},"end":{"line":79,"column":null}}],"line":79},"10":{"loc":{"start":{"line":82,"column":24},"end":{"line":82,"column":null}},"type":"binary-expr","locations":[{"start":{"line":82,"column":24},"end":{"line":82,"column":45}},{"start":{"line":82,"column":45},"end":{"line":82,"column":null}}],"line":82},"11":{"loc":{"start":{"line":83,"column":8},"end":{"line":90,"column":null}},"type":"if","locations":[{"start":{"line":83,"column":8},"end":{"line":90,"column":null}},{"start":{},"end":{}}],"line":83},"12":{"loc":{"start":{"line":83,"column":12},"end":{"line":83,"column":39}},"type":"binary-expr","locations":[{"start":{"line":83,"column":12},"end":{"line":83,"column":26}},{"start":{"line":83,"column":26},"end":{"line":83,"column":39}}],"line":83},"13":{"loc":{"start":{"line":86,"column":12},"end":{"line":89,"column":null}},"type":"if","locations":[{"start":{"line":86,"column":12},"end":{"line":89,"column":null}},{"start":{},"end":{}}],"line":86},"14":{"loc":{"start":{"line":86,"column":16},"end":{"line":86,"column":50}},"type":"binary-expr","locations":[{"start":{"line":86,"column":16},"end":{"line":86,"column":25}},{"start":{"line":86,"column":25},"end":{"line":86,"column":50}}],"line":86},"15":{"loc":{"start":{"line":105,"column":12},"end":{"line":108,"column":null}},"type":"if","locations":[{"start":{"line":105,"column":12},"end":{"line":108,"column":null}},{"start":{},"end":{}}],"line":105},"16":{"loc":{"start":{"line":105,"column":16},"end":{"line":105,"column":71}},"type":"binary-expr","locations":[{"start":{"line":105,"column":16},"end":{"line":105,"column":39}},{"start":{"line":105,"column":39},"end":{"line":105,"column":71}}],"line":105},"17":{"loc":{"start":{"line":113,"column":27},"end":{"line":113,"column":null}},"type":"binary-expr","locations":[{"start":{"line":113,"column":27},"end":{"line":113,"column":40}},{"start":{"line":113,"column":40},"end":{"line":113,"column":null}}],"line":113},"18":{"loc":{"start":{"line":114,"column":21},"end":{"line":114,"column":null}},"type":"binary-expr","locations":[{"start":{"line":114,"column":21},"end":{"line":114,"column":36}},{"start":{"line":114,"column":36},"end":{"line":114,"column":null}}],"line":114},"19":{"loc":{"start":{"line":124,"column":27},"end":{"line":124,"column":null}},"type":"cond-expr","locations":[{"start":{"line":124,"column":51},"end":{"line":124,"column":78}},{"start":{"line":124,"column":78},"end":{"line":124,"column":null}}],"line":124},"20":{"loc":{"start":{"line":129,"column":16},"end":{"line":132,"column":null}},"type":"if","locations":[{"start":{"line":129,"column":16},"end":{"line":132,"column":null}},{"start":{},"end":{}}],"line":129},"21":{"loc":{"start":{"line":129,"column":20},"end":{"line":129,"column":58}},"type":"binary-expr","locations":[{"start":{"line":129,"column":20},"end":{"line":129,"column":45}},{"start":{"line":129,"column":45},"end":{"line":129,"column":58}}],"line":129},"22":{"loc":{"start":{"line":143,"column":16},"end":{"line":143,"column":null}},"type":"if","locations":[{"start":{"line":143,"column":16},"end":{"line":143,"column":null}},{"start":{},"end":{}}],"line":143},"23":{"loc":{"start":{"line":144,"column":16},"end":{"line":144,"column":null}},"type":"if","locations":[{"start":{"line":144,"column":16},"end":{"line":144,"column":null}},{"start":{},"end":{}}],"line":144},"24":{"loc":{"start":{"line":147,"column":20},"end":{"line":151,"column":null}},"type":"if","locations":[{"start":{"line":147,"column":20},"end":{"line":151,"column":null}},{"start":{},"end":{}}],"line":147},"25":{"loc":{"start":{"line":155,"column":20},"end":{"line":155,"column":null}},"type":"if","locations":[{"start":{"line":155,"column":20},"end":{"line":155,"column":null}},{"start":{},"end":{}}],"line":155},"26":{"loc":{"start":{"line":158,"column":20},"end":{"line":159,"column":null}},"type":"if","locations":[{"start":{"line":158,"column":20},"end":{"line":159,"column":null}},{"start":{"line":159,"column":25},"end":{"line":159,"column":null}}],"line":158},"27":{"loc":{"start":{"line":162,"column":16},"end":{"line":165,"column":null}},"type":"if","locations":[{"start":{"line":162,"column":16},"end":{"line":165,"column":null}},{"start":{},"end":{}}],"line":162},"28":{"loc":{"start":{"line":169,"column":20},"end":{"line":169,"column":null}},"type":"if","locations":[{"start":{"line":169,"column":20},"end":{"line":169,"column":null}},{"start":{},"end":{}}],"line":169},"29":{"loc":{"start":{"line":174,"column":20},"end":{"line":174,"column":null}},"type":"if","locations":[{"start":{"line":174,"column":20},"end":{"line":174,"column":null}},{"start":{},"end":{}}],"line":174},"30":{"loc":{"start":{"line":177,"column":20},"end":{"line":180,"column":null}},"type":"if","locations":[{"start":{"line":177,"column":20},"end":{"line":180,"column":null}},{"start":{},"end":{}}],"line":177},"31":{"loc":{"start":{"line":189,"column":20},"end":{"line":189,"column":null}},"type":"if","locations":[{"start":{"line":189,"column":20},"end":{"line":189,"column":null}},{"start":{},"end":{}}],"line":189},"32":{"loc":{"start":{"line":192,"column":16},"end":{"line":194,"column":null}},"type":"if","locations":[{"start":{"line":192,"column":16},"end":{"line":194,"column":null}},{"start":{},"end":{}}],"line":192},"33":{"loc":{"start":{"line":197,"column":20},"end":{"line":197,"column":null}},"type":"if","locations":[{"start":{"line":197,"column":20},"end":{"line":197,"column":null}},{"start":{},"end":{}}],"line":197},"34":{"loc":{"start":{"line":197,"column":24},"end":{"line":197,"column":61}},"type":"binary-expr","locations":[{"start":{"line":197,"column":24},"end":{"line":197,"column":50}},{"start":{"line":197,"column":50},"end":{"line":197,"column":61}}],"line":197},"35":{"loc":{"start":{"line":198,"column":20},"end":{"line":201,"column":null}},"type":"if","locations":[{"start":{"line":198,"column":20},"end":{"line":201,"column":null}},{"start":{},"end":{}}],"line":198},"36":{"loc":{"start":{"line":203,"column":43},"end":{"line":203,"column":null}},"type":"binary-expr","locations":[{"start":{"line":203,"column":43},"end":{"line":203,"column":64}},{"start":{"line":203,"column":64},"end":{"line":203,"column":null}}],"line":203},"37":{"loc":{"start":{"line":204,"column":20},"end":{"line":206,"column":null}},"type":"if","locations":[{"start":{"line":204,"column":20},"end":{"line":206,"column":null}},{"start":{},"end":{}}],"line":204},"38":{"loc":{"start":{"line":204,"column":24},"end":{"line":204,"column":55}},"type":"binary-expr","locations":[{"start":{"line":204,"column":24},"end":{"line":204,"column":39}},{"start":{"line":204,"column":39},"end":{"line":204,"column":55}}],"line":204},"39":{"loc":{"start":{"line":217,"column":62},"end":{"line":217,"column":73}},"type":"binary-expr","locations":[{"start":{"line":217,"column":62},"end":{"line":217,"column":70}},{"start":{"line":217,"column":70},"end":{"line":217,"column":73}}],"line":217},"40":{"loc":{"start":{"line":220,"column":16},"end":{"line":225,"column":null}},"type":"if","locations":[{"start":{"line":220,"column":16},"end":{"line":225,"column":null}},{"start":{},"end":{}}],"line":220},"41":{"loc":{"start":{"line":235,"column":8},"end":{"line":235,"column":null}},"type":"if","locations":[{"start":{"line":235,"column":8},"end":{"line":235,"column":null}},{"start":{},"end":{}}],"line":235},"42":{"loc":{"start":{"line":239,"column":12},"end":{"line":239,"column":null}},"type":"if","locations":[{"start":{"line":239,"column":12},"end":{"line":239,"column":null}},{"start":{},"end":{}}],"line":239},"43":{"loc":{"start":{"line":251,"column":18},"end":{"line":251,"column":64}},"type":"if","locations":[{"start":{"line":251,"column":18},"end":{"line":251,"column":64}},{"start":{},"end":{}}],"line":251}},"s":{"0":1,"1":1,"2":1,"3":1,"4":1,"5":0,"6":1,"7":1,"8":1,"9":1,"10":0,"11":1,"12":1,"13":1,"14":0,"15":0,"16":0,"17":0,"18":0,"19":0,"20":0,"21":0,"22":0,"23":0,"24":0,"25":1,"26":1,"27":1,"28":0,"29":1,"30":1,"31":1,"32":1,"33":0,"34":0,"35":0,"36":0,"37":0,"38":1,"39":1,"40":0,"41":1,"42":1,"43":1,"44":1,"45":0,"46":0,"47":1,"48":1,"49":1,"50":1,"51":1,"52":1,"53":1,"54":1,"55":0,"56":0,"57":1,"58":1,"59":1,"60":1,"61":1,"62":1,"63":0,"64":1,"65":1,"66":1,"67":1,"68":1,"69":0,"70":0,"71":0,"72":0,"73":1,"74":0,"75":1,"76":1,"77":1,"78":1,"79":0,"80":1,"81":0,"82":0,"83":1,"84":1,"85":3,"86":0,"87":3,"88":3,"89":0,"90":3,"91":3,"92":1,"93":3,"94":3,"95":1,"96":1,"97":3,"98":3,"99":0,"100":0,"101":3,"102":3,"103":1,"104":1,"105":1,"106":0,"107":1,"108":2,"109":1,"110":1,"111":0,"112":0,"113":1,"114":2,"115":0,"116":1,"117":1,"118":1,"119":1,"120":1,"121":1,"122":1,"123":1,"124":0,"125":1,"126":0,"127":0,"128":0,"129":1,"130":1,"131":0,"132":0,"133":0,"134":0,"135":0,"136":0,"137":0,"138":0,"139":0,"140":0,"141":0,"142":0,"143":0,"144":1,"145":0,"146":0,"147":0,"148":0,"149":0,"150":0,"151":0},"f":{"0":1,"1":1,"2":0,"3":0,"4":0,"5":1,"6":1,"7":1,"8":0,"9":0,"10":1,"11":3,"12":0,"13":2,"14":1,"15":1,"16":0,"17":0,"18":0,"19":0,"20":1,"21":0},"b":{"0":[1,1],"1":[1,0],"2":[1,0,0],"3":[0,1],"4":[1,0],"5":[0,0],"6":[0,0],"7":[0,1],"8":[1],"9":[1,1],"10":[1,1],"11":[0,1],"12":[1,1],"13":[0,0],"14":[0,0],"15":[0,1],"16":[1,0],"17":[1,1],"18":[1,1],"19":[0,1],"20":[0,1],"21":[1,0],"22":[1,0],"23":[1,0],"24":[0,0],"25":[0,1],"26":[1,0],"27":[0,1],"28":[0,3],"29":[1,2],"30":[1,2],"31":[1,2],"32":[1,0],"33":[1,1],"34":[2,1],"35":[0,1],"36":[1,0],"37":[0,2],"38":[2,0],"39":[1,0],"40":[0,1],"41":[0,0],"42":[0,0],"43":[0,0]},"meta":{"lastBranch":44,"lastFunction":22,"lastStatement":152,"seen":{"s:15:12:15:Infinity":0,"f:19:9:19:37":0,"s:20:16:20:Infinity":1,"b:20:25:20:67:20:67:20:71":0,"s:21:20:21:Infinity":2,"b:22:4:24:Infinity:undefined:undefined:undefined:undefined":1,"s:22:4:24:Infinity":3,"b:22:8:22:22:22:22:22:33:22:33:22:42":2,"s:23:8:23:Infinity":4,"s:25:4:25:Infinity":5,"s:28:27:28:Infinity":6,"s:29:21:29:Infinity":7,"s:30:81:30:Infinity":8,"f:32:15:32:30":1,"b:33:4:35:Infinity:undefined:undefined:undefined:undefined":3,"s:33:4:35:Infinity":9,"s:34:8:34:Infinity":10,"b:36:4:39:Infinity:undefined:undefined:undefined:undefined":4,"s:36:4:39:Infinity":11,"s:37:8:37:Infinity":12,"s:38:8:38:Infinity":13,"s:40:4:56:Infinity":14,"f:40:29:40:30":2,"s:41:23:44:Infinity":15,"f:42:21:42:27":3,"s:42:29:42:47":16,"s:42:47:42:58":17,"s:45:8:45:Infinity":18,"b:47:8:55:Infinity:undefined:undefined:undefined:undefined":5,"s:47:8:55:Infinity":19,"s:48:12:54:Infinity":20,"f:48:45:48:51":4,"s:49:28:49:Infinity":21,"b:50:16:53:Infinity:undefined:undefined:undefined:undefined":6,"s:50:16:53:Infinity":22,"s:51:20:51:Infinity":23,"s:52:20:52:Infinity":24,"f:59:9:59:32":5,"s:60:4:60:Infinity":25,"s:61:17:61:Infinity":26,"b:62:4:62:Infinity:undefined:undefined:undefined:undefined":7,"s:62:4:62:Infinity":27,"s:62:14:62:Infinity":28,"f:77:10:77:17":6,"s:78:54:78:Infinity":29,"b:78:47:78:50":8,"s:79:30:79:Infinity":30,"b:79:30:79:55:79:55:79:Infinity":9,"s:82:24:82:Infinity":31,"b:82:24:82:45:82:45:82:Infinity":10,"b:83:8:90:Infinity:undefined:undefined:undefined:undefined":11,"s:83:8:90:Infinity":32,"b:83:12:83:26:83:26:83:39":12,"s:84:18:84:Infinity":33,"s:85:26:85:Infinity":34,"b:86:12:89:Infinity:undefined:undefined:undefined:undefined":13,"s:86:12:89:Infinity":35,"b:86:16:86:25:86:25:86:50":14,"s:87:16:87:Infinity":36,"s:88:16:88:Infinity":37,"s:94:8:98:Infinity":38,"s:95:12:95:Infinity":39,"s:97:12:97:Infinity":40,"s:100:34:100:Infinity":41,"s:101:8:101:Infinity":42,"s:103:8:230:Infinity":43,"b:105:12:108:Infinity:undefined:undefined:undefined:undefined":15,"s:105:12:108:Infinity":44,"b:105:16:105:39:105:39:105:71":16,"s:106:16:106:Infinity":45,"s:107:16:107:Infinity":46,"s:110:25:110:Infinity":47,"s:112:12:116:Infinity":48,"b:113:27:113:40:113:40:113:Infinity":17,"b:114:21:114:36:114:36:114:Infinity":18,"s:118:12:226:Infinity":49,"f:118:50:118:51":7,"s:119:30:119:Infinity":50,"s:120:51:120:Infinity":51,"s:121:31:121:Infinity":52,"s:123:22:127:Infinity":53,"b:124:51:124:78:124:78:124:Infinity":19,"b:129:16:132:Infinity:undefined:undefined:undefined:undefined":20,"s:129:16:132:Infinity":54,"b:129:20:129:45:129:45:129:58":21,"s:130:20:130:Infinity":55,"s:131:20:131:Infinity":56,"s:134:45:134:Infinity":57,"s:135:55:135:Infinity":58,"s:136:29:136:Infinity":59,"s:138:46:138:Infinity":60,"s:141:35:141:Infinity":61,"s:142:38:142:Infinity":62,"f:142:38:142:44":8,"s:142:46:142:73":63,"b:143:16:143:Infinity:undefined:undefined:undefined:undefined":22,"s:143:16:143:Infinity":64,"s:143:34:143:Infinity":65,"b:144:16:144:Infinity:undefined:undefined:undefined:undefined":23,"s:144:16:144:Infinity":66,"s:144:34:144:Infinity":67,"s:146:36:152:Infinity":68,"f:146:48:146:54":9,"b:147:20:151:Infinity:undefined:undefined:undefined:undefined":24,"s:147:20:151:Infinity":69,"s:148:24:148:Infinity":70,"s:149:24:149:Infinity":71,"s:150:24:150:Infinity":72,"f:154:25:154:32":10,"b:155:20:155:Infinity:undefined:undefined:undefined:undefined":25,"s:155:20:155:Infinity":73,"s:155:33:155:Infinity":74,"s:156:20:156:Infinity":75,"s:157:20:157:Infinity":76,"b:158:20:159:Infinity:159:25:159:Infinity":26,"s:158:20:159:Infinity":77,"s:158:46:158:Infinity":78,"s:159:25:159:Infinity":79,"b:162:16:165:Infinity:undefined:undefined:undefined:undefined":27,"s:162:16:165:Infinity":80,"s:163:20:163:Infinity":81,"s:164:20:164:Infinity":82,"s:167:22:167:Infinity":83,"s:168:16:190:Infinity":84,"f:168:30:168:31":11,"b:169:20:169:Infinity:undefined:undefined:undefined:undefined":28,"s:169:20:169:Infinity":85,"s:169:38:169:Infinity":86,"s:171:20:171:Infinity":87,"s:171:26:171:52":88,"s:171:62:171:70":89,"s:173:32:173:Infinity":90,"b:174:20:174:Infinity:undefined:undefined:undefined:undefined":29,"s:174:20:174:Infinity":91,"s:174:29:174:Infinity":92,"s:176:33:176:Infinity":93,"b:177:20:180:Infinity:undefined:undefined:undefined:undefined":30,"s:177:20:180:Infinity":94,"s:178:24:178:Infinity":95,"s:179:24:179:Infinity":96,"s:182:43:182:Infinity":97,"s:183:20:186:Infinity":98,"s:184:24:184:Infinity":99,"s:185:24:185:Infinity":100,"s:188:34:188:Infinity":101,"b:189:20:189:Infinity:undefined:undefined:undefined:undefined":31,"s:189:20:189:Infinity":102,"s:189:31:189:Infinity":103,"b:192:16:194:Infinity:undefined:undefined:undefined:undefined":32,"s:192:16:194:Infinity":104,"s:193:20:193:Infinity":105,"f:193:44:193:45":12,"s:193:53:193:77":106,"s:196:33:214:Infinity":107,"f:196:33:196:39":13,"b:197:20:197:Infinity:undefined:undefined:undefined:undefined":33,"s:197:20:197:Infinity":108,"b:197:24:197:50:197:50:197:61":34,"s:197:61:197:Infinity":109,"b:198:20:201:Infinity:undefined:undefined:undefined:undefined":35,"s:198:20:201:Infinity":110,"s:199:24:199:Infinity":111,"s:200:24:200:Infinity":112,"s:203:43:203:Infinity":113,"b:203:43:203:64:203:64:203:Infinity":36,"b:204:20:206:Infinity:undefined:undefined:undefined:undefined":37,"s:204:20:206:Infinity":114,"b:204:24:204:39:204:39:204:55":38,"s:205:24:205:Infinity":115,"s:208:20:213:Infinity":116,"s:216:16:216:Infinity":117,"f:216:31:216:37":14,"s:216:39:216:56":118,"s:216:56:216:68":119,"s:217:16:217:Infinity":120,"f:217:34:217:35":15,"s:217:46:217:73":121,"b:217:62:217:70:217:70:217:73":39,"s:217:73:217:85":122,"s:218:16:218:Infinity":123,"f:218:34:218:35":16,"s:218:43:218:64":124,"b:220:16:225:Infinity:undefined:undefined:undefined:undefined":40,"s:220:16:225:Infinity":125,"s:221:20:224:Infinity":126,"f:221:61:221:67":17,"s:222:24:222:Infinity":127,"s:223:24:223:Infinity":128,"s:228:12:228:Infinity":129,"s:229:12:229:Infinity":130,"f:233:12:233:27":18,"s:234:24:234:Infinity":131,"b:235:8:235:Infinity:undefined:undefined:undefined:undefined":41,"s:235:8:235:Infinity":132,"s:235:37:235:Infinity":133,"s:237:8:246:Infinity":134,"f:237:31:237:32":19,"s:238:28:238:Infinity":135,"b:239:12:239:Infinity:undefined:undefined:undefined:undefined":42,"s:239:12:239:Infinity":136,"s:239:26:239:Infinity":137,"s:240:24:240:Infinity":138,"s:241:25:241:Infinity":139,"s:242:29:242:Infinity":140,"s:243:29:243:Infinity":141,"s:244:12:244:Infinity":142,"s:245:12:245:Infinity":143,"f:249:12:249:29":20,"s:250:8:252:Infinity":144,"s:251:12:251:Infinity":145,"b:251:18:251:64:undefined:undefined:undefined:undefined":43,"s:251:18:251:64":146,"s:251:43:251:64":147,"f:255:10:255:42":21,"s:256:8:261:Infinity":148,"s:257:12:257:Infinity":149,"s:258:12:258:Infinity":150,"s:260:12:260:Infinity":151}}}
,"/Users/casu/Documents/Colony/src/llm/ProviderRegistry.ts": {"path":"/Users/casu/Documents/Colony/src/llm/ProviderRegistry.ts","statementMap":{"0":{"start":{"line":7,"column":12},"end":{"line":7,"column":null}},"1":{"start":{"line":10,"column":22},"end":{"line":10,"column":null}},"2":{"start":{"line":13,"column":4},"end":{"line":15,"column":null}},"3":{"start":{"line":14,"column":6},"end":{"line":14,"column":null}},"4":{"start":{"line":16,"column":4},"end":{"line":16,"column":null}},"5":{"start":{"line":17,"column":4},"end":{"line":17,"column":null}},"6":{"start":{"line":21,"column":4},"end":{"line":21,"column":null}},"7":{"start":{"line":25,"column":4},"end":{"line":25,"column":null}},"8":{"start":{"line":29,"column":24},"end":{"line":29,"column":null}}},"fnMap":{"0":{"name":"(anonymous_0)","decl":{"start":{"line":12,"column":2},"end":{"line":12,"column":11}},"loc":{"start":{"line":12,"column":55},"end":{"line":18,"column":null}},"line":12},"1":{"name":"(anonymous_1)","decl":{"start":{"line":20,"column":2},"end":{"line":20,"column":6}},"loc":{"start":{"line":20,"column":46},"end":{"line":22,"column":null}},"line":20},"2":{"name":"(anonymous_2)","decl":{"start":{"line":24,"column":2},"end":{"line":24,"column":19}},"loc":{"start":{"line":24,"column":19},"end":{"line":26,"column":null}},"line":24}},"branchMap":{"0":{"loc":{"start":{"line":13,"column":4},"end":{"line":15,"column":null}},"type":"if","locations":[{"start":{"line":13,"column":4},"end":{"line":15,"column":null}},{"start":{},"end":{}}],"line":13}},"s":{"0":1,"1":1,"2":3,"3":0,"4":3,"5":3,"6":1,"7":1,"8":1},"f":{"0":3,"1":1,"2":1},"b":{"0":[0,3]},"meta":{"lastBranch":1,"lastFunction":3,"lastStatement":9,"seen":{"s:7:12:7:Infinity":0,"s:10:22:10:Infinity":1,"f:12:2:12:11":0,"b:13:4:15:Infinity:undefined:undefined:undefined:undefined":0,"s:13:4:15:Infinity":2,"s:14:6:14:Infinity":3,"s:16:4:16:Infinity":4,"s:17:4:17:Infinity":5,"f:20:2:20:6":1,"s:21:4:21:Infinity":6,"f:24:2:24:19":2,"s:25:4:25:Infinity":7,"s:29:24:29:Infinity":8}}}
,"/Users/casu/Documents/Colony/src/llm/SessionUtils.ts": {"path":"/Users/casu/Documents/Colony/src/llm/SessionUtils.ts","statementMap":{"0":{"start":{"line":4,"column":17},"end":{"line":4,"column":null}},"1":{"start":{"line":5,"column":22},"end":{"line":5,"column":null}},"2":{"start":{"line":14,"column":4},"end":{"line":19,"column":null}},"3":{"start":{"line":15,"column":8},"end":{"line":15,"column":null}},"4":{"start":{"line":15,"column":43},"end":{"line":15,"column":null}},"5":{"start":{"line":16,"column":8},"end":{"line":16,"column":null}},"6":{"start":{"line":18,"column":8},"end":{"line":18,"column":null}},"7":{"start":{"line":23,"column":4},"end":{"line":23,"column":null}},"8":{"start":{"line":23,"column":34},"end":{"line":23,"column":null}},"9":{"start":{"line":24,"column":21},"end":{"line":24,"column":null}},"10":{"start":{"line":25,"column":4},"end":{"line":25,"column":null}},"11":{"start":{"line":26,"column":4},"end":{"line":26,"column":null}},"12":{"start":{"line":30,"column":4},"end":{"line":30,"column":null}},"13":{"start":{"line":34,"column":21},"end":{"line":34,"column":null}},"14":{"start":{"line":35,"column":4},"end":{"line":38,"column":null}},"15":{"start":{"line":36,"column":8},"end":{"line":36,"column":null}},"16":{"start":{"line":37,"column":8},"end":{"line":37,"column":null}}},"fnMap":{"0":{"name":"loadSessions","decl":{"start":{"line":13,"column":16},"end":{"line":13,"column":62}},"loc":{"start":{"line":13,"column":62},"end":{"line":20,"column":null}},"line":13},"1":{"name":"saveSession","decl":{"start":{"line":22,"column":16},"end":{"line":22,"column":28}},"loc":{"start":{"line":22,"column":80},"end":{"line":27,"column":null}},"line":22},"2":{"name":"getSession","decl":{"start":{"line":29,"column":16},"end":{"line":29,"column":27}},"loc":{"start":{"line":29,"column":63},"end":{"line":31,"column":null}},"line":29},"3":{"name":"deleteSession","decl":{"start":{"line":33,"column":16},"end":{"line":33,"column":30}},"loc":{"start":{"line":33,"column":50},"end":{"line":39,"column":null}},"line":33}},"branchMap":{"0":{"loc":{"start":{"line":4,"column":17},"end":{"line":4,"column":null}},"type":"binary-expr","locations":[{"start":{"line":4,"column":17},"end":{"line":4,"column":48}},{"start":{"line":4,"column":48},"end":{"line":4,"column":null}}],"line":4},"1":{"loc":{"start":{"line":15,"column":8},"end":{"line":15,"column":null}},"type":"if","locations":[{"start":{"line":15,"column":8},"end":{"line":15,"column":null}},{"start":{},"end":{}}],"line":15},"2":{"loc":{"start":{"line":23,"column":4},"end":{"line":23,"column":null}},"type":"if","locations":[{"start":{"line":23,"column":4},"end":{"line":23,"column":null}},{"start":{},"end":{}}],"line":23},"3":{"loc":{"start":{"line":30,"column":11},"end":{"line":30,"column":null}},"type":"binary-expr","locations":[{"start":{"line":30,"column":11},"end":{"line":30,"column":35}},{"start":{"line":30,"column":35},"end":{"line":30,"column":null}}],"line":30},"4":{"loc":{"start":{"line":35,"column":4},"end":{"line":38,"column":null}},"type":"if","locations":[{"start":{"line":35,"column":4},"end":{"line":38,"column":null}},{"start":{},"end":{}}],"line":35}},"s":{"0":1,"1":1,"2":2,"3":2,"4":0,"5":2,"6":0,"7":1,"8":1,"9":1,"10":1,"11":1,"12":0,"13":0,"14":0,"15":0,"16":0},"f":{"0":2,"1":1,"2":0,"3":0},"b":{"0":[1,1],"1":[0,2],"2":[1,0],"3":[0,0],"4":[0,0]},"meta":{"lastBranch":5,"lastFunction":4,"lastStatement":17,"seen":{"s:4:17:4:Infinity":0,"b:4:17:4:48:4:48:4:Infinity":0,"s:5:22:5:Infinity":1,"f:13:16:13:62":0,"s:14:4:19:Infinity":2,"b:15:8:15:Infinity:undefined:undefined:undefined:undefined":1,"s:15:8:15:Infinity":3,"s:15:43:15:Infinity":4,"s:16:8:16:Infinity":5,"s:18:8:18:Infinity":6,"f:22:16:22:28":1,"b:23:4:23:Infinity:undefined:undefined:undefined:undefined":2,"s:23:4:23:Infinity":7,"s:23:34:23:Infinity":8,"s:24:21:24:Infinity":9,"s:25:4:25:Infinity":10,"s:26:4:26:Infinity":11,"f:29:16:29:27":2,"s:30:4:30:Infinity":12,"b:30:11:30:35:30:35:30:Infinity":3,"f:33:16:33:30":3,"s:34:21:34:Infinity":13,"b:35:4:38:Infinity:undefined:undefined:undefined:undefined":4,"s:35:4:38:Infinity":14,"s:36:8:36:Infinity":15,"s:37:8:37:Infinity":16}}}
,"/Users/casu/Documents/Colony/src/llm/index.ts": {"path":"/Users/casu/Documents/Colony/src/llm/index.ts","statementMap":{"0":{"start":{"line":7,"column":0},"end":{"line":7,"column":null}},"1":{"start":{"line":8,"column":0},"end":{"line":8,"column":null}},"2":{"start":{"line":9,"column":0},"end":{"line":9,"column":null}}},"fnMap":{},"branchMap":{},"s":{"0":1,"1":1,"2":1},"f":{},"b":{},"meta":{"lastBranch":0,"lastFunction":0,"lastStatement":3,"seen":{"s:7:0:7:Infinity":0,"s:8:0:8:Infinity":1,"s:9:0:9:Infinity":2}}}
,"/Users/casu/Documents/Colony/src/llm/types.ts": {"path":"/Users/casu/Documents/Colony/src/llm/types.ts","statementMap":{},"fnMap":{},"branchMap":{},"s":{},"f":{},"b":{},"meta":{"lastBranch":0,"lastFunction":0,"lastStatement":0,"seen":{}}}
,"/Users/casu/Documents/Colony/src/llm/providers/ClaudeProvider.ts": {"path":"/Users/casu/Documents/Colony/src/llm/providers/ClaudeProvider.ts","statementMap":{"0":{"start":{"line":5,"column":20},"end":{"line":5,"column":null}},"1":{"start":{"line":6,"column":45},"end":{"line":11,"column":null}},"2":{"start":{"line":14,"column":21},"end":{"line":19,"column":null}},"3":{"start":{"line":20,"column":8},"end":{"line":20,"column":null}},"4":{"start":{"line":20,"column":23},"end":{"line":20,"column":null}},"5":{"start":{"line":21,"column":8},"end":{"line":25,"column":null}},"6":{"start":{"line":22,"column":12},"end":{"line":24,"column":null}},"7":{"start":{"line":23,"column":16},"end":{"line":23,"column":null}},"8":{"start":{"line":26,"column":8},"end":{"line":26,"column":null}},"9":{"start":{"line":30,"column":8},"end":{"line":30,"column":null}},"10":{"start":{"line":30,"column":40},"end":{"line":30,"column":null}},"11":{"start":{"line":31,"column":25},"end":{"line":31,"column":null}},"12":{"start":{"line":32,"column":8},"end":{"line":32,"column":null}},"13":{"start":{"line":32,"column":37},"end":{"line":32,"column":null}},"14":{"start":{"line":33,"column":8},"end":{"line":36,"column":null}},"15":{"start":{"line":34,"column":52},"end":{"line":34,"column":69}},"16":{"start":{"line":35,"column":49},"end":{"line":35,"column":65}},"17":{"start":{"line":40,"column":8},"end":{"line":42,"column":null}},"18":{"start":{"line":41,"column":12},"end":{"line":41,"column":null}},"19":{"start":{"line":43,"column":8},"end":{"line":43,"column":null}},"20":{"start":{"line":47,"column":8},"end":{"line":47,"column":null}},"21":{"start":{"line":47,"column":40},"end":{"line":47,"column":null}},"22":{"start":{"line":48,"column":25},"end":{"line":48,"column":null}},"23":{"start":{"line":49,"column":8},"end":{"line":49,"column":null}},"24":{"start":{"line":49,"column":37},"end":{"line":49,"column":null}},"25":{"start":{"line":50,"column":8},"end":{"line":55,"column":null}},"26":{"start":{"line":51,"column":52},"end":{"line":51,"column":73}},"27":{"start":{"line":52,"column":50},"end":{"line":55,"column":14}},"28":{"start":{"line":59,"column":8},"end":{"line":67,"column":null}},"29":{"start":{"line":60,"column":26},"end":{"line":60,"column":null}},"30":{"start":{"line":61,"column":12},"end":{"line":66,"column":null}},"31":{"start":{"line":68,"column":8},"end":{"line":68,"column":null}}},"fnMap":{"0":{"name":"(anonymous_0)","decl":{"start":{"line":13,"column":14},"end":{"line":13,"column":24}},"loc":{"start":{"line":13,"column":94},"end":{"line":27,"column":null}},"line":13},"1":{"name":"(anonymous_1)","decl":{"start":{"line":29,"column":14},"end":{"line":29,"column":26}},"loc":{"start":{"line":29,"column":73},"end":{"line":37,"column":null}},"line":29},"2":{"name":"(anonymous_2)","decl":{"start":{"line":34,"column":20},"end":{"line":34,"column":21}},"loc":{"start":{"line":34,"column":52},"end":{"line":34,"column":69}},"line":34},"3":{"name":"(anonymous_3)","decl":{"start":{"line":35,"column":17},"end":{"line":35,"column":18}},"loc":{"start":{"line":35,"column":49},"end":{"line":35,"column":65}},"line":35},"4":{"name":"(anonymous_4)","decl":{"start":{"line":39,"column":14},"end":{"line":39,"column":31}},"loc":{"start":{"line":39,"column":78},"end":{"line":44,"column":null}},"line":39},"5":{"name":"(anonymous_5)","decl":{"start":{"line":46,"column":14},"end":{"line":46,"column":29}},"loc":{"start":{"line":46,"column":73},"end":{"line":56,"column":null}},"line":46},"6":{"name":"(anonymous_6)","decl":{"start":{"line":51,"column":20},"end":{"line":51,"column":21}},"loc":{"start":{"line":51,"column":52},"end":{"line":51,"column":73}},"line":51},"7":{"name":"(anonymous_7)","decl":{"start":{"line":52,"column":17},"end":{"line":52,"column":18}},"loc":{"start":{"line":52,"column":50},"end":{"line":55,"column":14}},"line":52},"8":{"name":"(anonymous_8)","decl":{"start":{"line":58,"column":14},"end":{"line":58,"column":32}},"loc":{"start":{"line":58,"column":83},"end":{"line":69,"column":null}},"line":58}},"branchMap":{"0":{"loc":{"start":{"line":20,"column":8},"end":{"line":20,"column":null}},"type":"if","locations":[{"start":{"line":20,"column":8},"end":{"line":20,"column":null}},{"start":{},"end":{}}],"line":20},"1":{"loc":{"start":{"line":21,"column":8},"end":{"line":25,"column":null}},"type":"if","locations":[{"start":{"line":21,"column":8},"end":{"line":25,"column":null}},{"start":{},"end":{}}],"line":21},"2":{"loc":{"start":{"line":21,"column":12},"end":{"line":21,"column":39}},"type":"binary-expr","locations":[{"start":{"line":21,"column":12},"end":{"line":21,"column":21}},{"start":{"line":21,"column":21},"end":{"line":21,"column":39}}],"line":21},"3":{"loc":{"start":{"line":30,"column":8},"end":{"line":30,"column":null}},"type":"if","locations":[{"start":{"line":30,"column":8},"end":{"line":30,"column":null}},{"start":{},"end":{}}],"line":30},"4":{"loc":{"start":{"line":32,"column":8},"end":{"line":32,"column":null}},"type":"if","locations":[{"start":{"line":32,"column":8},"end":{"line":32,"column":null}},{"start":{},"end":{}}],"line":32},"5":{"loc":{"start":{"line":40,"column":8},"end":{"line":42,"column":null}},"type":"if","locations":[{"start":{"line":40,"column":8},"end":{"line":42,"column":null}},{"start":{},"end":{}}],"line":40},"6":{"loc":{"start":{"line":40,"column":8},"end":{"line":40,"column":86}},"type":"binary-expr","locations":[{"start":{"line":40,"column":13},"end":{"line":40,"column":40}},{"start":{"line":40,"column":40},"end":{"line":40,"column":68}},{"start":{"line":40,"column":68},"end":{"line":40,"column":86}}],"line":40},"7":{"loc":{"start":{"line":47,"column":8},"end":{"line":47,"column":null}},"type":"if","locations":[{"start":{"line":47,"column":8},"end":{"line":47,"column":null}},{"start":{},"end":{}}],"line":47},"8":{"loc":{"start":{"line":49,"column":8},"end":{"line":49,"column":null}},"type":"if","locations":[{"start":{"line":49,"column":8},"end":{"line":49,"column":null}},{"start":{},"end":{}}],"line":49},"9":{"loc":{"start":{"line":59,"column":8},"end":{"line":67,"column":null}},"type":"if","locations":[{"start":{"line":59,"column":8},"end":{"line":67,"column":null}},{"start":{},"end":{}}],"line":59},"10":{"loc":{"start":{"line":59,"column":12},"end":{"line":59,"column":52}},"type":"binary-expr","locations":[{"start":{"line":59,"column":12},"end":{"line":59,"column":39}},{"start":{"line":59,"column":39},"end":{"line":59,"column":52}}],"line":59},"11":{"loc":{"start":{"line":62,"column":23},"end":{"line":62,"column":null}},"type":"binary-expr","locations":[{"start":{"line":62,"column":23},"end":{"line":62,"column":45}},{"start":{"line":62,"column":45},"end":{"line":62,"column":null}}],"line":62},"12":{"loc":{"start":{"line":63,"column":24},"end":{"line":63,"column":null}},"type":"binary-expr","locations":[{"start":{"line":63,"column":24},"end":{"line":63,"column":47}},{"start":{"line":63,"column":47},"end":{"line":63,"column":null}}],"line":63},"13":{"loc":{"start":{"line":64,"column":27},"end":{"line":64,"column":null}},"type":"binary-expr","locations":[{"start":{"line":64,"column":27},"end":{"line":64,"column":60}},{"start":{"line":64,"column":60},"end":{"line":64,"column":null}}],"line":64},"14":{"loc":{"start":{"line":65,"column":31},"end":{"line":65,"column":null}},"type":"binary-expr","locations":[{"start":{"line":65,"column":31},"end":{"line":65,"column":68}},{"start":{"line":65,"column":68},"end":{"line":65,"column":null}}],"line":65}},"s":{"0":1,"1":1,"2":0,"3":0,"4":0,"5":0,"6":0,"7":0,"8":0,"9":0,"10":0,"11":0,"12":0,"13":0,"14":0,"15":0,"16":0,"17":0,"18":0,"19":0,"20":0,"21":0,"22":0,"23":0,"24":0,"25":0,"26":0,"27":0,"28":0,"29":0,"30":0,"31":0},"f":{"0":0,"1":0,"2":0,"3":0,"4":0,"5":0,"6":0,"7":0,"8":0},"b":{"0":[0,0],"1":[0,0],"2":[0,0],"3":[0,0],"4":[0,0],"5":[0,0],"6":[0,0,0],"7":[0,0],"8":[0,0],"9":[0,0],"10":[0,0],"11":[0,0],"12":[0,0],"13":[0,0],"14":[0,0]},"meta":{"lastBranch":15,"lastFunction":9,"lastStatement":32,"seen":{"s:5:20:5:Infinity":0,"s:6:45:11:Infinity":1,"f:13:14:13:24":0,"s:14:21:19:Infinity":2,"b:20:8:20:Infinity:undefined:undefined:undefined:undefined":0,"s:20:8:20:Infinity":3,"s:20:23:20:Infinity":4,"b:21:8:25:Infinity:undefined:undefined:undefined:undefined":1,"s:21:8:25:Infinity":5,"b:21:12:21:21:21:21:21:39":2,"s:22:12:24:Infinity":6,"s:23:16:23:Infinity":7,"s:26:8:26:Infinity":8,"f:29:14:29:26":1,"b:30:8:30:Infinity:undefined:undefined:undefined:undefined":3,"s:30:8:30:Infinity":9,"s:30:40:30:Infinity":10,"s:31:25:31:Infinity":11,"b:32:8:32:Infinity:undefined:undefined:undefined:undefined":4,"s:32:8:32:Infinity":12,"s:32:37:32:Infinity":13,"s:33:8:36:Infinity":14,"f:34:20:34:21":2,"s:34:52:34:69":15,"f:35:17:35:18":3,"s:35:49:35:65":16,"f:39:14:39:31":4,"b:40:8:42:Infinity:undefined:undefined:undefined:undefined":5,"s:40:8:42:Infinity":17,"b:40:13:40:40:40:40:40:68:40:68:40:86":6,"s:41:12:41:Infinity":18,"s:43:8:43:Infinity":19,"f:46:14:46:29":5,"b:47:8:47:Infinity:undefined:undefined:undefined:undefined":7,"s:47:8:47:Infinity":20,"s:47:40:47:Infinity":21,"s:48:25:48:Infinity":22,"b:49:8:49:Infinity:undefined:undefined:undefined:undefined":8,"s:49:8:49:Infinity":23,"s:49:37:49:Infinity":24,"s:50:8:55:Infinity":25,"f:51:20:51:21":6,"s:51:52:51:73":26,"f:52:17:52:18":7,"s:52:50:55:14":27,"f:58:14:58:32":8,"b:59:8:67:Infinity:undefined:undefined:undefined:undefined":9,"s:59:8:67:Infinity":28,"b:59:12:59:39:59:39:59:52":10,"s:60:26:60:Infinity":29,"s:61:12:66:Infinity":30,"b:62:23:62:45:62:45:62:Infinity":11,"b:63:24:63:47:63:47:63:Infinity":12,"b:64:27:64:60:64:60:64:Infinity":13,"b:65:31:65:68:65:68:65:Infinity":14,"s:68:8:68:Infinity":31}}}
,"/Users/casu/Documents/Colony/src/llm/providers/CodexProvider.ts": {"path":"/Users/casu/Documents/Colony/src/llm/providers/CodexProvider.ts","statementMap":{"0":{"start":{"line":5,"column":20},"end":{"line":5,"column":null}},"1":{"start":{"line":6,"column":45},"end":{"line":11,"column":null}},"2":{"start":{"line":14,"column":21},"end":{"line":14,"column":null}},"3":{"start":{"line":15,"column":8},"end":{"line":15,"column":null}},"4":{"start":{"line":15,"column":23},"end":{"line":15,"column":null}},"5":{"start":{"line":16,"column":8},"end":{"line":20,"column":null}},"6":{"start":{"line":17,"column":12},"end":{"line":19,"column":null}},"7":{"start":{"line":18,"column":16},"end":{"line":18,"column":null}},"8":{"start":{"line":22,"column":8},"end":{"line":22,"column":null}},"9":{"start":{"line":26,"column":21},"end":{"line":26,"column":null}},"10":{"start":{"line":27,"column":8},"end":{"line":29,"column":null}},"11":{"start":{"line":28,"column":12},"end":{"line":28,"column":null}},"12":{"start":{"line":30,"column":8},"end":{"line":32,"column":null}},"13":{"start":{"line":31,"column":12},"end":{"line":31,"column":null}},"14":{"start":{"line":33,"column":8},"end":{"line":33,"column":null}},"15":{"start":{"line":37,"column":8},"end":{"line":39,"column":null}},"16":{"start":{"line":38,"column":12},"end":{"line":38,"column":null}},"17":{"start":{"line":40,"column":8},"end":{"line":42,"column":null}},"18":{"start":{"line":41,"column":12},"end":{"line":41,"column":null}},"19":{"start":{"line":43,"column":8},"end":{"line":43,"column":null}},"20":{"start":{"line":47,"column":8},"end":{"line":55,"column":null}},"21":{"start":{"line":48,"column":25},"end":{"line":48,"column":null}},"22":{"start":{"line":49,"column":12},"end":{"line":54,"column":null}},"23":{"start":{"line":50,"column":16},"end":{"line":53,"column":null}},"24":{"start":{"line":56,"column":8},"end":{"line":61,"column":null}},"25":{"start":{"line":57,"column":12},"end":{"line":60,"column":null}},"26":{"start":{"line":62,"column":8},"end":{"line":62,"column":null}},"27":{"start":{"line":66,"column":8},"end":{"line":73,"column":null}},"28":{"start":{"line":67,"column":26},"end":{"line":67,"column":null}},"29":{"start":{"line":68,"column":12},"end":{"line":72,"column":null}},"30":{"start":{"line":74,"column":8},"end":{"line":82,"column":null}},"31":{"start":{"line":75,"column":26},"end":{"line":75,"column":null}},"32":{"start":{"line":76,"column":12},"end":{"line":81,"column":null}},"33":{"start":{"line":83,"column":8},"end":{"line":83,"column":null}}},"fnMap":{"0":{"name":"(anonymous_0)","decl":{"start":{"line":13,"column":14},"end":{"line":13,"column":24}},"loc":{"start":{"line":13,"column":94},"end":{"line":23,"column":null}},"line":13},"1":{"name":"(anonymous_1)","decl":{"start":{"line":25,"column":14},"end":{"line":25,"column":26}},"loc":{"start":{"line":25,"column":73},"end":{"line":34,"column":null}},"line":25},"2":{"name":"(anonymous_2)","decl":{"start":{"line":36,"column":14},"end":{"line":36,"column":31}},"loc":{"start":{"line":36,"column":78},"end":{"line":44,"column":null}},"line":36},"3":{"name":"(anonymous_3)","decl":{"start":{"line":46,"column":14},"end":{"line":46,"column":29}},"loc":{"start":{"line":46,"column":73},"end":{"line":63,"column":null}},"line":46},"4":{"name":"(anonymous_4)","decl":{"start":{"line":65,"column":14},"end":{"line":65,"column":32}},"loc":{"start":{"line":65,"column":83},"end":{"line":84,"column":null}},"line":65}},"branchMap":{"0":{"loc":{"start":{"line":15,"column":8},"end":{"line":15,"column":null}},"type":"if","locations":[{"start":{"line":15,"column":8},"end":{"line":15,"column":null}},{"start":{},"end":{}}],"line":15},"1":{"loc":{"start":{"line":16,"column":8},"end":{"line":20,"column":null}},"type":"if","locations":[{"start":{"line":16,"column":8},"end":{"line":20,"column":null}},{"start":{},"end":{}}],"line":16},"2":{"loc":{"start":{"line":16,"column":12},"end":{"line":16,"column":39}},"type":"binary-expr","locations":[{"start":{"line":16,"column":12},"end":{"line":16,"column":21}},{"start":{"line":16,"column":21},"end":{"line":16,"column":39}}],"line":16},"3":{"loc":{"start":{"line":27,"column":8},"end":{"line":29,"column":null}},"type":"if","locations":[{"start":{"line":27,"column":8},"end":{"line":29,"column":null}},{"start":{},"end":{}}],"line":27},"4":{"loc":{"start":{"line":27,"column":12},"end":{"line":27,"column":79}},"type":"binary-expr","locations":[{"start":{"line":27,"column":12},"end":{"line":27,"column":47}},{"start":{"line":27,"column":47},"end":{"line":27,"column":79}}],"line":27},"5":{"loc":{"start":{"line":28,"column":20},"end":{"line":28,"column":null}},"type":"binary-expr","locations":[{"start":{"line":28,"column":20},"end":{"line":28,"column":44}},{"start":{"line":28,"column":44},"end":{"line":28,"column":null}}],"line":28},"6":{"loc":{"start":{"line":30,"column":8},"end":{"line":32,"column":null}},"type":"if","locations":[{"start":{"line":30,"column":8},"end":{"line":32,"column":null}},{"start":{},"end":{}}],"line":30},"7":{"loc":{"start":{"line":30,"column":12},"end":{"line":30,"column":68}},"type":"binary-expr","locations":[{"start":{"line":30,"column":12},"end":{"line":30,"column":40}},{"start":{"line":30,"column":40},"end":{"line":30,"column":68}}],"line":30},"8":{"loc":{"start":{"line":31,"column":20},"end":{"line":31,"column":null}},"type":"binary-expr","locations":[{"start":{"line":31,"column":20},"end":{"line":31,"column":48}},{"start":{"line":31,"column":48},"end":{"line":31,"column":null}}],"line":31},"9":{"loc":{"start":{"line":37,"column":8},"end":{"line":39,"column":null}},"type":"if","locations":[{"start":{"line":37,"column":8},"end":{"line":39,"column":null}},{"start":{},"end":{}}],"line":37},"10":{"loc":{"start":{"line":37,"column":12},"end":{"line":37,"column":64}},"type":"binary-expr","locations":[{"start":{"line":37,"column":12},"end":{"line":37,"column":47}},{"start":{"line":37,"column":47},"end":{"line":37,"column":64}}],"line":37},"11":{"loc":{"start":{"line":40,"column":8},"end":{"line":42,"column":null}},"type":"if","locations":[{"start":{"line":40,"column":8},"end":{"line":42,"column":null}},{"start":{},"end":{}}],"line":40},"12":{"loc":{"start":{"line":40,"column":8},"end":{"line":40,"column":84}},"type":"binary-expr","locations":[{"start":{"line":40,"column":13},"end":{"line":40,"column":38}},{"start":{"line":40,"column":38},"end":{"line":40,"column":66}},{"start":{"line":40,"column":66},"end":{"line":40,"column":84}}],"line":40},"13":{"loc":{"start":{"line":47,"column":8},"end":{"line":55,"column":null}},"type":"if","locations":[{"start":{"line":47,"column":8},"end":{"line":55,"column":null}},{"start":{},"end":{}}],"line":47},"14":{"loc":{"start":{"line":47,"column":12},"end":{"line":47,"column":59}},"type":"binary-expr","locations":[{"start":{"line":47,"column":12},"end":{"line":47,"column":47}},{"start":{"line":47,"column":47},"end":{"line":47,"column":59}}],"line":47},"15":{"loc":{"start":{"line":49,"column":12},"end":{"line":54,"column":null}},"type":"if","locations":[{"start":{"line":49,"column":12},"end":{"line":54,"column":null}},{"start":{},"end":{}}],"line":49},"16":{"loc":{"start":{"line":56,"column":8},"end":{"line":61,"column":null}},"type":"if","locations":[{"start":{"line":56,"column":8},"end":{"line":61,"column":null}},{"start":{},"end":{}}],"line":56},"17":{"loc":{"start":{"line":59,"column":24},"end":{"line":59,"column":null}},"type":"binary-expr","locations":[{"start":{"line":59,"column":24},"end":{"line":59,"column":43}},{"start":{"line":59,"column":43},"end":{"line":59,"column":null}}],"line":59},"18":{"loc":{"start":{"line":66,"column":8},"end":{"line":73,"column":null}},"type":"if","locations":[{"start":{"line":66,"column":8},"end":{"line":73,"column":null}},{"start":{},"end":{}}],"line":66},"19":{"loc":{"start":{"line":66,"column":12},"end":{"line":66,"column":60}},"type":"binary-expr","locations":[{"start":{"line":66,"column":12},"end":{"line":66,"column":47}},{"start":{"line":66,"column":47},"end":{"line":66,"column":60}}],"line":66},"20":{"loc":{"start":{"line":69,"column":23},"end":{"line":69,"column":null}},"type":"binary-expr","locations":[{"start":{"line":69,"column":23},"end":{"line":69,"column":45}},{"start":{"line":69,"column":45},"end":{"line":69,"column":null}}],"line":69},"21":{"loc":{"start":{"line":70,"column":24},"end":{"line":70,"column":null}},"type":"binary-expr","locations":[{"start":{"line":70,"column":24},"end":{"line":70,"column":47}},{"start":{"line":70,"column":47},"end":{"line":70,"column":null}}],"line":70},"22":{"loc":{"start":{"line":71,"column":27},"end":{"line":71,"column":null}},"type":"binary-expr","locations":[{"start":{"line":71,"column":27},"end":{"line":71,"column":56}},{"start":{"line":71,"column":56},"end":{"line":71,"column":null}}],"line":71},"23":{"loc":{"start":{"line":74,"column":8},"end":{"line":82,"column":null}},"type":"if","locations":[{"start":{"line":74,"column":8},"end":{"line":82,"column":null}},{"start":{},"end":{}}],"line":74},"24":{"loc":{"start":{"line":74,"column":12},"end":{"line":74,"column":52}},"type":"binary-expr","locations":[{"start":{"line":74,"column":12},"end":{"line":74,"column":39}},{"start":{"line":74,"column":39},"end":{"line":74,"column":52}}],"line":74},"25":{"loc":{"start":{"line":77,"column":23},"end":{"line":77,"column":null}},"type":"binary-expr","locations":[{"start":{"line":77,"column":23},"end":{"line":77,"column":45}},{"start":{"line":77,"column":45},"end":{"line":77,"column":null}}],"line":77},"26":{"loc":{"start":{"line":78,"column":24},"end":{"line":78,"column":null}},"type":"binary-expr","locations":[{"start":{"line":78,"column":24},"end":{"line":78,"column":47}},{"start":{"line":78,"column":47},"end":{"line":78,"column":null}}],"line":78},"27":{"loc":{"start":{"line":79,"column":27},"end":{"line":79,"column":null}},"type":"binary-expr","locations":[{"start":{"line":79,"column":27},"end":{"line":79,"column":60}},{"start":{"line":79,"column":60},"end":{"line":79,"column":null}}],"line":79},"28":{"loc":{"start":{"line":80,"column":31},"end":{"line":80,"column":null}},"type":"binary-expr","locations":[{"start":{"line":80,"column":31},"end":{"line":80,"column":68}},{"start":{"line":80,"column":68},"end":{"line":80,"column":null}}],"line":80}},"s":{"0":1,"1":1,"2":0,"3":0,"4":0,"5":0,"6":0,"7":0,"8":0,"9":0,"10":0,"11":0,"12":0,"13":0,"14":0,"15":0,"16":0,"17":0,"18":0,"19":0,"20":0,"21":0,"22":0,"23":0,"24":0,"25":0,"26":0,"27":0,"28":0,"29":0,"30":0,"31":0,"32":0,"33":0},"f":{"0":0,"1":0,"2":0,"3":0,"4":0},"b":{"0":[0,0],"1":[0,0],"2":[0,0],"3":[0,0],"4":[0,0],"5":[0,0],"6":[0,0],"7":[0,0],"8":[0,0],"9":[0,0],"10":[0,0],"11":[0,0],"12":[0,0,0],"13":[0,0],"14":[0,0],"15":[0,0],"16":[0,0],"17":[0,0],"18":[0,0],"19":[0,0],"20":[0,0],"21":[0,0],"22":[0,0],"23":[0,0],"24":[0,0],"25":[0,0],"26":[0,0],"27":[0,0],"28":[0,0]},"meta":{"lastBranch":29,"lastFunction":5,"lastStatement":34,"seen":{"s:5:20:5:Infinity":0,"s:6:45:11:Infinity":1,"f:13:14:13:24":0,"s:14:21:14:Infinity":2,"b:15:8:15:Infinity:undefined:undefined:undefined:undefined":0,"s:15:8:15:Infinity":3,"s:15:23:15:Infinity":4,"b:16:8:20:Infinity:undefined:undefined:undefined:undefined":1,"s:16:8:20:Infinity":5,"b:16:12:16:21:16:21:16:39":2,"s:17:12:19:Infinity":6,"s:18:16:18:Infinity":7,"s:22:8:22:Infinity":8,"f:25:14:25:26":1,"s:26:21:26:Infinity":9,"b:27:8:29:Infinity:undefined:undefined:undefined:undefined":3,"s:27:8:29:Infinity":10,"b:27:12:27:47:27:47:27:79":4,"s:28:12:28:Infinity":11,"b:28:20:28:44:28:44:28:Infinity":5,"b:30:8:32:Infinity:undefined:undefined:undefined:undefined":6,"s:30:8:32:Infinity":12,"b:30:12:30:40:30:40:30:68":7,"s:31:12:31:Infinity":13,"b:31:20:31:48:31:48:31:Infinity":8,"s:33:8:33:Infinity":14,"f:36:14:36:31":2,"b:37:8:39:Infinity:undefined:undefined:undefined:undefined":9,"s:37:8:39:Infinity":15,"b:37:12:37:47:37:47:37:64":10,"s:38:12:38:Infinity":16,"b:40:8:42:Infinity:undefined:undefined:undefined:undefined":11,"s:40:8:42:Infinity":17,"b:40:13:40:38:40:38:40:66:40:66:40:84":12,"s:41:12:41:Infinity":18,"s:43:8:43:Infinity":19,"f:46:14:46:29":3,"b:47:8:55:Infinity:undefined:undefined:undefined:undefined":13,"s:47:8:55:Infinity":20,"b:47:12:47:47:47:47:47:59":14,"s:48:25:48:Infinity":21,"b:49:12:54:Infinity:undefined:undefined:undefined:undefined":15,"s:49:12:54:Infinity":22,"s:50:16:53:Infinity":23,"b:56:8:61:Infinity:undefined:undefined:undefined:undefined":16,"s:56:8:61:Infinity":24,"s:57:12:60:Infinity":25,"b:59:24:59:43:59:43:59:Infinity":17,"s:62:8:62:Infinity":26,"f:65:14:65:32":4,"b:66:8:73:Infinity:undefined:undefined:undefined:undefined":18,"s:66:8:73:Infinity":27,"b:66:12:66:47:66:47:66:60":19,"s:67:26:67:Infinity":28,"s:68:12:72:Infinity":29,"b:69:23:69:45:69:45:69:Infinity":20,"b:70:24:70:47:70:47:70:Infinity":21,"b:71:27:71:56:71:56:71:Infinity":22,"b:74:8:82:Infinity:undefined:undefined:undefined:undefined":23,"s:74:8:82:Infinity":30,"b:74:12:74:39:74:39:74:52":24,"s:75:26:75:Infinity":31,"s:76:12:81:Infinity":32,"b:77:23:77:45:77:45:77:Infinity":25,"b:78:24:78:47:78:47:78:Infinity":26,"b:79:27:79:60:79:60:79:Infinity":27,"b:80:31:80:68:80:68:80:Infinity":28,"s:83:8:83:Infinity":33}}}
,"/Users/casu/Documents/Colony/src/llm/providers/GeminiProvider.ts": {"path":"/Users/casu/Documents/Colony/src/llm/providers/GeminiProvider.ts","statementMap":{"0":{"start":{"line":5,"column":12},"end":{"line":5,"column":null}},"1":{"start":{"line":8,"column":20},"end":{"line":8,"column":null}},"2":{"start":{"line":9,"column":45},"end":{"line":14,"column":null}},"3":{"start":{"line":17,"column":21},"end":{"line":17,"column":null}},"4":{"start":{"line":18,"column":8},"end":{"line":18,"column":null}},"5":{"start":{"line":18,"column":23},"end":{"line":18,"column":null}},"6":{"start":{"line":19,"column":8},"end":{"line":21,"column":null}},"7":{"start":{"line":20,"column":12},"end":{"line":20,"column":null}},"8":{"start":{"line":22,"column":8},"end":{"line":22,"column":null}},"9":{"start":{"line":26,"column":8},"end":{"line":28,"column":null}},"10":{"start":{"line":27,"column":12},"end":{"line":27,"column":null}},"11":{"start":{"line":29,"column":8},"end":{"line":29,"column":null}},"12":{"start":{"line":33,"column":8},"end":{"line":35,"column":null}},"13":{"start":{"line":34,"column":12},"end":{"line":34,"column":null}},"14":{"start":{"line":36,"column":8},"end":{"line":36,"column":null}},"15":{"start":{"line":40,"column":8},"end":{"line":45,"column":null}},"16":{"start":{"line":41,"column":12},"end":{"line":44,"column":null}},"17":{"start":{"line":46,"column":8},"end":{"line":46,"column":null}},"18":{"start":{"line":50,"column":8},"end":{"line":53,"column":null}},"19":{"start":{"line":51,"column":27},"end":{"line":51,"column":null}},"20":{"start":{"line":52,"column":12},"end":{"line":52,"column":null}},"21":{"start":{"line":54,"column":8},"end":{"line":54,"column":null}}},"fnMap":{"0":{"name":"(anonymous_0)","decl":{"start":{"line":16,"column":14},"end":{"line":16,"column":24}},"loc":{"start":{"line":16,"column":94},"end":{"line":23,"column":null}},"line":16},"1":{"name":"(anonymous_1)","decl":{"start":{"line":25,"column":14},"end":{"line":25,"column":26}},"loc":{"start":{"line":25,"column":73},"end":{"line":30,"column":null}},"line":25},"2":{"name":"(anonymous_2)","decl":{"start":{"line":32,"column":14},"end":{"line":32,"column":31}},"loc":{"start":{"line":32,"column":78},"end":{"line":37,"column":null}},"line":32},"3":{"name":"(anonymous_3)","decl":{"start":{"line":39,"column":14},"end":{"line":39,"column":29}},"loc":{"start":{"line":39,"column":73},"end":{"line":47,"column":null}},"line":39},"4":{"name":"(anonymous_4)","decl":{"start":{"line":49,"column":14},"end":{"line":49,"column":32}},"loc":{"start":{"line":49,"column":83},"end":{"line":55,"column":null}},"line":49}},"branchMap":{"0":{"loc":{"start":{"line":18,"column":8},"end":{"line":18,"column":null}},"type":"if","locations":[{"start":{"line":18,"column":8},"end":{"line":18,"column":null}},{"start":{},"end":{}}],"line":18},"1":{"loc":{"start":{"line":19,"column":8},"end":{"line":21,"column":null}},"type":"if","locations":[{"start":{"line":19,"column":8},"end":{"line":21,"column":null}},{"start":{},"end":{}}],"line":19},"2":{"loc":{"start":{"line":19,"column":12},"end":{"line":19,"column":39}},"type":"binary-expr","locations":[{"start":{"line":19,"column":12},"end":{"line":19,"column":21}},{"start":{"line":19,"column":21},"end":{"line":19,"column":39}}],"line":19},"3":{"loc":{"start":{"line":26,"column":8},"end":{"line":28,"column":null}},"type":"if","locations":[{"start":{"line":26,"column":8},"end":{"line":28,"column":null}},{"start":{},"end":{}}],"line":26},"4":{"loc":{"start":{"line":26,"column":12},"end":{"line":26,"column":68}},"type":"binary-expr","locations":[{"start":{"line":26,"column":12},"end":{"line":26,"column":40}},{"start":{"line":26,"column":40},"end":{"line":26,"column":68}}],"line":26},"5":{"loc":{"start":{"line":27,"column":20},"end":{"line":27,"column":null}},"type":"binary-expr","locations":[{"start":{"line":27,"column":20},"end":{"line":27,"column":48}},{"start":{"line":27,"column":48},"end":{"line":27,"column":null}}],"line":27},"6":{"loc":{"start":{"line":33,"column":8},"end":{"line":35,"column":null}},"type":"if","locations":[{"start":{"line":33,"column":8},"end":{"line":35,"column":null}},{"start":{},"end":{}}],"line":33},"7":{"loc":{"start":{"line":33,"column":12},"end":{"line":33,"column":55}},"type":"binary-expr","locations":[{"start":{"line":33,"column":12},"end":{"line":33,"column":37}},{"start":{"line":33,"column":37},"end":{"line":33,"column":55}}],"line":33},"8":{"loc":{"start":{"line":40,"column":8},"end":{"line":45,"column":null}},"type":"if","locations":[{"start":{"line":40,"column":8},"end":{"line":45,"column":null}},{"start":{},"end":{}}],"line":40},"9":{"loc":{"start":{"line":43,"column":24},"end":{"line":43,"column":null}},"type":"binary-expr","locations":[{"start":{"line":43,"column":24},"end":{"line":43,"column":44}},{"start":{"line":43,"column":44},"end":{"line":43,"column":null}}],"line":43},"10":{"loc":{"start":{"line":50,"column":8},"end":{"line":53,"column":null}},"type":"if","locations":[{"start":{"line":50,"column":8},"end":{"line":53,"column":null}},{"start":{},"end":{}}],"line":50},"11":{"loc":{"start":{"line":50,"column":12},"end":{"line":50,"column":69}},"type":"binary-expr","locations":[{"start":{"line":50,"column":12},"end":{"line":50,"column":40}},{"start":{"line":50,"column":40},"end":{"line":50,"column":55}},{"start":{"line":50,"column":55},"end":{"line":50,"column":69}}],"line":50},"12":{"loc":{"start":{"line":51,"column":27},"end":{"line":51,"column":null}},"type":"binary-expr","locations":[{"start":{"line":51,"column":27},"end":{"line":51,"column":42}},{"start":{"line":51,"column":42},"end":{"line":51,"column":null}}],"line":51},"13":{"loc":{"start":{"line":52,"column":28},"end":{"line":52,"column":53}},"type":"binary-expr","locations":[{"start":{"line":52,"column":28},"end":{"line":52,"column":50}},{"start":{"line":52,"column":50},"end":{"line":52,"column":53}}],"line":52},"14":{"loc":{"start":{"line":52,"column":61},"end":{"line":52,"column":86}},"type":"binary-expr","locations":[{"start":{"line":52,"column":61},"end":{"line":52,"column":84}},{"start":{"line":52,"column":84},"end":{"line":52,"column":86}}],"line":52}},"s":{"0":1,"1":1,"2":1,"3":1,"4":1,"5":0,"6":1,"7":0,"8":1,"9":3,"10":1,"11":2,"12":3,"13":1,"14":2,"15":3,"16":0,"17":3,"18":3,"19":1,"20":1,"21":2},"f":{"0":1,"1":3,"2":3,"3":3,"4":3},"b":{"0":[0,1],"1":[0,1],"2":[1,1],"3":[1,2],"4":[3,1],"5":[1,0],"6":[1,2],"7":[3,1],"8":[0,3],"9":[0,0],"10":[1,2],"11":[3,1,0],"12":[1,0],"13":[1,0],"14":[1,0]},"meta":{"lastBranch":15,"lastFunction":5,"lastStatement":22,"seen":{"s:5:12:5:Infinity":0,"s:8:20:8:Infinity":1,"s:9:45:14:Infinity":2,"f:16:14:16:24":0,"s:17:21:17:Infinity":3,"b:18:8:18:Infinity:undefined:undefined:undefined:undefined":0,"s:18:8:18:Infinity":4,"s:18:23:18:Infinity":5,"b:19:8:21:Infinity:undefined:undefined:undefined:undefined":1,"s:19:8:21:Infinity":6,"b:19:12:19:21:19:21:19:39":2,"s:20:12:20:Infinity":7,"s:22:8:22:Infinity":8,"f:25:14:25:26":1,"b:26:8:28:Infinity:undefined:undefined:undefined:undefined":3,"s:26:8:28:Infinity":9,"b:26:12:26:40:26:40:26:68":4,"s:27:12:27:Infinity":10,"b:27:20:27:48:27:48:27:Infinity":5,"s:29:8:29:Infinity":11,"f:32:14:32:31":2,"b:33:8:35:Infinity:undefined:undefined:undefined:undefined":6,"s:33:8:35:Infinity":12,"b:33:12:33:37:33:37:33:55":7,"s:34:12:34:Infinity":13,"s:36:8:36:Infinity":14,"f:39:14:39:29":3,"b:40:8:45:Infinity:undefined:undefined:undefined:undefined":8,"s:40:8:45:Infinity":15,"s:41:12:44:Infinity":16,"b:43:24:43:44:43:44:43:Infinity":9,"s:46:8:46:Infinity":17,"f:49:14:49:32":4,"b:50:8:53:Infinity:undefined:undefined:undefined:undefined":10,"s:50:8:53:Infinity":18,"b:50:12:50:40:50:40:50:55:50:55:50:69":11,"s:51:27:51:Infinity":19,"b:51:27:51:42:51:42:51:Infinity":12,"s:52:12:52:Infinity":20,"b:52:28:52:50:52:50:52:53":13,"b:52:61:52:84:52:84:52:86":14,"s:54:8:54:Infinity":21}}}
,"/Users/casu/Documents/Colony/src/utils/Logger.ts": {"path":"/Users/casu/Documents/Colony/src/utils/Logger.ts","statementMap":{"0":{"start":{"line":10,"column":46},"end":{"line":15,"column":null}},"1":{"start":{"line":17,"column":47},"end":{"line":22,"column":null}},"2":{"start":{"line":24,"column":14},"end":{"line":24,"column":null}},"3":{"start":{"line":26,"column":28},"end":{"line":26,"column":null}},"4":{"start":{"line":29,"column":4},"end":{"line":29,"column":null}},"5":{"start":{"line":33,"column":24},"end":{"line":33,"column":43}},"6":{"start":{"line":36,"column":8},"end":{"line":36,"column":null}},"7":{"start":{"line":40,"column":8},"end":{"line":40,"column":null}},"8":{"start":{"line":44,"column":8},"end":{"line":44,"column":null}},"9":{"start":{"line":48,"column":8},"end":{"line":48,"column":null}},"10":{"start":{"line":52,"column":8},"end":{"line":52,"column":null}},"11":{"start":{"line":52,"column":59},"end":{"line":52,"column":null}},"12":{"start":{"line":53,"column":14},"end":{"line":53,"column":null}},"13":{"start":{"line":54,"column":22},"end":{"line":54,"column":null}},"14":{"start":{"line":55,"column":23},"end":{"line":55,"column":null}},"15":{"start":{"line":58,"column":8},"end":{"line":58,"column":null}},"16":{"start":{"line":61,"column":8},"end":{"line":63,"column":null}},"17":{"start":{"line":62,"column":12},"end":{"line":62,"column":null}},"18":{"start":{"line":70,"column":8},"end":{"line":85,"column":null}},"19":{"start":{"line":71,"column":27},"end":{"line":71,"column":null}},"20":{"start":{"line":72,"column":12},"end":{"line":74,"column":null}},"21":{"start":{"line":73,"column":16},"end":{"line":73,"column":null}},"22":{"start":{"line":76,"column":28},"end":{"line":76,"column":null}},"23":{"start":{"line":77,"column":28},"end":{"line":77,"column":null}},"24":{"start":{"line":79,"column":18},"end":{"line":79,"column":null}},"25":{"start":{"line":80,"column":29},"end":{"line":80,"column":null}},"26":{"start":{"line":82,"column":12},"end":{"line":82,"column":null}}},"fnMap":{"0":{"name":"setLogLevel","decl":{"start":{"line":28,"column":16},"end":{"line":28,"column":28}},"loc":{"start":{"line":28,"column":51},"end":{"line":30,"column":null}},"line":28},"1":{"name":"(anonymous_1)","decl":{"start":{"line":33,"column":4},"end":{"line":33,"column":24}},"loc":{"start":{"line":33,"column":43},"end":{"line":33,"column":null}},"line":33},"2":{"name":"(anonymous_2)","decl":{"start":{"line":35,"column":4},"end":{"line":35,"column":10}},"loc":{"start":{"line":35,"column":49},"end":{"line":37,"column":null}},"line":35},"3":{"name":"(anonymous_3)","decl":{"start":{"line":39,"column":4},"end":{"line":39,"column":9}},"loc":{"start":{"line":39,"column":48},"end":{"line":41,"column":null}},"line":39},"4":{"name":"(anonymous_4)","decl":{"start":{"line":43,"column":4},"end":{"line":43,"column":9}},"loc":{"start":{"line":43,"column":48},"end":{"line":45,"column":null}},"line":43},"5":{"name":"(anonymous_5)","decl":{"start":{"line":47,"column":4},"end":{"line":47,"column":10}},"loc":{"start":{"line":47,"column":49},"end":{"line":49,"column":null}},"line":47},"6":{"name":"(anonymous_6)","decl":{"start":{"line":51,"column":12},"end":{"line":51,"column":16}},"loc":{"start":{"line":51,"column":72},"end":{"line":64,"column":null}},"line":51},"7":{"name":"(anonymous_7)","decl":{"start":{"line":69,"column":12},"end":{"line":69,"column":22}},"loc":{"start":{"line":69,"column":90},"end":{"line":86,"column":null}},"line":69}},"branchMap":{"0":{"loc":{"start":{"line":52,"column":8},"end":{"line":52,"column":null}},"type":"if","locations":[{"start":{"line":52,"column":8},"end":{"line":52,"column":null}},{"start":{},"end":{}}],"line":52},"1":{"loc":{"start":{"line":61,"column":8},"end":{"line":63,"column":null}},"type":"if","locations":[{"start":{"line":61,"column":8},"end":{"line":63,"column":null}},{"start":{},"end":{}}],"line":61},"2":{"loc":{"start":{"line":71,"column":27},"end":{"line":71,"column":null}},"type":"binary-expr","locations":[{"start":{"line":71,"column":27},"end":{"line":71,"column":50}},{"start":{"line":71,"column":50},"end":{"line":71,"column":null}}],"line":71},"3":{"loc":{"start":{"line":72,"column":12},"end":{"line":74,"column":null}},"type":"if","locations":[{"start":{"line":72,"column":12},"end":{"line":74,"column":null}},{"start":{},"end":{}}],"line":72}},"s":{"0":1,"1":1,"2":1,"3":1,"4":0,"5":3,"6":3,"7":1,"8":0,"9":0,"10":4,"11":3,"12":1,"13":1,"14":1,"15":1,"16":1,"17":1,"18":1,"19":1,"20":1,"21":1,"22":1,"23":1,"24":1,"25":1,"26":1},"f":{"0":0,"1":3,"2":3,"3":1,"4":0,"5":0,"6":4,"7":1},"b":{"0":[3,1],"1":[1,0],"2":[1,1],"3":[1,0]},"meta":{"lastBranch":4,"lastFunction":8,"lastStatement":27,"seen":{"s:10:46:15:Infinity":0,"s:17:47:22:Infinity":1,"s:24:14:24:Infinity":2,"s:26:28:26:Infinity":3,"f:28:16:28:28":0,"s:29:4:29:Infinity":4,"f:33:4:33:24":1,"s:33:24:33:43":5,"f:35:4:35:10":2,"s:36:8:36:Infinity":6,"f:39:4:39:9":3,"s:40:8:40:Infinity":7,"f:43:4:43:9":4,"s:44:8:44:Infinity":8,"f:47:4:47:10":5,"s:48:8:48:Infinity":9,"f:51:12:51:16":6,"b:52:8:52:Infinity:undefined:undefined:undefined:undefined":0,"s:52:8:52:Infinity":10,"s:52:59:52:Infinity":11,"s:53:14:53:Infinity":12,"s:54:22:54:Infinity":13,"s:55:23:55:Infinity":14,"s:58:8:58:Infinity":15,"b:61:8:63:Infinity:undefined:undefined:undefined:undefined":1,"s:61:8:63:Infinity":16,"s:62:12:62:Infinity":17,"f:69:12:69:22":7,"s:70:8:85:Infinity":18,"s:71:27:71:Infinity":19,"b:71:27:71:50:71:50:71:Infinity":2,"b:72:12:74:Infinity:undefined:undefined:undefined:undefined":3,"s:72:12:74:Infinity":20,"s:73:16:73:Infinity":21,"s:76:28:76:Infinity":22,"s:77:28:77:Infinity":23,"s:79:18:79:Infinity":24,"s:80:29:80:Infinity":25,"s:82:12:82:Infinity":26}}}
}
