{"total": {"lines":{"total":263,"covered":142,"skipped":0,"pct":53.99},"statements":{"total":296,"covered":155,"skipped":0,"pct":52.36},"functions":{"total":56,"covered":26,"skipped":0,"pct":46.42},"branches":{"total":229,"covered":79,"skipped":0,"pct":34.49},"branchesTrue":{"total":0,"covered":0,"skipped":0,"pct":100}}
,"/Users/casu/Documents/Colony/src/llm/BaseCLIProvider.ts": {"lines":{"total":129,"covered":76,"skipped":0,"pct":58.91},"functions":{"total":22,"covered":11,"skipped":0,"pct":50},"statements":{"total":152,"covered":87,"skipped":0,"pct":57.23},"branches":{"total":88,"covered":47,"skipped":0,"pct":53.4}}
,"/Users/casu/Documents/Colony/src/llm/ProviderRegistry.ts": {"lines":{"total":9,"covered":8,"skipped":0,"pct":88.88},"functions":{"total":3,"covered":3,"skipped":0,"pct":100},"statements":{"total":9,"covered":8,"skipped":0,"pct":88.88},"branches":{"total":2,"covered":1,"skipped":0,"pct":50}}
,"/Users/casu/Documents/Colony/src/llm/SessionUtils.ts": {"lines":{"total":15,"covered":9,"skipped":0,"pct":60},"functions":{"total":4,"covered":2,"skipped":0,"pct":50},"statements":{"total":17,"covered":10,"skipped":0,"pct":58.82},"branches":{"total":10,"covered":4,"skipped":0,"pct":40}}
,"/Users/casu/Documents/Colony/src/llm/index.ts": {"lines":{"total":3,"covered":3,"skipped":0,"pct":100},"functions":{"total":0,"covered":0,"skipped":0,"pct":100},"statements":{"total":3,"covered":3,"skipped":0,"pct":100},"branches":{"total":0,"covered":0,"skipped":0,"pct":100}}
,"/Users/casu/Documents/Colony/src/llm/types.ts": {"lines":{"total":0,"covered":0,"skipped":0,"pct":100},"functions":{"total":0,"covered":0,"skipped":0,"pct":100},"statements":{"total":0,"covered":0,"skipped":0,"pct":100},"branches":{"total":0,"covered":0,"skipped":0,"pct":100}}
,"/Users/casu/Documents/Colony/src/llm/providers/ClaudeProvider.ts": {"lines":{"total":27,"covered":2,"skipped":0,"pct":7.4},"functions":{"total":9,"covered":0,"skipped":0,"pct":0},"statements":{"total":32,"covered":2,"skipped":0,"pct":6.25},"branches":{"total":31,"covered":0,"skipped":0,"pct":0}}
,"/Users/casu/Documents/Colony/src/llm/providers/CodexProvider.ts": {"lines":{"total":33,"covered":2,"skipped":0,"pct":6.06},"functions":{"total":5,"covered":0,"skipped":0,"pct":0},"statements":{"total":34,"covered":2,"skipped":0,"pct":5.88},"branches":{"total":59,"covered":0,"skipped":0,"pct":0}}
,"/Users/casu/Documents/Colony/src/llm/providers/GeminiProvider.ts": {"lines":{"total":21,"covered":19,"skipped":0,"pct":90.47},"functions":{"total":5,"covered":5,"skipped":0,"pct":100},"statements":{"total":22,"covered":19,"skipped":0,"pct":86.36},"branches":{"total":31,"covered":21,"skipped":0,"pct":67.74}}
,"/Users/casu/Documents/Colony/src/utils/Logger.ts": {"lines":{"total":26,"covered":23,"skipped":0,"pct":88.46},"functions":{"total":8,"covered":5,"skipped":0,"pct":62.5},"statements":{"total":27,"covered":24,"skipped":0,"pct":88.88},"branches":{"total":8,"covered":6,"skipped":0,"pct":75}}
}
